<?xml version="1.0" encoding="utf-8"?><testsuites name="pytest tests"><testsuite name="pytest" errors="0" failures="0" skipped="0" tests="65" time="14.596" timestamp="2026-06-13T06:02:03.226000+00:00" hostname="agent-env-b169f24a-ac20-4873-8045-8da1cd775346"><testcase classname="backend.tests.backend_test.TestMeta" name="test_root" time="0.133" /><testcase classname="backend.tests.backend_test.TestMeta" name="test_stats" time="0.047" /><testcase classname="backend.tests.backend_test.TestAuth" name="test_login_admin_sets_cookie" time="0.366" /><testcase classname="backend.tests.backend_test.TestAuth" name="test_me_with_cookie" time="0.367" /><testcase classname="backend.tests.backend_test.TestAuth" name="test_login_bad_password" time="0.358" /><testcase classname="backend.tests.backend_test.TestAuth" name="test_me_unauthenticated" time="0.097" /><testcase classname="backend.tests.backend_test.TestAuth" name="test_logout" time="0.407" /><testcase classname="backend.tests.backend_test.TestAuth" name="test_register_viewer" time="0.417" /><testcase classname="backend.tests.backend_test.TestEvents" name="test_list_events" time="0.045" /><testcase classname="backend.tests.backend_test.TestEvents" name="test_get_event" time="0.089" /><testcase classname="backend.tests.backend_test.TestEvents" name="test_get_event_404" time="0.041" /><testcase classname="backend.tests.backend_test.TestEvents" name="test_create_event_requires_admin" time="0.396" /><testcase classname="backend.tests.backend_test.TestEvents" name="test_create_event_unauth" time="0.107" /><testcase classname="backend.tests.backend_test.TestEvents" name="test_admin_event_full_crud" time="0.330" /><testcase classname="backend.tests.backend_test.TestTeams" name="test_list_teams" time="0.044" /><testcase classname="backend.tests.backend_test.TestTeams" name="test_list_teams_filter" time="0.084" /><testcase classname="backend.tests.backend_test.TestTeams" name="test_create_team_public" time="0.196" /><testcase classname="backend.tests.backend_test.TestTeams" name="test_team_update_requires_admin" time="0.145" /><testcase classname="backend.tests.backend_test.TestTeams" name="test_admin_team_update_delete" time="0.184" /><testcase classname="backend.tests.backend_test.TestPlayers" name="test_list_players" time="0.047" /><testcase classname="backend.tests.backend_test.TestPlayers" name="test_create_get_player" time="0.396" /><testcase classname="backend.tests.backend_test.TestPlayers" name="test_player_patch_requires_admin" time="0.227" /><testcase classname="backend.tests.backend_test.TestFixtures" name="test_existing_football_fixtures_sorted" time="0.087" /><testcase classname="backend.tests.backend_test.TestFixtures" name="test_generate_round_robin" time="0.884" /><testcase classname="backend.tests.backend_test.TestFixtures" name="test_generate_knockout_and_propagate" time="0.978" /><testcase classname="backend.tests.backend_test.TestFixtures" name="test_generate_fixtures_requires_admin" time="0.121" /><testcase classname="backend.tests.backend_test.TestFixtures" name="test_generate_needs_2_teams" time="0.209" /><testcase classname="backend.tests.backend_test.TestStandings" name="test_standings_football" time="0.132" /><testcase classname="backend.tests.backend_test.TestSponsors" name="test_list_sponsors" time="0.043" /><testcase classname="backend.tests.backend_test.TestSponsors" name="test_sponsor_admin_only" time="0.039" /><testcase classname="backend.tests.backend_test.TestSponsors" name="test_sponsor_crud" time="0.167" /><testcase classname="backend.tests.test_currency_catalog.TestServicesCatalog" name="test_seed_has_17_services" time="0.099" /><testcase classname="backend.tests.test_currency_catalog.TestServicesCatalog" name="test_inr_services_present" time="0.000" /><testcase classname="backend.tests.test_currency_catalog.TestServicesCatalog" name="test_usd_new_services_present" time="0.000" /><testcase classname="backend.tests.test_currency_catalog.TestServicesCatalog" name="test_each_service_has_currency_field" time="0.000" /><testcase classname="backend.tests.test_currency_catalog.TestNewServiceConfig" name="test_photography_fields" time="0.000" /><testcase classname="backend.tests.test_currency_catalog.TestNewServiceConfig" name="test_videography_fields" time="0.000" /><testcase classname="backend.tests.test_currency_catalog.TestNewServiceConfig" name="test_drone_fields" time="0.000" /><testcase classname="backend.tests.test_currency_catalog.TestNewServiceConfig" name="test_anchor_fields" time="0.000" /><testcase classname="backend.tests.test_currency_catalog.TestNewServiceConfig" name="test_dj_fields" time="0.000" /><testcase classname="backend.tests.test_currency_catalog.TestNewServiceConfig" name="test_catering_fields" time="0.000" /><testcase classname="backend.tests.test_currency_catalog.TestNewServiceConfig" name="test_medals_fields_and_variants" time="0.000" /><testcase classname="backend.tests.test_currency_catalog.TestNewServiceConfig" name="test_banners_fields_and_variants" time="0.000" /><testcase classname="backend.tests.test_currency_catalog.TestNewServiceConfig" name="test_first_aid_fields" time="0.000" /><testcase classname="backend.tests.test_currency_catalog.TestNewServiceConfig" name="test_match_officials_fields" time="0.000" /><testcase classname="backend.tests.test_currency_catalog.TestServiceCurrencyPatch" name="test_admin_can_patch_currency" time="0.698" /><testcase classname="backend.tests.test_currency_catalog.TestBookingCurrency" name="test_booking_inr_service_carries_inr_currency" time="0.455" /><testcase classname="backend.tests.test_currency_catalog.TestBookingCurrency" name="test_booking_usd_service_carries_usd" time="0.094" /><testcase classname="backend.tests.test_currency_catalog.TestIdempotentSeed" name="test_service_count_stable" time="0.191" /><testcase classname="backend.tests.test_multitenant.TestRoles" name="test_platform_admin_role" time="0.317" /><testcase classname="backend.tests.test_multitenant.TestRoles" name="test_company_admin_role" time="0.317" /><testcase classname="backend.tests.test_multitenant.TestCompanySignup" name="test_signup_creates_company_and_admin" time="0.372" /><testcase classname="backend.tests.test_multitenant.TestCompanySignup" name="test_signup_duplicate_email" time="0.100" /><testcase classname="backend.tests.test_multitenant.TestServices" name="test_list_services_seed" time="0.097" /><testcase classname="backend.tests.test_multitenant.TestServices" name="test_services_crud_rbac" time="0.305" /><testcase classname="backend.tests.test_multitenant.TestBookings" name="test_trophy_booking_pricing" time="0.214" /><testcase classname="backend.tests.test_multitenant.TestBookings" name="test_crystal_variant_pricing" time="0.182" /><testcase classname="backend.tests.test_multitenant.TestBookings" name="test_list_bookings_scoped" time="2.414" /><testcase classname="backend.tests.test_multitenant.TestBookings" name="test_status_update_rbac" time="0.314" /><testcase classname="backend.tests.test_multitenant.TestBookings" name="test_booking_unauthenticated_forbidden" time="0.201" /><testcase classname="backend.tests.test_multitenant.TestEventTenancy" name="test_company_admin_event_stamped" time="0.195" /><testcase classname="backend.tests.test_multitenant.TestEventTenancy" name="test_company_admin_cannot_edit_other_company_event" time="0.506" /><testcase classname="backend.tests.test_multitenant.TestStats" name="test_global_stats" time="0.100" /><testcase classname="backend.tests.test_multitenant.TestStats" name="test_company_stats_scoped" time="0.077" /><testcase classname="backend.tests.test_multitenant.TestStats" name="test_company_stats_requires_company_admin" time="0.047" /></testsuite></testsuites>