<?xml version="1.0" encoding="utf-8"?><testsuites name="pytest tests"><testsuite name="pytest" errors="0" failures="1" skipped="0" tests="15" time="5.229" timestamp="2026-07-09T06:02:03.431485+00:00" hostname="agent-env-b169f24a-ac20-4873-8045-8da1cd775346"><testcase classname="backend.tests.test_batch_bugs_iter40.TestEventAutoComplete" name="test_event_with_past_end_date_auto_completes" time="0.536" /><testcase classname="backend.tests.test_batch_bugs_iter40.TestPhotoCap" name="test_photo_limit_seven" time="0.448" /><testcase classname="backend.tests.test_batch_bugs_iter40.TestVendorListingsSports" name="test_sports_endpoint_returns_distinct_sports" time="0.106" /><testcase classname="backend.tests.test_batch_bugs_iter40.TestMobileLogin" name="test_login_with_email" time="0.313" /><testcase classname="backend.tests.test_batch_bugs_iter40.TestMobileLogin" name="test_login_with_mobile" time="0.347" /><testcase classname="backend.tests.test_batch_bugs_iter40.TestMobileLogin" name="test_login_wrong_password_still_fails" time="0.315" /><testcase classname="backend.tests.test_batch_bugs_iter40.TestAlsoPlayer" name="test_admin_can_opt_in_as_player" time="0.445" /><testcase classname="backend.tests.test_batch_bugs_iter40.TestAlsoPlayer" name="test_native_player_role_cannot_opt_in" time="0.043" /><testcase classname="backend.tests.test_iter41_extended.TestEventFutureStaysUpcoming" name="test_event_with_future_end_date_stays_upcoming" time="0.488" /><testcase classname="backend.tests.test_iter41_extended.TestMobileLoginFormats" name="test_login_with_full_country_code_mobile" time="0.316" /><testcase classname="backend.tests.test_iter41_extended.TestMobileLoginFormats" name="test_login_with_10_digit_mobile" time="0.325" /><testcase classname="backend.tests.test_iter41_extended.TestMobileLoginFormats" name="test_login_unknown_mobile_fails" time="0.091" /><testcase classname="backend.tests.test_iter41_extended.TestVendorSportsEndpoint" name="test_public_anonymous_access" time="0.093" /><testcase classname="backend.tests.test_iter41_extended.TestQuickAddWelcomeEmail" name="test_quick_add_returns_temp_password" time="0.742" /><testcase classname="backend.tests.test_iter41_extended.TestAlsoPlayerUnlocksPlayersMe" name="test_admin_can_access_players_me_after_opt_in" time="0.534"><failure message="AssertionError: {&quot;detail&quot;:&quot;Player only&quot;}&#10;assert 403 == 200&#10; +  where 403 = &lt;Response [403]&gt;.status_code">backend/tests/test_iter41_extended.py:130: in test_admin_can_access_players_me_after_opt_in
    assert pm.status_code == 200, pm.text
E   AssertionError: {"detail":"Player only"}
E   assert 403 == 200
E    +  where 403 = &lt;Response [403]&gt;.status_code</failure></testcase></testsuite></testsuites>