<?xml version="1.0" encoding="utf-8"?><testsuites name="pytest tests"><testsuite name="pytest" errors="0" failures="0" skipped="12" tests="93" time="21.149" timestamp="2026-06-14T03:27:49.083466+00:00" hostname="agent-env-b169f24a-ac20-4873-8045-8da1cd775346"><testcase classname="backend.tests.test_vendor_player_settings.TestPublicEndpoints" name="test_companies_public_no_auth" time="0.229" /><testcase classname="backend.tests.test_vendor_player_settings.TestPublicEndpoints" name="test_settings_get_no_auth" time="0.099" /><testcase classname="backend.tests.test_vendor_player_settings.TestPublicEndpoints" name="test_settings_patch_requires_platform_admin" time="0.362" /><testcase classname="backend.tests.test_vendor_player_settings.TestPublicEndpoints" name="test_settings_patch_as_admin_persists" time="0.471" /><testcase classname="backend.tests.test_vendor_player_settings.TestPlayers" name="test_register_without_email_should_succeed_but_fails_due_to_local_tld_bug" time="0.000"><skipped type="pytest.skip" message="BLOCKED by route-ordering bug: /api/players/{player_id} shadows /api/players/me &amp; /api/players/profiles">/app/backend/tests/test_vendor_player_settings.py:173: BLOCKED by route-ordering bug: /api/players/{player_id} shadows /api/players/me &amp; /api/players/profiles</skipped></testcase><testcase classname="backend.tests.test_vendor_player_settings.TestPlayers" name="test_duplicate_mobile_returns_400" time="0.000"><skipped type="pytest.skip" message="BLOCKED by route-ordering bug: /api/players/{player_id} shadows /api/players/me &amp; /api/players/profiles">/app/backend/tests/test_vendor_player_settings.py:193: BLOCKED by route-ordering bug: /api/players/{player_id} shadows /api/players/me &amp; /api/players/profiles</skipped></testcase><testcase classname="backend.tests.test_vendor_player_settings.TestPlayers" name="test_player_login_success" time="0.000"><skipped type="pytest.skip" message="BLOCKED by route-ordering bug: /api/players/{player_id} shadows /api/players/me &amp; /api/players/profiles">/app/backend/tests/test_vendor_player_settings.py:202: BLOCKED by route-ordering bug: /api/players/{player_id} shadows /api/players/me &amp; /api/players/profiles</skipped></testcase><testcase classname="backend.tests.test_vendor_player_settings.TestPlayers" name="test_player_login_wrong_password" time="0.000"><skipped type="pytest.skip" message="BLOCKED by route-ordering bug: /api/players/{player_id} shadows /api/players/me &amp; /api/players/profiles">/app/backend/tests/test_vendor_player_settings.py:211: BLOCKED by route-ordering bug: /api/players/{player_id} shadows /api/players/me &amp; /api/players/profiles</skipped></testcase><testcase classname="backend.tests.test_vendor_player_settings.TestPlayers" name="test_get_my_profile" time="0.000"><skipped type="pytest.skip" message="BLOCKED by route-ordering bug: /api/players/{player_id} shadows /api/players/me &amp; /api/players/profiles">/app/backend/tests/test_vendor_player_settings.py:216: BLOCKED by route-ordering bug: /api/players/{player_id} shadows /api/players/me &amp; /api/players/profiles</skipped></testcase><testcase classname="backend.tests.test_vendor_player_settings.TestPlayers" name="test_patch_profile_updates_fields" time="0.000"><skipped type="pytest.skip" message="BLOCKED by route-ordering bug: /api/players/{player_id} shadows /api/players/me &amp; /api/players/profiles">/app/backend/tests/test_vendor_player_settings.py:224: BLOCKED by route-ordering bug: /api/players/{player_id} shadows /api/players/me &amp; /api/players/profiles</skipped></testcase><testcase classname="backend.tests.test_vendor_player_settings.TestPlayers" name="test_patch_cannot_change_mobile_view_count_or_user_id" time="0.000"><skipped type="pytest.skip" message="BLOCKED by route-ordering bug: /api/players/{player_id} shadows /api/players/me &amp; /api/players/profiles">/app/backend/tests/test_vendor_player_settings.py:238: BLOCKED by route-ordering bug: /api/players/{player_id} shadows /api/players/me &amp; /api/players/profiles</skipped></testcase><testcase classname="backend.tests.test_vendor_player_settings.TestPlayers" name="test_change_company_updates_user_and_profile" time="0.000"><skipped type="pytest.skip" message="BLOCKED by route-ordering bug: /api/players/{player_id} shadows /api/players/me &amp; /api/players/profiles">/app/backend/tests/test_vendor_player_settings.py:252: BLOCKED by route-ordering bug: /api/players/{player_id} shadows /api/players/me &amp; /api/players/profiles</skipped></testcase><testcase classname="backend.tests.test_vendor_player_settings.TestPlayers" name="test_profile_list_masks_mobile_for_others" time="0.000"><skipped type="pytest.skip" message="BLOCKED by route-ordering bug: /api/players/{player_id} shadows /api/players/me &amp; /api/players/profiles">/app/backend/tests/test_vendor_player_settings.py:268: BLOCKED by route-ordering bug: /api/players/{player_id} shadows /api/players/me &amp; /api/players/profiles</skipped></testcase><testcase classname="backend.tests.test_vendor_player_settings.TestPlayers" name="test_profile_list_search_filter" time="0.000"><skipped type="pytest.skip" message="BLOCKED by route-ordering bug: /api/players/{player_id} shadows /api/players/me &amp; /api/players/profiles">/app/backend/tests/test_vendor_player_settings.py:281: BLOCKED by route-ordering bug: /api/players/{player_id} shadows /api/players/me &amp; /api/players/profiles</skipped></testcase><testcase classname="backend.tests.test_vendor_player_settings.TestPlayers" name="test_view_count_increments_for_other_viewer" time="0.000"><skipped type="pytest.skip" message="BLOCKED by route-ordering bug: /api/players/{player_id} shadows /api/players/me &amp; /api/players/profiles">/app/backend/tests/test_vendor_player_settings.py:288: BLOCKED by route-ordering bug: /api/players/{player_id} shadows /api/players/me &amp; /api/players/profiles</skipped></testcase><testcase classname="backend.tests.test_vendor_player_settings.TestPlayers" name="test_profiles_list_filter_by_company" time="0.000"><skipped type="pytest.skip" message="BLOCKED by route-ordering bug: /api/players/{player_id} shadows /api/players/me &amp; /api/players/profiles">/app/backend/tests/test_vendor_player_settings.py:307: BLOCKED by route-ordering bug: /api/players/{player_id} shadows /api/players/me &amp; /api/players/profiles</skipped></testcase><testcase classname="backend.tests.test_vendor_player_settings.TestVendorsListingsBookings" name="test_vendor_signup_creates_unapproved" time="0.364" /><testcase classname="backend.tests.test_vendor_player_settings.TestVendorsListingsBookings" name="test_public_listings_strip_vendor_id_and_only_approved" time="0.143" /><testcase classname="backend.tests.test_vendor_player_settings.TestVendorsListingsBookings" name="test_public_listings_filters" time="0.138" /><testcase classname="backend.tests.test_vendor_player_settings.TestVendorsListingsBookings" name="test_vendor_create_listing_pending_then_admin_approve" time="0.776" /><testcase classname="backend.tests.test_vendor_player_settings.TestVendorsListingsBookings" name="test_vendor_listing_patch_cannot_self_approve" time="0.245" /><testcase classname="backend.tests.test_vendor_player_settings.TestVendorsListingsBookings" name="test_vendor_listings_owner_only" time="0.630" /><testcase classname="backend.tests.test_vendor_player_settings.TestVendorBookings" name="test_company_admin_books_approved_listing" time="0.398" /><testcase classname="backend.tests.test_vendor_player_settings.TestVendorBookings" name="test_booking_rejected_when_listing_not_approved" time="0.129" /><testcase classname="backend.tests.test_vendor_player_settings.TestVendorBookings" name="test_non_company_admin_cannot_create_booking" time="0.166" /><testcase classname="backend.tests.test_vendor_player_settings.TestAdminVendorApproval" name="test_admin_lists_vendors_filtered" time="0.043" /><testcase classname="backend.tests.test_vendor_player_settings.TestAdminVendorApproval" name="test_non_admin_cannot_list_vendors" time="0.042" /><testcase classname="backend.tests.test_vendor_player_settings.TestAdminVendorApproval" name="test_admin_can_flip_vendor_approval" time="0.168" /><testcase classname="backend.tests.backend_test.TestMeta" name="test_root" time="0.109" /><testcase classname="backend.tests.backend_test.TestMeta" name="test_stats" time="0.083" /><testcase classname="backend.tests.backend_test.TestAuth" name="test_login_admin_sets_cookie" time="0.316" /><testcase classname="backend.tests.backend_test.TestAuth" name="test_me_with_cookie" time="0.360" /><testcase classname="backend.tests.backend_test.TestAuth" name="test_login_bad_password" time="0.358" /><testcase classname="backend.tests.backend_test.TestAuth" name="test_me_unauthenticated" time="0.095" /><testcase classname="backend.tests.backend_test.TestAuth" name="test_logout" time="0.465" /><testcase classname="backend.tests.backend_test.TestAuth" name="test_register_viewer" time="0.423" /><testcase classname="backend.tests.backend_test.TestEvents" name="test_list_events" time="0.048" /><testcase classname="backend.tests.backend_test.TestEvents" name="test_get_event" time="0.123" /><testcase classname="backend.tests.backend_test.TestEvents" name="test_get_event_404" time="0.082" /><testcase classname="backend.tests.backend_test.TestEvents" name="test_create_event_requires_admin" time="0.361" /><testcase classname="backend.tests.backend_test.TestEvents" name="test_create_event_unauth" time="0.093" /><testcase classname="backend.tests.backend_test.TestEvents" name="test_admin_event_full_crud" time="0.297" /><testcase classname="backend.tests.backend_test.TestTeams" name="test_list_teams" time="0.043" /><testcase classname="backend.tests.backend_test.TestTeams" name="test_list_teams_filter" time="0.091" /><testcase classname="backend.tests.backend_test.TestTeams" name="test_create_team_public" time="0.205" /><testcase classname="backend.tests.backend_test.TestTeams" name="test_team_update_requires_admin" time="0.180" /><testcase classname="backend.tests.backend_test.TestTeams" name="test_admin_team_update_delete" time="0.181" /><testcase classname="backend.tests.backend_test.TestPlayers" name="test_list_players" time="0.042" /><testcase classname="backend.tests.backend_test.TestPlayers" name="test_create_get_player" time="0.381" /><testcase classname="backend.tests.backend_test.TestPlayers" name="test_player_patch_requires_admin" time="0.234" /><testcase classname="backend.tests.backend_test.TestFixtures" name="test_existing_football_fixtures_sorted" time="0.083" /><testcase classname="backend.tests.backend_test.TestFixtures" name="test_generate_round_robin" time="0.924" /><testcase classname="backend.tests.backend_test.TestFixtures" name="test_generate_knockout_and_propagate" time="1.148" /><testcase classname="backend.tests.backend_test.TestFixtures" name="test_generate_fixtures_requires_admin" time="0.124" /><testcase classname="backend.tests.backend_test.TestFixtures" name="test_generate_needs_2_teams" time="0.205" /><testcase classname="backend.tests.backend_test.TestStandings" name="test_standings_football" time="0.163" /><testcase classname="backend.tests.backend_test.TestSponsors" name="test_list_sponsors" time="0.041" /><testcase classname="backend.tests.backend_test.TestSponsors" name="test_sponsor_admin_only" time="0.043" /><testcase classname="backend.tests.backend_test.TestSponsors" name="test_sponsor_crud" time="0.241" /><testcase classname="backend.tests.test_multitenant.TestRoles" name="test_platform_admin_role" time="0.314" /><testcase classname="backend.tests.test_multitenant.TestRoles" name="test_company_admin_role" time="0.311" /><testcase classname="backend.tests.test_multitenant.TestCompanySignup" name="test_signup_creates_company_and_admin" time="0.370" /><testcase classname="backend.tests.test_multitenant.TestCompanySignup" name="test_signup_duplicate_email" time="0.099" /><testcase classname="backend.tests.test_multitenant.TestServices" name="test_list_services_seed" time="0.096" /><testcase classname="backend.tests.test_multitenant.TestServices" name="test_services_crud_rbac" time="0.415" /><testcase classname="backend.tests.test_multitenant.TestBookings" name="test_trophy_booking_pricing" time="0.158" /><testcase classname="backend.tests.test_multitenant.TestBookings" name="test_crystal_variant_pricing" time="0.213" /><testcase classname="backend.tests.test_multitenant.TestBookings" name="test_list_bookings_scoped" time="3.059" /><testcase classname="backend.tests.test_multitenant.TestBookings" name="test_status_update_rbac" time="0.408" /><testcase classname="backend.tests.test_multitenant.TestBookings" name="test_booking_unauthenticated_forbidden" time="0.215" /><testcase classname="backend.tests.test_multitenant.TestEventTenancy" name="test_company_admin_event_stamped" time="0.200" /><testcase classname="backend.tests.test_multitenant.TestEventTenancy" name="test_company_admin_cannot_edit_other_company_event" time="0.583" /><testcase classname="backend.tests.test_multitenant.TestStats" name="test_global_stats" time="0.100" /><testcase classname="backend.tests.test_multitenant.TestStats" name="test_company_stats_scoped" time="0.048" /><testcase classname="backend.tests.test_multitenant.TestStats" name="test_company_stats_requires_company_admin" time="0.053" /><testcase classname="backend.tests.test_currency_catalog.TestServicesCatalog" name="test_seed_has_17_services" time="0.096" /><testcase classname="backend.tests.test_currency_catalog.TestServicesCatalog" name="test_inr_services_present" time="0.000" /><testcase classname="backend.tests.test_currency_catalog.TestServicesCatalog" name="test_usd_new_services_present" time="0.000" /><testcase classname="backend.tests.test_currency_catalog.TestServicesCatalog" name="test_each_service_has_currency_field" time="0.000" /><testcase classname="backend.tests.test_currency_catalog.TestNewServiceConfig" name="test_photography_fields" time="0.000" /><testcase classname="backend.tests.test_currency_catalog.TestNewServiceConfig" name="test_videography_fields" time="0.000" /><testcase classname="backend.tests.test_currency_catalog.TestNewServiceConfig" name="test_drone_fields" time="0.000" /><testcase classname="backend.tests.test_currency_catalog.TestNewServiceConfig" name="test_anchor_fields" time="0.000" /><testcase classname="backend.tests.test_currency_catalog.TestNewServiceConfig" name="test_dj_fields" time="0.000" /><testcase classname="backend.tests.test_currency_catalog.TestNewServiceConfig" name="test_catering_fields" time="0.000" /><testcase classname="backend.tests.test_currency_catalog.TestNewServiceConfig" name="test_medals_fields_and_variants" time="0.000" /><testcase classname="backend.tests.test_currency_catalog.TestNewServiceConfig" name="test_banners_fields_and_variants" time="0.000" /><testcase classname="backend.tests.test_currency_catalog.TestNewServiceConfig" name="test_first_aid_fields" time="0.000" /><testcase classname="backend.tests.test_currency_catalog.TestNewServiceConfig" name="test_match_officials_fields" time="0.000" /><testcase classname="backend.tests.test_currency_catalog.TestServiceCurrencyPatch" name="test_admin_can_patch_currency" time="0.620" /><testcase classname="backend.tests.test_currency_catalog.TestBookingCurrency" name="test_booking_inr_service_carries_inr_currency" time="0.455" /><testcase classname="backend.tests.test_currency_catalog.TestBookingCurrency" name="test_booking_usd_service_carries_usd" time="0.127" /><testcase classname="backend.tests.test_currency_catalog.TestIdempotentSeed" name="test_service_count_stable" time="0.202" /></testsuite></testsuites>