<?xml version="1.0" encoding="utf-8"?><testsuites name="pytest tests"><testsuite name="pytest" errors="0" failures="3" skipped="3" tests="252" time="246.436" timestamp="2026-06-18T05:49:39.945481+00:00" hostname="agent-env-b169f24a-ac20-4873-8045-8da1cd775346"><testcase classname="backend.tests.backend_test.TestMeta" name="test_root" time="0.135" /><testcase classname="backend.tests.backend_test.TestMeta" name="test_stats" time="0.055"><failure message="assert 2 &gt;= 3">E   assert 2 &gt;= 3</failure></testcase><testcase classname="backend.tests.backend_test.TestAuth" name="test_login_admin_sets_cookie" time="0.321" /><testcase classname="backend.tests.backend_test.TestAuth" name="test_me_with_cookie" time="0.379" /><testcase classname="backend.tests.backend_test.TestAuth" name="test_login_bad_password" time="0.327" /><testcase classname="backend.tests.backend_test.TestAuth" name="test_me_unauthenticated" time="0.096" /><testcase classname="backend.tests.backend_test.TestAuth" name="test_logout" time="0.427" /><testcase classname="backend.tests.backend_test.TestAuth" name="test_register_viewer" time="0.458" /><testcase classname="backend.tests.backend_test.TestEvents" name="test_list_events" time="0.048"><failure message="AssertionError: assert (True and 2 &gt;= 3)&#10; +  where True = isinstance([{'banner_url': '', 'companies': [], 'company_id': None, 'created_at': '2026-06-18T04:53:22.204552+00:00', ...}, {'ban...ies': [], 'company_id': '270c4e33-ef00-4336-be13-52b359100b38', 'created_at': '2026-06-13T05:08:09.924903+00:00', ...}], list)&#10; +  and   2 = len([{'banner_url': '', 'companies': [], 'company_id': None, 'created_at': '2026-06-18T04:53:22.204552+00:00', ...}, {'ban...ies': [], 'company_id': '270c4e33-ef00-4336-be13-52b359100b38', 'created_at': '2026-06-13T05:08:09.924903+00:00', ...}])">E   AssertionError: assert (True and 2 &gt;= 3)
     +  where True = isinstance([{'banner_url': '', 'companies': [], 'company_id': None, 'created_at': '2026-06-18T04:53:22.204552+00:00', ...}, {'ban...ies': [], 'company_id': '270c4e33-ef00-4336-be13-52b359100b38', 'created_at': '2026-06-13T05:08:09.924903+00:00', ...}], list)
     +  and   2 = len([{'banner_url': '', 'companies': [], 'company_id': None, 'created_at': '2026-06-18T04:53:22.204552+00:00', ...}, {'ban...ies': [], 'company_id': '270c4e33-ef00-4336-be13-52b359100b38', 'created_at': '2026-06-13T05:08:09.924903+00:00', ...}])</failure></testcase><testcase classname="backend.tests.backend_test.TestEvents" name="test_get_event" time="0.094" /><testcase classname="backend.tests.backend_test.TestEvents" name="test_get_event_404" time="0.045" /><testcase classname="backend.tests.backend_test.TestEvents" name="test_create_event_requires_admin" time="0.394" /><testcase classname="backend.tests.backend_test.TestEvents" name="test_create_event_unauth" time="0.103" /><testcase classname="backend.tests.backend_test.TestEvents" name="test_admin_event_full_crud" time="0.275" /><testcase classname="backend.tests.backend_test.TestTeams" name="test_list_teams" time="0.050" /><testcase classname="backend.tests.backend_test.TestTeams" name="test_list_teams_filter" time="0.094" /><testcase classname="backend.tests.backend_test.TestTeams" name="test_create_team_public" time="0.248" /><testcase classname="backend.tests.backend_test.TestTeams" name="test_team_update_requires_admin" time="0.207" /><testcase classname="backend.tests.backend_test.TestTeams" name="test_admin_team_update_delete" time="0.194" /><testcase classname="backend.tests.backend_test.TestTeamPlayers" name="test_list_team_players" time="0.045" /><testcase classname="backend.tests.backend_test.TestTeamPlayers" name="test_create_get_team_player" time="0.421" /><testcase classname="backend.tests.backend_test.TestTeamPlayers" name="test_team_player_patch_requires_admin" time="0.244" /><testcase classname="backend.tests.backend_test.TestFixtures" name="test_existing_football_fixtures_sorted" time="0.098" /><testcase classname="backend.tests.backend_test.TestFixtures" name="test_generate_round_robin" time="0.856" /><testcase classname="backend.tests.backend_test.TestFixtures" name="test_generate_knockout_and_propagate" time="0.897" /><testcase classname="backend.tests.backend_test.TestFixtures" name="test_generate_fixtures_requires_admin" time="0.098" /><testcase classname="backend.tests.backend_test.TestFixtures" name="test_generate_needs_2_teams" time="0.174" /><testcase classname="backend.tests.backend_test.TestStandings" name="test_standings_football" time="0.144" /><testcase classname="backend.tests.backend_test.TestSponsors" name="test_list_sponsors" time="0.048" /><testcase classname="backend.tests.backend_test.TestSponsors" name="test_sponsor_admin_only" time="0.053" /><testcase classname="backend.tests.backend_test.TestSponsors" name="test_sponsor_crud" time="0.138" /><testcase classname="backend.tests.test_cricket_extended.TestStrikeRotation" name="test_odd_runs_rotate_strike" time="7.005" /><testcase classname="backend.tests.test_cricket_extended.TestStrikeRotation" name="test_even_runs_no_rotation" time="7.450" /><testcase classname="backend.tests.test_cricket_extended.TestStrikeRotation" name="test_end_of_over_rotates_strike" time="7.971" /><testcase classname="backend.tests.test_cricket_extended.TestStrikeRotation" name="test_bye_legal_ball_counts_no_bat_credit" time="8.268" /><testcase classname="backend.tests.test_cricket_extended.TestStrikeRotation" name="test_lb_legal_ball_with_rotation_on_odd" time="8.262" /><testcase classname="backend.tests.test_cricket_extended.TestStrikeRotation" name="test_wide_odd_rotates_strike" time="7.828" /><testcase classname="backend.tests.test_cricket_extended.TestWicketTypes" name="test_wicket_type_dismisses_and_credits[caught-True]" time="8.410" /><testcase classname="backend.tests.test_cricket_extended.TestWicketTypes" name="test_wicket_type_dismisses_and_credits[lbw-True]" time="8.155" /><testcase classname="backend.tests.test_cricket_extended.TestWicketTypes" name="test_wicket_type_dismisses_and_credits[stumped-True]" time="8.071" /><testcase classname="backend.tests.test_cricket_extended.TestWicketTypes" name="test_wicket_type_dismisses_and_credits[hitwicket-True]" time="8.814" /><testcase classname="backend.tests.test_cricket_extended.TestWicketTypes" name="test_wicket_type_dismisses_and_credits[runout-False]" time="8.448" /><testcase classname="backend.tests.test_cricket_extended.TestInningsCompletion" name="test_overs_limit_completes_innings" time="8.616" /><testcase classname="backend.tests.test_cricket_extended.TestInningsCompletion" name="test_end_innings_manual_then_start_second" time="8.706" /><testcase classname="backend.tests.test_cricket_extended.TestInningsCompletion" name="test_chase_target_completes_match" time="7.495" /><testcase classname="backend.tests.test_cricket_extended.TestEndMatch" name="test_end_match_declares_winner" time="7.646" /><testcase classname="backend.tests.test_cricket_extended.TestEndMatch" name="test_end_match_rejects_bogus_winner" time="8.157" /><testcase classname="backend.tests.test_cricket_extended.TestValidation" name="test_overs_too_large" time="7.409" /><testcase classname="backend.tests.test_cricket_extended.TestValidation" name="test_toss_outside_toss_phase_rejected" time="7.436" /><testcase classname="backend.tests.test_cricket_extended.TestValidation" name="test_toss_bad_winner_team" time="7.978" /><testcase classname="backend.tests.test_cricket_extended.TestValidation" name="test_striker_equals_nonstriker_rejected" time="7.836" /><testcase classname="backend.tests.test_cricket_extended.TestValidation" name="test_striker_not_in_xi_rejected" time="8.256" /><testcase classname="backend.tests.test_cricket_extended.TestValidation" name="test_bowler_not_in_bowling_xi_rejected" time="8.779" /><testcase classname="backend.tests.test_cricket_freehit.TestFreeHit" name="test_noball_sets_free_hit_pending" time="8.644" /><testcase classname="backend.tests.test_cricket_freehit.TestFreeHit" name="test_bowled_on_freehit_is_ignored" time="0.052" /><testcase classname="backend.tests.test_cricket_freehit.TestFreeHit" name="test_runout_on_freehit_is_allowed" time="0.121" /><testcase classname="backend.tests.test_cricket_freehit.TestFreeHit" name="test_free_hit_persists_through_wide" time="0.247" /><testcase classname="backend.tests.test_cricket_freehit.TestFreeHit" name="test_legal_ball_clears_free_hit" time="0.062" /><testcase classname="backend.tests.test_cricket_scoring.TestCricketSetup" name="test_setup_initializes_state" time="8.085" /><testcase classname="backend.tests.test_cricket_scoring.TestCricketSetup" name="test_setup_rejects_invalid_overs" time="0.047" /><testcase classname="backend.tests.test_cricket_scoring.TestCricketSetup" name="test_setup_rejects_non_cricket" time="0.141" /><testcase classname="backend.tests.test_cricket_scoring.TestCricketTossAndXI" name="test_toss" time="0.048" /><testcase classname="backend.tests.test_cricket_scoring.TestCricketTossAndXI" name="test_playing_xi" time="0.051" /><testcase classname="backend.tests.test_cricket_scoring.TestCricketPlay" name="test_start_innings" time="0.048" /><testcase classname="backend.tests.test_cricket_scoring.TestCricketPlay" name="test_ball_legal_single" time="0.049" /><testcase classname="backend.tests.test_cricket_scoring.TestCricketPlay" name="test_ball_boundary_four" time="0.045" /><testcase classname="backend.tests.test_cricket_scoring.TestCricketPlay" name="test_ball_wide" time="0.050" /><testcase classname="backend.tests.test_cricket_scoring.TestCricketPlay" name="test_ball_noball_with_2_runs" time="0.054" /><testcase classname="backend.tests.test_cricket_scoring.TestCricketPlay" name="test_ball_bye" time="0.048" /><testcase classname="backend.tests.test_cricket_scoring.TestCricketPlay" name="test_wicket_blocks_play_until_new_batsman" time="0.188" /><testcase classname="backend.tests.test_cricket_scoring.TestCricketPlay" name="test_end_of_over_forces_new_bowler" time="0.321" /><testcase classname="backend.tests.test_cricket_scoring.TestCricketUndo" name="test_undo_reverts_last_ball" time="0.181" /><testcase classname="backend.tests.test_currency_catalog.TestServicesCatalog" name="test_seed_has_17_services" time="0.125" /><testcase classname="backend.tests.test_currency_catalog.TestServicesCatalog" name="test_inr_services_present" time="0.000" /><testcase classname="backend.tests.test_currency_catalog.TestServicesCatalog" name="test_usd_new_services_present" time="0.000" /><testcase classname="backend.tests.test_currency_catalog.TestServicesCatalog" name="test_each_service_has_currency_field" time="0.000" /><testcase classname="backend.tests.test_currency_catalog.TestNewServiceConfig" name="test_photography_fields" time="0.000" /><testcase classname="backend.tests.test_currency_catalog.TestNewServiceConfig" name="test_videography_fields" time="0.000" /><testcase classname="backend.tests.test_currency_catalog.TestNewServiceConfig" name="test_drone_fields" time="0.000" /><testcase classname="backend.tests.test_currency_catalog.TestNewServiceConfig" name="test_anchor_fields" time="0.000" /><testcase classname="backend.tests.test_currency_catalog.TestNewServiceConfig" name="test_dj_fields" time="0.000" /><testcase classname="backend.tests.test_currency_catalog.TestNewServiceConfig" name="test_catering_fields" time="0.000" /><testcase classname="backend.tests.test_currency_catalog.TestNewServiceConfig" name="test_medals_fields_and_variants" time="0.000" /><testcase classname="backend.tests.test_currency_catalog.TestNewServiceConfig" name="test_banners_fields_and_variants" time="0.000" /><testcase classname="backend.tests.test_currency_catalog.TestNewServiceConfig" name="test_first_aid_fields" time="0.000" /><testcase classname="backend.tests.test_currency_catalog.TestNewServiceConfig" name="test_match_officials_fields" time="0.000" /><testcase classname="backend.tests.test_currency_catalog.TestServiceCurrencyPatch" name="test_admin_can_patch_currency" time="0.641" /><testcase classname="backend.tests.test_currency_catalog.TestBookingCurrency" name="test_booking_inr_service_carries_inr_currency" time="0.502" /><testcase classname="backend.tests.test_currency_catalog.TestBookingCurrency" name="test_booking_usd_service_carries_usd" time="0.096" /><testcase classname="backend.tests.test_currency_catalog.TestIdempotentSeed" name="test_service_count_stable" time="0.214" /><testcase classname="backend.tests.test_dashboards_and_venues.TestSports" name="test_list_sports_seeded" time="0.115" /><testcase classname="backend.tests.test_dashboards_and_venues.TestSports" name="test_create_sport_admin" time="0.487" /><testcase classname="backend.tests.test_dashboards_and_venues.TestSports" name="test_create_sport_non_admin_forbidden" time="0.387" /><testcase classname="backend.tests.test_dashboards_and_venues.TestSports" name="test_create_sport_anonymous_forbidden" time="0.107" /><testcase classname="backend.tests.test_dashboards_and_venues.TestSports" name="test_patch_sport_toggle_active" time="0.280" /><testcase classname="backend.tests.test_dashboards_and_venues.TestSports" name="test_delete_sport" time="0.128" /><testcase classname="backend.tests.test_dashboards_and_venues.TestDashboards" name="test_admin_dashboard" time="0.056" /><testcase classname="backend.tests.test_dashboards_and_venues.TestDashboards" name="test_admin_dashboard_non_admin_forbidden" time="0.451" /><testcase classname="backend.tests.test_dashboards_and_venues.TestDashboards" name="test_company_dashboard" time="0.060" /><testcase classname="backend.tests.test_dashboards_and_venues.TestDashboards" name="test_company_dashboard_vendor_forbidden" time="0.047" /><testcase classname="backend.tests.test_dashboards_and_venues.TestDashboards" name="test_vendor_dashboard" time="0.063" /><testcase classname="backend.tests.test_dashboards_and_venues.TestDashboards" name="test_vendor_dashboard_non_vendor_forbidden" time="0.126" /><testcase classname="backend.tests.test_dashboards_and_venues.TestEventsScope" name="test_events_scope_mine_hr" time="0.141" /><testcase classname="backend.tests.test_dashboards_and_venues.TestEventsScope" name="test_events_scope_mine_anonymous_returns_all" time="0.203" /><testcase classname="backend.tests.test_dashboards_and_venues.TestMyTeams" name="test_my_teams_hr" time="0.045" /><testcase classname="backend.tests.test_dashboards_and_venues.TestMyTeams" name="test_my_teams_vendor_forbidden" time="0.047" /><testcase classname="backend.tests.test_dashboards_and_venues.TestVenuesSuggest" name="test_suggest_by_city" time="0.107" /><testcase classname="backend.tests.test_dashboards_and_venues.TestVenuesSuggest" name="test_suggest_by_query_case_insensitive" time="0.103" /><testcase classname="backend.tests.test_dashboards_and_venues.TestSubUnits" name="test_create_sub_unit_as_owner" time="0.113" /><testcase classname="backend.tests.test_dashboards_and_venues.TestSubUnits" name="test_list_sub_units" time="0.098" /><testcase classname="backend.tests.test_dashboards_and_venues.TestSubUnits" name="test_create_sub_unit_anonymous_forbidden" time="0.098" /><testcase classname="backend.tests.test_dashboards_and_venues.TestSubUnits" name="test_create_sub_unit_non_owner_forbidden" time="0.047" /><testcase classname="backend.tests.test_dashboards_and_venues.TestSubUnits" name="test_admin_can_create_sub_unit" time="0.045" /><testcase classname="backend.tests.test_dashboards_and_venues.TestSchedule" name="test_default_schedule" time="0.098" /><testcase classname="backend.tests.test_dashboards_and_venues.TestSchedule" name="test_upsert_schedule_as_owner" time="0.183" /><testcase classname="backend.tests.test_dashboards_and_venues.TestBlocks" name="test_create_block_owner" time="0.056" /><testcase classname="backend.tests.test_dashboards_and_venues.TestBlocks" name="test_list_blocks_by_date" time="0.102" /><testcase classname="backend.tests.test_dashboards_and_venues.TestBlocks" name="test_delete_block" time="0.051" /><testcase classname="backend.tests.test_dashboards_and_venues.TestAvailability" name="test_slot_grid_shape" time="0.112" /><testcase classname="backend.tests.test_dashboards_and_venues.TestAvailability" name="test_block_marks_slot_blocked" time="0.154" /><testcase classname="backend.tests.test_dashboards_and_venues.TestAvailability" name="test_peak_and_weekend_pricing" time="0.203" /><testcase classname="backend.tests.test_event_teams.TestEventCreate" name="test_create_inter_company_event_persists_fields" time="0.450" /><testcase classname="backend.tests.test_event_teams.TestStreamUrl" name="test_admin_can_update_stream" time="0.168" /><testcase classname="backend.tests.test_event_teams.TestStreamUrl" name="test_anonymous_stream_update_unauthorized" time="0.102" /><testcase classname="backend.tests.test_event_teams.TestStreamUrl" name="test_wrong_company_admin_stream_update_forbidden" time="0.401" /><testcase classname="backend.tests.test_event_teams.TestEventCompanies" name="test_add_new_company_creates_hr_and_returns_temp_password" time="0.696" /><testcase classname="backend.tests.test_event_teams.TestEventCompanies" name="test_add_existing_company_idempotent" time="0.291" /><testcase classname="backend.tests.test_event_teams.TestEventTeams" name="test_team_event_scoped" time="0.086" /><testcase classname="backend.tests.test_event_teams.TestEventTeams" name="test_player_cannot_create_team" time="0.098"><skipped type="pytest.skip" message="player login failed">/app/backend/tests/test_event_teams.py:40: player login failed</skipped></testcase><testcase classname="backend.tests.test_event_teams.TestEventTeams" name="test_set_captain_adds_player_to_members" time="0.157" /><testcase classname="backend.tests.test_event_teams.TestEventTeams" name="test_add_member_via_quick_returns_temp_password" time="0.309" /><testcase classname="backend.tests.test_event_teams.TestEventTeams" name="test_list_members_masks_mobile" time="0.085" /><testcase classname="backend.tests.test_event_teams.TestEventTeams" name="test_random_player_cannot_add_member" time="0.097"><skipped type="pytest.skip" message="player login failed">/app/backend/tests/test_event_teams.py:40: player login failed</skipped></testcase><testcase classname="backend.tests.test_event_teams.TestEventTeams" name="test_delete_member_pulls_and_clears_captain" time="0.127" /><testcase classname="backend.tests.test_event_teams.TestRegression" name="test_list_events" time="0.100" /><testcase classname="backend.tests.test_event_teams.TestRegression" name="test_list_teams_with_event_id" time="0.110" /><testcase classname="backend.tests.test_event_teams.TestRegression" name="test_sponsors_list" time="0.092" /><testcase classname="backend.tests.test_event_teams.TestRegression" name="test_public_companies" time="0.097" /><testcase classname="backend.tests.test_multitenant.TestRoles" name="test_platform_admin_role" time="0.321" /><testcase classname="backend.tests.test_multitenant.TestRoles" name="test_company_admin_role" time="0.320" /><testcase classname="backend.tests.test_multitenant.TestCompanySignup" name="test_signup_creates_company_and_admin" time="0.367" /><testcase classname="backend.tests.test_multitenant.TestCompanySignup" name="test_signup_duplicate_email" time="0.123" /><testcase classname="backend.tests.test_multitenant.TestServices" name="test_list_services_seed" time="0.100" /><testcase classname="backend.tests.test_multitenant.TestServices" name="test_services_crud_rbac" time="0.356" /><testcase classname="backend.tests.test_multitenant.TestBookings" name="test_trophy_booking_pricing" time="0.148" /><testcase classname="backend.tests.test_multitenant.TestBookings" name="test_crystal_variant_pricing" time="0.204" /><testcase classname="backend.tests.test_multitenant.TestBookings" name="test_list_bookings_scoped" time="0.817" /><testcase classname="backend.tests.test_multitenant.TestBookings" name="test_status_update_rbac" time="0.371" /><testcase classname="backend.tests.test_multitenant.TestBookings" name="test_booking_unauthenticated_forbidden" time="0.200" /><testcase classname="backend.tests.test_multitenant.TestEventTenancy" name="test_company_admin_event_stamped" time="0.199" /><testcase classname="backend.tests.test_multitenant.TestEventTenancy" name="test_company_admin_cannot_edit_other_company_event" time="0.559" /><testcase classname="backend.tests.test_multitenant.TestStats" name="test_global_stats" time="0.100" /><testcase classname="backend.tests.test_multitenant.TestStats" name="test_company_stats_scoped" time="0.048"><failure message="assert 1 &gt;= 3">E   assert 1 &gt;= 3</failure></testcase><testcase classname="backend.tests.test_multitenant.TestStats" name="test_company_stats_requires_company_admin" time="0.044" /><testcase classname="backend.tests.test_password_reset" name="test_forgot_password_unknown_email_returns_ok" time="0.110" /><testcase classname="backend.tests.test_password_reset" name="test_forgot_password_missing_email_400" time="0.102" /><testcase classname="backend.tests.test_password_reset" name="test_reset_password_full_flow" time="0.111"><skipped type="pytest.skip" message="seeded player not present">/app/backend/tests/test_password_reset.py:57: seeded player not present</skipped></testcase><testcase classname="backend.tests.test_password_reset" name="test_reset_password_invalid_token_400" time="0.102" /><testcase classname="backend.tests.test_password_reset" name="test_reset_password_short_password_400" time="0.123" /><testcase classname="backend.tests.test_password_reset" name="test_auth_forgot_reset_works_for_company_admin" time="2.542" /><testcase classname="backend.tests.test_password_reset" name="test_auth_forgot_password_unknown_email_returns_ok" time="0.115" /><testcase classname="backend.tests.test_phase2_venue_features.TestHappyHourPricing" name="test_set_happy_hour_and_observe_in_availability" time="0.535" /><testcase classname="backend.tests.test_phase2_venue_features.TestHappyHourPricing" name="test_clear_happy_hours" time="0.045" /><testcase classname="backend.tests.test_phase2_venue_features.TestCancellationPolicy" name="test_full_refund_when_far_out" time="0.487" /><testcase classname="backend.tests.test_phase2_venue_features.TestCancellationPolicy" name="test_partial_refund_inside_window" time="0.109" /><testcase classname="backend.tests.test_phase2_venue_features.TestCancellationPolicy" name="test_no_refund_close_to_slot" time="0.106" /><testcase classname="backend.tests.test_phase2_venue_features.TestCancellationPolicy" name="test_cannot_double_cancel" time="0.154" /><testcase classname="backend.tests.test_phase2_venue_features.TestReschedulePolicy" name="test_reschedule_far_out_is_free" time="0.171" /><testcase classname="backend.tests.test_phase2_venue_features.TestReschedulePolicy" name="test_reschedule_too_close_charges_fee" time="0.103" /><testcase classname="backend.tests.test_phase2_venue_features.TestReschedulePolicy" name="test_max_reschedules_enforced" time="0.216" /><testcase classname="backend.tests.test_phase2_venue_features.TestEmailMockedDispatch" name="test_cancel_logs_mock_email" time="0.114" /><testcase classname="backend.tests.test_public_scorecard" name="test_public_endpoint_404_for_missing" time="0.095" /><testcase classname="backend.tests.test_public_scorecard" name="test_public_endpoint_no_auth_required" time="1.957" /><testcase classname="backend.tests.test_public_scorecard" name="test_public_endpoint_returns_event_meta_only" time="0.543" /><testcase classname="backend.tests.test_rbac_admin.TestPermissionsMe" name="test_super_admin_permissions_me" time="0.363" /><testcase classname="backend.tests.test_rbac_admin.TestPermissionsMe" name="test_auth_me_returns_super_flag" time="0.043" /><testcase classname="backend.tests.test_rbac_admin.TestPermissionsMe" name="test_staff_admin_permissions_me" time="0.641" /><testcase classname="backend.tests.test_rbac_admin.TestStaffCrud" name="test_create_and_list_staff_admin" time="0.494" /><testcase classname="backend.tests.test_rbac_admin.TestStaffCrud" name="test_super_admin_cannot_be_deleted" time="0.093" /><testcase classname="backend.tests.test_rbac_admin.TestStaffCrud" name="test_super_admin_cannot_be_modified" time="0.130" /><testcase classname="backend.tests.test_rbac_admin.TestStaffCrud" name="test_duplicate_email_rejected" time="0.045" /><testcase classname="backend.tests.test_rbac_admin.TestStaffAccessForbidden" name="test_staff_cannot_list_admins" time="0.084" /><testcase classname="backend.tests.test_rbac_admin.TestStaffAccessForbidden" name="test_staff_cannot_create_admin" time="0.044" /><testcase classname="backend.tests.test_rbac_admin.TestStaffAccessForbidden" name="test_staff_cannot_delete_admin" time="0.128" /><testcase classname="backend.tests.test_rbac_admin.TestStaffAccessForbidden" name="test_staff_cannot_create_service" time="0.096" /><testcase classname="backend.tests.test_rbac_admin.TestStaffAccessForbidden" name="test_staff_without_vendor_perm_cannot_approve_vendor" time="0.091" /><testcase classname="backend.tests.test_rbac_admin.TestStaffAccessForbidden" name="test_staff_without_listings_perm_cannot_approve_listing" time="0.130" /><testcase classname="backend.tests.test_rbac_admin.TestStaffAccessGranted" name="test_staff_with_vendor_perm_can_approve" time="0.886" /><testcase classname="backend.tests.test_reviews.TestReviewFlow" name="test_review_requires_completed_booking" time="0.824" /><testcase classname="backend.tests.test_reviews.TestReviewFlow" name="test_rating_bounds" time="0.543" /><testcase classname="backend.tests.test_reviews.TestReviewFlow" name="test_full_lifecycle" time="0.508" /><testcase classname="backend.tests.test_reviews.TestReviewFlow" name="test_one_review_per_booking" time="0.189" /><testcase classname="backend.tests.test_reviews.TestReviewFlow" name="test_admin_reject_path" time="0.334" /><testcase classname="backend.tests.test_reviews.TestReviewFlow" name="test_vendor_flag_skips_admin_queue" time="0.195" /><testcase classname="backend.tests.test_reviews.TestReviewFlow" name="test_admin_queue_endpoint" time="0.241" /><testcase classname="backend.tests.test_reviews.TestReviewFlow" name="test_vendor_inbox_endpoint" time="0.192" /><testcase classname="backend.tests.test_upload.TestUploadAuth" name="test_upload_without_auth_returns_401" time="0.106" /><testcase classname="backend.tests.test_upload.TestUploadAuth" name="test_upload_png_as_admin_returns_200" time="0.458" /><testcase classname="backend.tests.test_upload.TestUploadAuth" name="test_upload_as_vendor_returns_200" time="0.364" /><testcase classname="backend.tests.test_upload.TestUploadValidation" name="test_non_image_returns_400" time="0.361" /><testcase classname="backend.tests.test_upload.TestUploadValidation" name="test_oversized_file_returns_400" time="0.585" /><testcase classname="backend.tests.test_upload.TestUploadValidation" name="test_jpeg_accepted" time="0.362" /><testcase classname="backend.tests.test_upload.TestUploadValidation" name="test_webp_accepted" time="0.376" /><testcase classname="backend.tests.test_upload.TestStaticServing" name="test_uploaded_file_served_with_image_content_type" time="0.465" /><testcase classname="backend.tests.test_vendor_bookings.TestCities" name="test_cities_unfiltered_returns_sorted_distinct_non_empty" time="0.889" /><testcase classname="backend.tests.test_vendor_bookings.TestCities" name="test_cities_filtered_by_sport_and_vendor_type" time="0.190" /><testcase classname="backend.tests.test_vendor_bookings.TestCities" name="test_cities_filtered_by_uncommon_sport_excludes_unrelated" time="0.209" /><testcase classname="backend.tests.test_vendor_bookings.TestListingFilter" name="test_filter_by_sport_and_city_case_insensitive" time="0.205" /><testcase classname="backend.tests.test_vendor_bookings.TestCreateBooking" name="test_hr_creates_with_hours_derives_end_and_total" time="0.477" /><testcase classname="backend.tests.test_vendor_bookings.TestCreateBooking" name="test_hr_creates_with_end_time_derives_hours" time="0.146" /><testcase classname="backend.tests.test_vendor_bookings.TestCreateBooking" name="test_vendor_cannot_create_booking" time="0.142" /><testcase classname="backend.tests.test_vendor_bookings.TestCreateBooking" name="test_anonymous_cannot_create_booking" time="0.197" /><testcase classname="backend.tests.test_vendor_bookings.TestStateMachine" name="test_vendor_confirmed_is_remapped_to_vendor_accepted" time="0.192" /><testcase classname="backend.tests.test_vendor_bookings.TestStateMachine" name="test_vendor_declined_is_remapped_to_vendor_declined" time="0.188" /><testcase classname="backend.tests.test_vendor_bookings.TestStateMachine" name="test_vendor_cannot_patch_booking_of_other_vendor" time="0.879" /><testcase classname="backend.tests.test_vendor_bookings.TestStateMachine" name="test_admin_can_confirm_with_notes_and_logs_notification" time="0.210" /><testcase classname="backend.tests.test_vendor_bookings.TestStateMachine" name="test_admin_can_override_vendor_accept_with_reject" time="0.304" /><testcase classname="backend.tests.test_vendor_bookings.TestStateMachine" name="test_hr_can_cancel_after_confirmed" time="0.287" /><testcase classname="backend.tests.test_vendor_bookings.TestStateMachine" name="test_hr_cannot_set_arbitrary_status" time="0.285" /><testcase classname="backend.tests.test_vendor_bookings.TestStateMachine" name="test_status_change_emits_log_line" time="0.696" /><testcase classname="backend.tests.test_vendor_bookings.TestRegression" name="test_events_endpoint_still_lists" time="0.043" /><testcase classname="backend.tests.test_vendor_bookings.TestRegression" name="test_players_profiles_still_lists" time="0.081" /><testcase classname="backend.tests.test_vendor_bookings.TestRegression" name="test_companies_public_still_lists" time="0.109" /><testcase classname="backend.tests.test_vendor_bookings.TestRegression" name="test_settings_public_still_returns" time="0.151" /><testcase classname="backend.tests.test_vendor_player_settings.TestPublicEndpoints" name="test_companies_public_no_auth" time="0.097" /><testcase classname="backend.tests.test_vendor_player_settings.TestPublicEndpoints" name="test_settings_get_no_auth" time="0.096" /><testcase classname="backend.tests.test_vendor_player_settings.TestPublicEndpoints" name="test_settings_patch_requires_platform_admin" time="0.368" /><testcase classname="backend.tests.test_vendor_player_settings.TestPublicEndpoints" name="test_settings_patch_as_admin_persists" time="0.477" /><testcase classname="backend.tests.test_vendor_player_settings.TestPlayers" name="test_register_without_email_succeeds" time="0.380" /><testcase classname="backend.tests.test_vendor_player_settings.TestPlayers" name="test_duplicate_mobile_returns_400" time="0.434" /><testcase classname="backend.tests.test_vendor_player_settings.TestPlayers" name="test_player_login_success" time="0.362" /><testcase classname="backend.tests.test_vendor_player_settings.TestPlayers" name="test_player_login_wrong_password" time="0.336" /><testcase classname="backend.tests.test_vendor_player_settings.TestPlayers" name="test_get_my_profile" time="0.045" /><testcase classname="backend.tests.test_vendor_player_settings.TestPlayers" name="test_patch_profile_updates_fields" time="0.047" /><testcase classname="backend.tests.test_vendor_player_settings.TestPlayers" name="test_patch_cannot_change_mobile_view_count_or_user_id" time="0.047" /><testcase classname="backend.tests.test_vendor_player_settings.TestPlayers" name="test_change_company_updates_user_and_profile" time="0.199" /><testcase classname="backend.tests.test_vendor_player_settings.TestPlayers" name="test_profile_list_masks_mobile_for_others" time="0.419" /><testcase classname="backend.tests.test_vendor_player_settings.TestPlayers" name="test_profile_list_search_filter" time="0.050" /><testcase classname="backend.tests.test_vendor_player_settings.TestPlayers" name="test_view_count_increments_for_other_viewer" time="0.214" /><testcase classname="backend.tests.test_vendor_player_settings.TestPlayers" name="test_profiles_list_filter_by_company" time="0.046" /><testcase classname="backend.tests.test_vendor_player_settings.TestVendorsListingsBookings" name="test_vendor_signup_creates_unapproved" time="0.363" /><testcase classname="backend.tests.test_vendor_player_settings.TestVendorsListingsBookings" name="test_public_listings_strip_vendor_id_and_only_approved" time="0.103" /><testcase classname="backend.tests.test_vendor_player_settings.TestVendorsListingsBookings" name="test_public_listings_filters" time="0.099" /><testcase classname="backend.tests.test_vendor_player_settings.TestVendorsListingsBookings" name="test_vendor_create_listing_pending_then_admin_approve" time="0.745" /><testcase classname="backend.tests.test_vendor_player_settings.TestVendorsListingsBookings" name="test_vendor_listing_patch_cannot_self_approve" time="0.175" /><testcase classname="backend.tests.test_vendor_player_settings.TestVendorsListingsBookings" name="test_vendor_listings_owner_only" time="0.583" /><testcase classname="backend.tests.test_vendor_player_settings.TestVendorBookings" name="test_company_admin_books_approved_listing" time="0.412" /><testcase classname="backend.tests.test_vendor_player_settings.TestVendorBookings" name="test_booking_rejected_when_listing_not_approved" time="0.140" /><testcase classname="backend.tests.test_vendor_player_settings.TestVendorBookings" name="test_non_company_admin_cannot_create_booking" time="0.151" /><testcase classname="backend.tests.test_vendor_player_settings.TestAdminVendorApproval" name="test_admin_lists_vendors_filtered" time="0.046" /><testcase classname="backend.tests.test_vendor_player_settings.TestAdminVendorApproval" name="test_non_admin_cannot_list_vendors" time="0.044" /><testcase classname="backend.tests.test_vendor_player_settings.TestAdminVendorApproval" name="test_admin_can_flip_vendor_approval" time="0.153" /></testsuite></testsuites>