<?xml version="1.0" encoding="utf-8"?><testsuites name="pytest tests"><testsuite name="pytest" errors="0" failures="0" skipped="0" tests="9" time="2.208" timestamp="2026-07-25T03:44:47.822044+00:00" hostname="agent-env-b169f24a-ac20-4873-8045-8da1cd775346"><testcase classname="backend.tests.test_checkin_iter42.TestPlayerScanVenue" name="test_returns_bookings_with_within_window" time="1.067" /><testcase classname="backend.tests.test_checkin_iter42.TestPlayerScanVenue" name="test_404_on_missing_listing" time="0.053" /><testcase classname="backend.tests.test_checkin_iter42.TestVendorScanPlayer" name="test_vendor_sees_player_platform_booking" time="0.427" /><testcase classname="backend.tests.test_checkin_iter42.TestVendorScanPlayer" name="test_non_vendor_gets_403" time="0.054" /><testcase classname="backend.tests.test_checkin_iter42.TestVendorScanPlayer" name="test_404_on_missing_player" time="0.056" /><testcase classname="backend.tests.test_checkin_iter42.TestCheckInVendorBooking" name="test_player_can_self_check_in_then_second_call_409" time="0.097" /><testcase classname="backend.tests.test_checkin_iter42.TestCheckInVendorBooking" name="test_404_on_missing_booking" time="0.050" /><testcase classname="backend.tests.test_checkin_iter42.TestCheckInPrivate" name="test_player_forbidden" time="0.061" /><testcase classname="backend.tests.test_checkin_iter42.TestCheckInPrivate" name="test_404_when_not_found_for_vendor" time="0.103" /></testsuite></testsuites>