<?xml version="1.0" encoding="utf-8"?><testsuites name="pytest tests"><testsuite name="pytest" errors="18" failures="0" skipped="0" tests="52" time="15.174" timestamp="2026-06-28T12:29:26.983887+00:00" hostname="agent-env-b169f24a-ac20-4873-8045-8da1cd775346"><testcase classname="backend.tests.test_memberships_phase2.TestMembershipPurchase" name="test_buy_offline_creates_pending" time="1.732" /><testcase classname="backend.tests.test_memberships_phase2.TestMembershipPurchase" name="test_online_also_lands_pending" time="0.447" /><testcase classname="backend.tests.test_memberships_phase2.TestMembershipPurchase" name="test_duplicate_buy_blocked" time="0.004" /><testcase classname="backend.tests.test_memberships_phase2.TestMembershipPurchase" name="test_my_purchases_lists_pending" time="0.043" /><testcase classname="backend.tests.test_memberships_phase2.TestMembershipPurchase" name="test_vendor_inbox_sees_request" time="0.012" /><testcase classname="backend.tests.test_memberships_phase2.TestMembershipPurchase" name="test_vendor_activates_purchase" time="0.045" /><testcase classname="backend.tests.test_memberships_phase2.TestMembershipPurchase" name="test_activate_twice_rejected" time="0.045" /><testcase classname="backend.tests.test_memberships_phase2.TestMembershipPurchase" name="test_buyer_cannot_cancel_active" time="0.003" /><testcase classname="backend.tests.test_memberships_phase2.TestRejectAndCancel" name="test_vendor_rejects_hr2_pending" time="0.044" /><testcase classname="backend.tests.test_memberships_phase2.TestRejectAndCancel" name="test_buyer_cancels_own_pending" time="0.048" /><testcase classname="backend.tests.test_memberships_phase2.TestManualIssue" name="test_issue_unknown_email_404" time="0.004" /><testcase classname="backend.tests.test_memberships_phase2.TestManualIssue" name="test_issue_to_existing_user" time="0.044" /><testcase classname="backend.tests.test_memberships_phase2.TestManualIssue" name="test_issue_not_my_plan" time="0.003" /><testcase classname="backend.tests.test_memberships_phase2.TestPastDateRegression" name="test_vendor_booking_past_date_rejected" time="0.043" /><testcase classname="backend.tests.test_memberships_phase2.TestPastDateRegression" name="test_block_past_date_rejected" time="0.004" /><testcase classname="backend.tests.test_memberships_phase2.TestAuthGuards" name="test_purchase_requires_login" time="0.002" /><testcase classname="backend.tests.test_memberships_phase2.TestAuthGuards" name="test_vendor_inbox_forbidden_for_hr" time="0.042" /><testcase classname="backend.tests.test_memberships_phase2.TestPublicList" name="test_listing_memberships_visible_anon" time="0.005" /><testcase classname="backend.tests.test_memberships_phase3_4.TestEligibility" name="test_eligible_for_active_membership" time="2.002" /><testcase classname="backend.tests.test_memberships_phase3_4.TestEligibility" name="test_other_hr_no_eligibility" time="0.490" /><testcase classname="backend.tests.test_memberships_phase3_4.TestApplyMembership" name="test_apply_membership_zero_total_and_increments" time="0.049" /><testcase classname="backend.tests.test_memberships_phase3_4.TestApplyMembership" name="test_normal_booking_without_membership_charges_hourly" time="0.004" /><testcase classname="backend.tests.test_memberships_phase3_4.TestApplyMembership" name="test_apply_membership_listing_scoped_rejected" time="0.045" /><testcase classname="backend.tests.test_memberships_phase3_4.TestApplyMembership" name="test_apply_membership_cross_vendor_rejected" time="8.551" /><testcase classname="backend.tests.test_memberships_phase3_4.TestApplyMembership" name="test_apply_membership_expired_rejected" time="0.050" /><testcase classname="backend.tests.test_memberships_phase3_4.TestApplyMembership" name="test_apply_membership_exhausted_rejected" time="0.090" /><testcase classname="backend.tests.test_memberships_phase3_4.TestUtilization" name="test_buyer_can_fetch_utilization" time="0.043" /><testcase classname="backend.tests.test_memberships_phase3_4.TestUtilization" name="test_vendor_can_fetch_utilization" time="0.004" /><testcase classname="backend.tests.test_memberships_phase3_4.TestUtilization" name="test_random_user_forbidden" time="0.003" /><testcase classname="backend.tests.test_memberships_phase3_4.TestUtilization" name="test_unknown_purchase_404" time="0.043" /><testcase classname="backend.tests.test_memberships_phase3_4.TestRenewalReminder" name="test_within_7day_window_sends_and_idempotent" time="0.004" /><testcase classname="backend.tests.test_memberships_phase3_4.TestRenewalReminder" name="test_outside_7day_window_skipped" time="0.002" /><testcase classname="backend.tests.test_vendor_bookings.TestCities" name="test_cities_unfiltered_returns_sorted_distinct_non_empty" time="0.282"><error message="failed on setup with &quot;AssertionError: login ravi@turf.in: 401 {&quot;detail&quot;:&quot;Invalid email or password&quot;}&#10;assert 401 == 200&#10; +  where 401 = &lt;Response [401]&gt;.status_code&quot;">E   AssertionError: login ravi@turf.in: 401 {"detail":"Invalid email or password"}
    assert 401 == 200
     +  where 401 = &lt;Response [401]&gt;.status_code</error></testcase><testcase classname="backend.tests.test_vendor_bookings.TestCities" name="test_cities_filtered_by_sport_and_vendor_type" time="0.000"><error message="failed on setup with &quot;AssertionError: login ravi@turf.in: 401 {&quot;detail&quot;:&quot;Invalid email or password&quot;}&#10;assert 401 == 200&#10; +  where 401 = &lt;Response [401]&gt;.status_code&quot;">E   AssertionError: login ravi@turf.in: 401 {"detail":"Invalid email or password"}
    assert 401 == 200
     +  where 401 = &lt;Response [401]&gt;.status_code</error></testcase><testcase classname="backend.tests.test_vendor_bookings.TestCities" name="test_cities_filtered_by_uncommon_sport_excludes_unrelated" time="0.000"><error message="failed on setup with &quot;AssertionError: login ravi@turf.in: 401 {&quot;detail&quot;:&quot;Invalid email or password&quot;}&#10;assert 401 == 200&#10; +  where 401 = &lt;Response [401]&gt;.status_code&quot;">E   AssertionError: login ravi@turf.in: 401 {"detail":"Invalid email or password"}
    assert 401 == 200
     +  where 401 = &lt;Response [401]&gt;.status_code</error></testcase><testcase classname="backend.tests.test_vendor_bookings.TestListingFilter" name="test_filter_by_sport_and_city_case_insensitive" time="0.000"><error message="failed on setup with &quot;AssertionError: login ravi@turf.in: 401 {&quot;detail&quot;:&quot;Invalid email or password&quot;}&#10;assert 401 == 200&#10; +  where 401 = &lt;Response [401]&gt;.status_code&quot;">E   AssertionError: login ravi@turf.in: 401 {"detail":"Invalid email or password"}
    assert 401 == 200
     +  where 401 = &lt;Response [401]&gt;.status_code</error></testcase><testcase classname="backend.tests.test_vendor_bookings.TestCreateBooking" name="test_hr_creates_with_hours_derives_end_and_total" time="0.133"><error message="failed on setup with &quot;AssertionError: login acme@example.com: 401 {&quot;detail&quot;:&quot;Invalid email or password&quot;}&#10;assert 401 == 200&#10; +  where 401 = &lt;Response [401]&gt;.status_code&quot;">E   AssertionError: login acme@example.com: 401 {"detail":"Invalid email or password"}
    assert 401 == 200
     +  where 401 = &lt;Response [401]&gt;.status_code</error></testcase><testcase classname="backend.tests.test_vendor_bookings.TestCreateBooking" name="test_hr_creates_with_end_time_derives_hours" time="0.000"><error message="failed on setup with &quot;AssertionError: login acme@example.com: 401 {&quot;detail&quot;:&quot;Invalid email or password&quot;}&#10;assert 401 == 200&#10; +  where 401 = &lt;Response [401]&gt;.status_code&quot;">E   AssertionError: login acme@example.com: 401 {"detail":"Invalid email or password"}
    assert 401 == 200
     +  where 401 = &lt;Response [401]&gt;.status_code</error></testcase><testcase classname="backend.tests.test_vendor_bookings.TestCreateBooking" name="test_vendor_cannot_create_booking" time="0.000"><error message="failed on setup with &quot;AssertionError: login ravi@turf.in: 401 {&quot;detail&quot;:&quot;Invalid email or password&quot;}&#10;assert 401 == 200&#10; +  where 401 = &lt;Response [401]&gt;.status_code&quot;">E   AssertionError: login ravi@turf.in: 401 {"detail":"Invalid email or password"}
    assert 401 == 200
     +  where 401 = &lt;Response [401]&gt;.status_code</error></testcase><testcase classname="backend.tests.test_vendor_bookings.TestCreateBooking" name="test_anonymous_cannot_create_booking" time="0.000"><error message="failed on setup with &quot;AssertionError: login ravi@turf.in: 401 {&quot;detail&quot;:&quot;Invalid email or password&quot;}&#10;assert 401 == 200&#10; +  where 401 = &lt;Response [401]&gt;.status_code&quot;">E   AssertionError: login ravi@turf.in: 401 {"detail":"Invalid email or password"}
    assert 401 == 200
     +  where 401 = &lt;Response [401]&gt;.status_code</error></testcase><testcase classname="backend.tests.test_vendor_bookings.TestStateMachine" name="test_vendor_confirmed_is_remapped_to_vendor_accepted" time="0.000"><error message="failed on setup with &quot;AssertionError: login ravi@turf.in: 401 {&quot;detail&quot;:&quot;Invalid email or password&quot;}&#10;assert 401 == 200&#10; +  where 401 = &lt;Response [401]&gt;.status_code&quot;">E   AssertionError: login ravi@turf.in: 401 {"detail":"Invalid email or password"}
    assert 401 == 200
     +  where 401 = &lt;Response [401]&gt;.status_code</error></testcase><testcase classname="backend.tests.test_vendor_bookings.TestStateMachine" name="test_vendor_declined_is_remapped_to_vendor_declined" time="0.000"><error message="failed on setup with &quot;AssertionError: login ravi@turf.in: 401 {&quot;detail&quot;:&quot;Invalid email or password&quot;}&#10;assert 401 == 200&#10; +  where 401 = &lt;Response [401]&gt;.status_code&quot;">E   AssertionError: login ravi@turf.in: 401 {"detail":"Invalid email or password"}
    assert 401 == 200
     +  where 401 = &lt;Response [401]&gt;.status_code</error></testcase><testcase classname="backend.tests.test_vendor_bookings.TestStateMachine" name="test_vendor_cannot_patch_booking_of_other_vendor" time="0.000"><error message="failed on setup with &quot;AssertionError: login acme@example.com: 401 {&quot;detail&quot;:&quot;Invalid email or password&quot;}&#10;assert 401 == 200&#10; +  where 401 = &lt;Response [401]&gt;.status_code&quot;">E   AssertionError: login acme@example.com: 401 {"detail":"Invalid email or password"}
    assert 401 == 200
     +  where 401 = &lt;Response [401]&gt;.status_code</error></testcase><testcase classname="backend.tests.test_vendor_bookings.TestStateMachine" name="test_admin_can_confirm_with_notes_and_logs_notification" time="0.353"><error message="failed on setup with &quot;AssertionError: login acme@example.com: 401 {&quot;detail&quot;:&quot;Invalid email or password&quot;}&#10;assert 401 == 200&#10; +  where 401 = &lt;Response [401]&gt;.status_code&quot;">E   AssertionError: login acme@example.com: 401 {"detail":"Invalid email or password"}
    assert 401 == 200
     +  where 401 = &lt;Response [401]&gt;.status_code</error></testcase><testcase classname="backend.tests.test_vendor_bookings.TestStateMachine" name="test_admin_can_override_vendor_accept_with_reject" time="0.000"><error message="failed on setup with &quot;AssertionError: login ravi@turf.in: 401 {&quot;detail&quot;:&quot;Invalid email or password&quot;}&#10;assert 401 == 200&#10; +  where 401 = &lt;Response [401]&gt;.status_code&quot;">E   AssertionError: login ravi@turf.in: 401 {"detail":"Invalid email or password"}
    assert 401 == 200
     +  where 401 = &lt;Response [401]&gt;.status_code</error></testcase><testcase classname="backend.tests.test_vendor_bookings.TestStateMachine" name="test_hr_can_cancel_after_confirmed" time="0.000"><error message="failed on setup with &quot;AssertionError: login acme@example.com: 401 {&quot;detail&quot;:&quot;Invalid email or password&quot;}&#10;assert 401 == 200&#10; +  where 401 = &lt;Response [401]&gt;.status_code&quot;">E   AssertionError: login acme@example.com: 401 {"detail":"Invalid email or password"}
    assert 401 == 200
     +  where 401 = &lt;Response [401]&gt;.status_code</error></testcase><testcase classname="backend.tests.test_vendor_bookings.TestStateMachine" name="test_hr_cannot_set_arbitrary_status" time="0.000"><error message="failed on setup with &quot;AssertionError: login acme@example.com: 401 {&quot;detail&quot;:&quot;Invalid email or password&quot;}&#10;assert 401 == 200&#10; +  where 401 = &lt;Response [401]&gt;.status_code&quot;">E   AssertionError: login acme@example.com: 401 {"detail":"Invalid email or password"}
    assert 401 == 200
     +  where 401 = &lt;Response [401]&gt;.status_code</error></testcase><testcase classname="backend.tests.test_vendor_bookings.TestStateMachine" name="test_status_change_emits_log_line" time="0.000"><error message="failed on setup with &quot;AssertionError: login acme@example.com: 401 {&quot;detail&quot;:&quot;Invalid email or password&quot;}&#10;assert 401 == 200&#10; +  where 401 = &lt;Response [401]&gt;.status_code&quot;">E   AssertionError: login acme@example.com: 401 {"detail":"Invalid email or password"}
    assert 401 == 200
     +  where 401 = &lt;Response [401]&gt;.status_code</error></testcase><testcase classname="backend.tests.test_vendor_bookings.TestRegression" name="test_events_endpoint_still_lists" time="0.000"><error message="failed on setup with &quot;AssertionError: login acme@example.com: 401 {&quot;detail&quot;:&quot;Invalid email or password&quot;}&#10;assert 401 == 200&#10; +  where 401 = &lt;Response [401]&gt;.status_code&quot;">E   AssertionError: login acme@example.com: 401 {"detail":"Invalid email or password"}
    assert 401 == 200
     +  where 401 = &lt;Response [401]&gt;.status_code</error></testcase><testcase classname="backend.tests.test_vendor_bookings.TestRegression" name="test_players_profiles_still_lists" time="0.000"><error message="failed on setup with &quot;AssertionError: login acme@example.com: 401 {&quot;detail&quot;:&quot;Invalid email or password&quot;}&#10;assert 401 == 200&#10; +  where 401 = &lt;Response [401]&gt;.status_code&quot;">E   AssertionError: login acme@example.com: 401 {"detail":"Invalid email or password"}
    assert 401 == 200
     +  where 401 = &lt;Response [401]&gt;.status_code</error></testcase><testcase classname="backend.tests.test_vendor_bookings.TestRegression" name="test_companies_public_still_lists" time="0.105" /><testcase classname="backend.tests.test_vendor_bookings.TestRegression" name="test_settings_public_still_returns" time="0.140" /></testsuite></testsuites>