<?xml version="1.0" encoding="utf-8"?><testsuites name="pytest tests"><testsuite name="pytest" errors="0" failures="0" skipped="0" tests="123" time="33.011" timestamp="2026-06-14T05:13:11.315718+00:00" hostname="agent-env-b169f24a-ac20-4873-8045-8da1cd775346"><testcase classname="backend.tests.backend_test.TestMeta" name="test_root" time="0.263" /><testcase classname="backend.tests.backend_test.TestMeta" name="test_stats" time="0.049" /><testcase classname="backend.tests.backend_test.TestAuth" name="test_login_admin_sets_cookie" time="0.347" /><testcase classname="backend.tests.backend_test.TestAuth" name="test_me_with_cookie" time="0.417" /><testcase classname="backend.tests.backend_test.TestAuth" name="test_login_bad_password" time="0.324" /><testcase classname="backend.tests.backend_test.TestAuth" name="test_me_unauthenticated" time="0.096" /><testcase classname="backend.tests.backend_test.TestAuth" name="test_logout" time="0.477" /><testcase classname="backend.tests.backend_test.TestAuth" name="test_register_viewer" time="0.484" /><testcase classname="backend.tests.backend_test.TestEvents" name="test_list_events" time="0.047" /><testcase classname="backend.tests.backend_test.TestEvents" name="test_get_event" time="0.085" /><testcase classname="backend.tests.backend_test.TestEvents" name="test_get_event_404" time="0.042" /><testcase classname="backend.tests.backend_test.TestEvents" name="test_create_event_requires_admin" time="0.397" /><testcase classname="backend.tests.backend_test.TestEvents" name="test_create_event_unauth" time="0.100" /><testcase classname="backend.tests.backend_test.TestEvents" name="test_admin_event_full_crud" time="0.677" /><testcase classname="backend.tests.backend_test.TestTeams" name="test_list_teams" time="0.045" /><testcase classname="backend.tests.backend_test.TestTeams" name="test_list_teams_filter" time="0.124" /><testcase classname="backend.tests.backend_test.TestTeams" name="test_create_team_public" time="0.189" /><testcase classname="backend.tests.backend_test.TestTeams" name="test_team_update_requires_admin" time="0.140" /><testcase classname="backend.tests.backend_test.TestTeams" name="test_admin_team_update_delete" time="0.202" /><testcase classname="backend.tests.backend_test.TestTeamPlayers" name="test_list_team_players" time="0.044" /><testcase classname="backend.tests.backend_test.TestTeamPlayers" name="test_create_get_team_player" time="0.393" /><testcase classname="backend.tests.backend_test.TestTeamPlayers" name="test_team_player_patch_requires_admin" time="0.238" /><testcase classname="backend.tests.backend_test.TestFixtures" name="test_existing_football_fixtures_sorted" time="0.087" /><testcase classname="backend.tests.backend_test.TestFixtures" name="test_generate_round_robin" time="0.806" /><testcase classname="backend.tests.backend_test.TestFixtures" name="test_generate_knockout_and_propagate" time="0.881" /><testcase classname="backend.tests.backend_test.TestFixtures" name="test_generate_fixtures_requires_admin" time="0.093" /><testcase classname="backend.tests.backend_test.TestFixtures" name="test_generate_needs_2_teams" time="0.149" /><testcase classname="backend.tests.backend_test.TestStandings" name="test_standings_football" time="0.129" /><testcase classname="backend.tests.backend_test.TestSponsors" name="test_list_sponsors" time="0.043" /><testcase classname="backend.tests.backend_test.TestSponsors" name="test_sponsor_admin_only" time="0.048" /><testcase classname="backend.tests.backend_test.TestSponsors" name="test_sponsor_crud" time="0.390" /><testcase classname="backend.tests.test_currency_catalog.TestServicesCatalog" name="test_seed_has_17_services" time="0.099" /><testcase classname="backend.tests.test_currency_catalog.TestServicesCatalog" name="test_inr_services_present" time="0.000" /><testcase classname="backend.tests.test_currency_catalog.TestServicesCatalog" name="test_usd_new_services_present" time="0.000" /><testcase classname="backend.tests.test_currency_catalog.TestServicesCatalog" name="test_each_service_has_currency_field" time="0.000" /><testcase classname="backend.tests.test_currency_catalog.TestNewServiceConfig" name="test_photography_fields" time="0.000" /><testcase classname="backend.tests.test_currency_catalog.TestNewServiceConfig" name="test_videography_fields" time="0.000" /><testcase classname="backend.tests.test_currency_catalog.TestNewServiceConfig" name="test_drone_fields" time="0.001" /><testcase classname="backend.tests.test_currency_catalog.TestNewServiceConfig" name="test_anchor_fields" time="0.000" /><testcase classname="backend.tests.test_currency_catalog.TestNewServiceConfig" name="test_dj_fields" time="0.000" /><testcase classname="backend.tests.test_currency_catalog.TestNewServiceConfig" name="test_catering_fields" time="0.000" /><testcase classname="backend.tests.test_currency_catalog.TestNewServiceConfig" name="test_medals_fields_and_variants" time="0.000" /><testcase classname="backend.tests.test_currency_catalog.TestNewServiceConfig" name="test_banners_fields_and_variants" time="0.000" /><testcase classname="backend.tests.test_currency_catalog.TestNewServiceConfig" name="test_first_aid_fields" time="0.000" /><testcase classname="backend.tests.test_currency_catalog.TestNewServiceConfig" name="test_match_officials_fields" time="0.000" /><testcase classname="backend.tests.test_currency_catalog.TestServiceCurrencyPatch" name="test_admin_can_patch_currency" time="0.691" /><testcase classname="backend.tests.test_currency_catalog.TestBookingCurrency" name="test_booking_inr_service_carries_inr_currency" time="0.477" /><testcase classname="backend.tests.test_currency_catalog.TestBookingCurrency" name="test_booking_usd_service_carries_usd" time="0.088" /><testcase classname="backend.tests.test_currency_catalog.TestIdempotentSeed" name="test_service_count_stable" time="0.202" /><testcase classname="backend.tests.test_event_teams.TestEventCreate" name="test_create_inter_company_event_persists_fields" time="0.312" /><testcase classname="backend.tests.test_event_teams.TestStreamUrl" name="test_admin_can_update_stream" time="0.089" /><testcase classname="backend.tests.test_event_teams.TestStreamUrl" name="test_anonymous_stream_update_unauthorized" time="0.004" /><testcase classname="backend.tests.test_event_teams.TestStreamUrl" name="test_wrong_company_admin_stream_update_forbidden" time="0.271" /><testcase classname="backend.tests.test_event_teams.TestEventCompanies" name="test_add_new_company_creates_hr_and_returns_temp_password" time="0.538" /><testcase classname="backend.tests.test_event_teams.TestEventCompanies" name="test_add_existing_company_idempotent" time="0.136" /><testcase classname="backend.tests.test_event_teams.TestEventTeams" name="test_team_event_scoped" time="0.045" /><testcase classname="backend.tests.test_event_teams.TestEventTeams" name="test_player_cannot_create_team" time="0.270" /><testcase classname="backend.tests.test_event_teams.TestEventTeams" name="test_set_captain_adds_player_to_members" time="0.049" /><testcase classname="backend.tests.test_event_teams.TestEventTeams" name="test_add_member_via_quick_returns_temp_password" time="0.270" /><testcase classname="backend.tests.test_event_teams.TestEventTeams" name="test_list_members_masks_mobile" time="0.045" /><testcase classname="backend.tests.test_event_teams.TestEventTeams" name="test_random_player_cannot_add_member" time="0.500" /><testcase classname="backend.tests.test_event_teams.TestEventTeams" name="test_delete_member_pulls_and_clears_captain" time="0.046" /><testcase classname="backend.tests.test_event_teams.TestRegression" name="test_list_events" time="0.003" /><testcase classname="backend.tests.test_event_teams.TestRegression" name="test_list_teams_with_event_id" time="0.003" /><testcase classname="backend.tests.test_event_teams.TestRegression" name="test_sponsors_list" time="0.002" /><testcase classname="backend.tests.test_event_teams.TestRegression" name="test_public_companies" time="0.002" /><testcase classname="backend.tests.test_multitenant.TestRoles" name="test_platform_admin_role" time="0.334" /><testcase classname="backend.tests.test_multitenant.TestRoles" name="test_company_admin_role" time="0.326" /><testcase classname="backend.tests.test_multitenant.TestCompanySignup" name="test_signup_creates_company_and_admin" time="1.385" /><testcase classname="backend.tests.test_multitenant.TestCompanySignup" name="test_signup_duplicate_email" time="0.094" /><testcase classname="backend.tests.test_multitenant.TestServices" name="test_list_services_seed" time="0.104" /><testcase classname="backend.tests.test_multitenant.TestServices" name="test_services_crud_rbac" time="0.322" /><testcase classname="backend.tests.test_multitenant.TestBookings" name="test_trophy_booking_pricing" time="0.151" /><testcase classname="backend.tests.test_multitenant.TestBookings" name="test_crystal_variant_pricing" time="0.189" /><testcase classname="backend.tests.test_multitenant.TestBookings" name="test_list_bookings_scoped" time="4.070" /><testcase classname="backend.tests.test_multitenant.TestBookings" name="test_status_update_rbac" time="0.344" /><testcase classname="backend.tests.test_multitenant.TestBookings" name="test_booking_unauthenticated_forbidden" time="0.178" /><testcase classname="backend.tests.test_multitenant.TestEventTenancy" name="test_company_admin_event_stamped" time="0.178" /><testcase classname="backend.tests.test_multitenant.TestEventTenancy" name="test_company_admin_cannot_edit_other_company_event" time="0.501" /><testcase classname="backend.tests.test_multitenant.TestStats" name="test_global_stats" time="0.105" /><testcase classname="backend.tests.test_multitenant.TestStats" name="test_company_stats_scoped" time="0.046" /><testcase classname="backend.tests.test_multitenant.TestStats" name="test_company_stats_requires_company_admin" time="0.047" /><testcase classname="backend.tests.test_password_reset" name="test_forgot_password_unknown_email_returns_ok" time="0.003" /><testcase classname="backend.tests.test_password_reset" name="test_forgot_password_missing_email_400" time="0.002" /><testcase classname="backend.tests.test_password_reset" name="test_reset_password_full_flow" time="1.944" /><testcase classname="backend.tests.test_password_reset" name="test_reset_password_invalid_token_400" time="0.002" /><testcase classname="backend.tests.test_password_reset" name="test_reset_password_short_password_400" time="0.002" /><testcase classname="backend.tests.test_upload.TestUploadAuth" name="test_upload_without_auth_returns_401" time="0.108" /><testcase classname="backend.tests.test_upload.TestUploadAuth" name="test_upload_png_as_admin_returns_200" time="1.003" /><testcase classname="backend.tests.test_upload.TestUploadAuth" name="test_upload_as_vendor_returns_200" time="0.366" /><testcase classname="backend.tests.test_upload.TestUploadValidation" name="test_non_image_returns_400" time="0.358" /><testcase classname="backend.tests.test_upload.TestUploadValidation" name="test_oversized_file_returns_400" time="0.569" /><testcase classname="backend.tests.test_upload.TestUploadValidation" name="test_jpeg_accepted" time="0.367" /><testcase classname="backend.tests.test_upload.TestUploadValidation" name="test_webp_accepted" time="0.389" /><testcase classname="backend.tests.test_upload.TestStaticServing" name="test_uploaded_file_served_with_image_content_type" time="0.452" /><testcase classname="backend.tests.test_vendor_player_settings.TestPublicEndpoints" name="test_companies_public_no_auth" time="0.101" /><testcase classname="backend.tests.test_vendor_player_settings.TestPublicEndpoints" name="test_settings_get_no_auth" time="0.097" /><testcase classname="backend.tests.test_vendor_player_settings.TestPublicEndpoints" name="test_settings_patch_requires_platform_admin" time="0.393" /><testcase classname="backend.tests.test_vendor_player_settings.TestPublicEndpoints" name="test_settings_patch_as_admin_persists" time="0.445" /><testcase classname="backend.tests.test_vendor_player_settings.TestPlayers" name="test_register_without_email_succeeds" time="0.379" /><testcase classname="backend.tests.test_vendor_player_settings.TestPlayers" name="test_duplicate_mobile_returns_400" time="0.475" /><testcase classname="backend.tests.test_vendor_player_settings.TestPlayers" name="test_player_login_success" time="0.366" /><testcase classname="backend.tests.test_vendor_player_settings.TestPlayers" name="test_player_login_wrong_password" time="0.329" /><testcase classname="backend.tests.test_vendor_player_settings.TestPlayers" name="test_get_my_profile" time="0.046" /><testcase classname="backend.tests.test_vendor_player_settings.TestPlayers" name="test_patch_profile_updates_fields" time="0.045" /><testcase classname="backend.tests.test_vendor_player_settings.TestPlayers" name="test_patch_cannot_change_mobile_view_count_or_user_id" time="0.045" /><testcase classname="backend.tests.test_vendor_player_settings.TestPlayers" name="test_change_company_updates_user_and_profile" time="0.209" /><testcase classname="backend.tests.test_vendor_player_settings.TestPlayers" name="test_profile_list_masks_mobile_for_others" time="0.362" /><testcase classname="backend.tests.test_vendor_player_settings.TestPlayers" name="test_profile_list_search_filter" time="0.043" /><testcase classname="backend.tests.test_vendor_player_settings.TestPlayers" name="test_view_count_increments_for_other_viewer" time="0.246" /><testcase classname="backend.tests.test_vendor_player_settings.TestPlayers" name="test_profiles_list_filter_by_company" time="0.044" /><testcase classname="backend.tests.test_vendor_player_settings.TestVendorsListingsBookings" name="test_vendor_signup_creates_unapproved" time="0.358" /><testcase classname="backend.tests.test_vendor_player_settings.TestVendorsListingsBookings" name="test_public_listings_strip_vendor_id_and_only_approved" time="0.100" /><testcase classname="backend.tests.test_vendor_player_settings.TestVendorsListingsBookings" name="test_public_listings_filters" time="0.101" /><testcase classname="backend.tests.test_vendor_player_settings.TestVendorsListingsBookings" name="test_vendor_create_listing_pending_then_admin_approve" time="0.798" /><testcase classname="backend.tests.test_vendor_player_settings.TestVendorsListingsBookings" name="test_vendor_listing_patch_cannot_self_approve" time="0.146" /><testcase classname="backend.tests.test_vendor_player_settings.TestVendorsListingsBookings" name="test_vendor_listings_owner_only" time="0.554" /><testcase classname="backend.tests.test_vendor_player_settings.TestVendorBookings" name="test_company_admin_books_approved_listing" time="0.496" /><testcase classname="backend.tests.test_vendor_player_settings.TestVendorBookings" name="test_booking_rejected_when_listing_not_approved" time="0.150" /><testcase classname="backend.tests.test_vendor_player_settings.TestVendorBookings" name="test_non_company_admin_cannot_create_booking" time="0.413" /><testcase classname="backend.tests.test_vendor_player_settings.TestAdminVendorApproval" name="test_admin_lists_vendors_filtered" time="0.055" /><testcase classname="backend.tests.test_vendor_player_settings.TestAdminVendorApproval" name="test_non_admin_cannot_list_vendors" time="0.040" /><testcase classname="backend.tests.test_vendor_player_settings.TestAdminVendorApproval" name="test_admin_can_flip_vendor_approval" time="0.145" /></testsuite></testsuites>