<?xml version="1.0" encoding="utf-8"?><testsuites name="pytest tests"><testsuite name="pytest" errors="0" failures="1" skipped="0" tests="20" time="7.299" timestamp="2026-06-15T04:31:38.246080+00:00" hostname="agent-env-b169f24a-ac20-4873-8045-8da1cd775346"><testcase classname="backend.tests.test_vendor_bookings.TestCities" name="test_cities_unfiltered_returns_sorted_distinct_non_empty" time="1.618" /><testcase classname="backend.tests.test_vendor_bookings.TestCities" name="test_cities_filtered_by_sport_and_vendor_type" time="0.221" /><testcase classname="backend.tests.test_vendor_bookings.TestCities" name="test_cities_filtered_by_uncommon_sport_excludes_unrelated" time="0.244" /><testcase classname="backend.tests.test_vendor_bookings.TestListingFilter" name="test_filter_by_sport_and_city_case_insensitive" time="0.215" /><testcase classname="backend.tests.test_vendor_bookings.TestCreateBooking" name="test_hr_creates_with_hours_derives_end_and_total" time="0.541" /><testcase classname="backend.tests.test_vendor_bookings.TestCreateBooking" name="test_hr_creates_with_end_time_derives_hours" time="0.191" /><testcase classname="backend.tests.test_vendor_bookings.TestCreateBooking" name="test_vendor_cannot_create_booking" time="0.176" /><testcase classname="backend.tests.test_vendor_bookings.TestCreateBooking" name="test_anonymous_cannot_create_booking" time="0.205" /><testcase classname="backend.tests.test_vendor_bookings.TestStateMachine" name="test_vendor_confirmed_is_remapped_to_vendor_accepted" time="0.241" /><testcase classname="backend.tests.test_vendor_bookings.TestStateMachine" name="test_vendor_declined_is_remapped_to_vendor_declined" time="0.234" /><testcase classname="backend.tests.test_vendor_bookings.TestStateMachine" name="test_vendor_cannot_patch_booking_of_other_vendor" time="1.011" /><testcase classname="backend.tests.test_vendor_bookings.TestStateMachine" name="test_admin_can_confirm_with_notes_and_logs_notification" time="0.236" /><testcase classname="backend.tests.test_vendor_bookings.TestStateMachine" name="test_admin_can_override_vendor_accept_with_reject" time="0.306" /><testcase classname="backend.tests.test_vendor_bookings.TestStateMachine" name="test_hr_can_cancel_after_confirmed" time="0.287" /><testcase classname="backend.tests.test_vendor_bookings.TestStateMachine" name="test_hr_cannot_set_arbitrary_status" time="0.320" /><testcase classname="backend.tests.test_vendor_bookings.TestStateMachine" name="test_status_change_emits_log_line" time="0.719" /><testcase classname="backend.tests.test_vendor_bookings.TestRegression" name="test_events_endpoint_still_lists" time="0.045" /><testcase classname="backend.tests.test_vendor_bookings.TestRegression" name="test_players_profiles_still_lists" time="0.105"><failure message="assert 401 == 200&#10; +  where 401 = &lt;Response [401]&gt;.status_code">backend/tests/test_vendor_bookings.py:352: in test_players_profiles_still_lists
    assert r.status_code == 200
E   assert 401 == 200
E    +  where 401 = &lt;Response [401]&gt;.status_code</failure></testcase><testcase classname="backend.tests.test_vendor_bookings.TestRegression" name="test_companies_public_still_lists" time="0.099" /><testcase classname="backend.tests.test_vendor_bookings.TestRegression" name="test_settings_public_still_returns" time="0.126" /></testsuite></testsuites>