<?xml version="1.0" encoding="utf-8"?><testsuites name="pytest tests"><testsuite name="pytest" errors="0" failures="0" skipped="0" tests="5" time="0.924" timestamp="2026-07-18T14:17:22.149140+00:00" hostname="agent-env-b169f24a-ac20-4873-8045-8da1cd775346"><testcase classname="backend.tests.test_app_store_settings.TestAppStoreSettings" name="test_get_settings_exposes_new_fields" time="0.222" /><testcase classname="backend.tests.test_app_store_settings.TestAppStoreSettings" name="test_patch_settings_requires_auth" time="0.043" /><testcase classname="backend.tests.test_app_store_settings.TestAppStoreSettings" name="test_patch_updates_and_persists" time="0.424" /><testcase classname="backend.tests.test_app_store_settings.TestAppStoreSettings" name="test_patch_accepts_partial_and_preserves_other" time="0.052" /><testcase classname="backend.tests.test_app_store_settings.TestAppStoreSettings" name="test_cleanup_restore_empty" time="0.093" /></testsuite></testsuites>