<?xml version="1.0" encoding="utf-8"?><testsuites name="pytest tests"><testsuite name="pytest" errors="1" failures="0" skipped="0" tests="25" time="4.415" timestamp="2026-07-15T04:40:36.379242+00:00" hostname="agent-env-b169f24a-ac20-4873-8045-8da1cd775346"><testcase classname="backend.tests.test_iter41_lifecycle.TestCreateRequiresDates" name="test_missing_start_date_returns_400" time="0.597" /><testcase classname="backend.tests.test_iter41_lifecycle.TestCreateRequiresDates" name="test_missing_end_date_returns_400" time="0.057" /><testcase classname="backend.tests.test_iter41_lifecycle.TestCreateRequiresDates" name="test_end_before_start_returns_400" time="0.056" /><testcase classname="backend.tests.test_iter41_lifecycle.TestCreateRequiresDates" name="test_valid_dates_create_succeeds" time="0.118" /><testcase classname="backend.tests.test_iter41_lifecycle.TestPatchDates" name="test_partial_update_without_dates_succeeds" time="0.783" /><testcase classname="backend.tests.test_iter41_lifecycle.TestPatchDates" name="test_blank_start_date_rejected" time="0.175" /><testcase classname="backend.tests.test_iter41_lifecycle.TestPatchDates" name="test_blank_end_date_rejected" time="0.176" /><testcase classname="backend.tests.test_iter41_lifecycle.TestPatchDates" name="test_new_end_before_existing_start_rejected" time="0.182" /><testcase classname="backend.tests.test_iter41_lifecycle.TestPatchDates" name="test_valid_new_dates_succeed" time="0.179" /><testcase classname="backend.tests.test_iter41_lifecycle.TestManualTickEndpoint" name="test_platform_admin_can_tick" time="0.442" /><testcase classname="backend.tests.test_iter41_lifecycle.TestManualTickEndpoint" name="test_non_admin_forbidden" time="0.059" /><testcase classname="backend.tests.test_iter41_lifecycle.TestManualTickEndpoint" name="test_organiser_forbidden" time="0.411" /><testcase classname="backend.tests.test_iter41_lifecycle.TestManualTickEndpoint" name="test_hr_forbidden" time="0.182"><error message="failed on setup with &quot;requests.exceptions.HTTPError: 401 Client Error: Unauthorized for url: https://live-scoring-hub-5.preview.emergentagent.com/api/auth/login&quot;">backend/tests/test_iter41_lifecycle.py:59: in hr_session
    return _login("acme@example.com", "acme123")
           ^^^^^^^^^^^^^^^^^^^^^^^^^^^^^^^^^^^^^
backend/tests/test_iter41_lifecycle.py:38: in _login
    r.raise_for_status()
/root/.venv/lib/python3.11/site-packages/requests/models.py:1167: in raise_for_status
    raise HTTPError(http_error_msg, response=self)
E   requests.exceptions.HTTPError: 401 Client Error: Unauthorized for url: https://live-scoring-hub-5.preview.emergentagent.com/api/auth/login</error></testcase><testcase classname="backend.tests.test_iter41_lifecycle.TestManualTickEndpoint" name="test_anonymous_forbidden" time="0.175" /><testcase classname="backend.tests.test_iter41_lifecycle.TestRunTickStatus" name="test_past_end_no_matches_started_cancels" time="0.013" /><testcase classname="backend.tests.test_iter41_lifecycle.TestRunTickStatus" name="test_past_end_with_live_fixture_completes" time="0.008" /><testcase classname="backend.tests.test_iter41_lifecycle.TestRunTickStatus" name="test_today_between_start_end_goes_ongoing" time="0.010" /><testcase classname="backend.tests.test_iter41_lifecycle.TestRunTickReminders" name="test_no_teams_reminder" time="0.006" /><testcase classname="backend.tests.test_iter41_lifecycle.TestRunTickReminders" name="test_no_fixtures_reminder_with_cooldown" time="0.008" /><testcase classname="backend.tests.test_iter41_lifecycle.TestRunTickReminders" name="test_starts_tomorrow_reminder" time="0.007" /><testcase classname="backend.tests.test_iter41_lifecycle.TestRunTickReminders" name="test_start_today_reminder" time="0.007" /><testcase classname="backend.tests.test_iter41_lifecycle.TestRunTickReminders" name="test_no_activity_8h_reminder" time="0.007" /><testcase classname="backend.tests.test_iter41_lifecycle.TestRunTickReminders" name="test_publish_results_reminder" time="0.007" /><testcase classname="backend.tests.test_iter41_lifecycle.TestRegressionApprovalFlow" name="test_approve_reject_still_present" time="0.157" /><testcase classname="backend.tests.test_iter41_lifecycle.TestRegressionApprovalFlow" name="test_events_list_shape_unchanged" time="0.204" /></testsuite></testsuites>