<?xml version="1.0" encoding="utf-8"?><testsuites name="pytest tests"><testsuite name="pytest" errors="0" failures="0" skipped="0" tests="31" time="4.096" timestamp="2026-06-16T05:13:59.591438+00:00" hostname="agent-env-b169f24a-ac20-4873-8045-8da1cd775346"><testcase classname="backend.tests.test_dashboards_and_venues.TestSports" name="test_list_sports_seeded" time="0.133" /><testcase classname="backend.tests.test_dashboards_and_venues.TestSports" name="test_create_sport_admin" time="0.451" /><testcase classname="backend.tests.test_dashboards_and_venues.TestSports" name="test_create_sport_non_admin_forbidden" time="0.367" /><testcase classname="backend.tests.test_dashboards_and_venues.TestSports" name="test_create_sport_anonymous_forbidden" time="0.098" /><testcase classname="backend.tests.test_dashboards_and_venues.TestSports" name="test_patch_sport_toggle_active" time="0.232" /><testcase classname="backend.tests.test_dashboards_and_venues.TestSports" name="test_delete_sport" time="0.089" /><testcase classname="backend.tests.test_dashboards_and_venues.TestDashboards" name="test_admin_dashboard" time="0.087" /><testcase classname="backend.tests.test_dashboards_and_venues.TestDashboards" name="test_admin_dashboard_non_admin_forbidden" time="0.407" /><testcase classname="backend.tests.test_dashboards_and_venues.TestDashboards" name="test_company_dashboard" time="0.051" /><testcase classname="backend.tests.test_dashboards_and_venues.TestDashboards" name="test_company_dashboard_vendor_forbidden" time="0.047" /><testcase classname="backend.tests.test_dashboards_and_venues.TestDashboards" name="test_vendor_dashboard" time="0.052" /><testcase classname="backend.tests.test_dashboards_and_venues.TestDashboards" name="test_vendor_dashboard_non_vendor_forbidden" time="0.091" /><testcase classname="backend.tests.test_dashboards_and_venues.TestEventsScope" name="test_events_scope_mine_hr" time="0.132" /><testcase classname="backend.tests.test_dashboards_and_venues.TestEventsScope" name="test_events_scope_mine_anonymous_returns_all" time="0.185" /><testcase classname="backend.tests.test_dashboards_and_venues.TestMyTeams" name="test_my_teams_hr" time="0.043" /><testcase classname="backend.tests.test_dashboards_and_venues.TestMyTeams" name="test_my_teams_vendor_forbidden" time="0.045" /><testcase classname="backend.tests.test_dashboards_and_venues.TestVenuesSuggest" name="test_suggest_by_city" time="0.096" /><testcase classname="backend.tests.test_dashboards_and_venues.TestVenuesSuggest" name="test_suggest_by_query_case_insensitive" time="0.096" /><testcase classname="backend.tests.test_dashboards_and_venues.TestSubUnits" name="test_create_sub_unit_as_owner" time="0.093" /><testcase classname="backend.tests.test_dashboards_and_venues.TestSubUnits" name="test_list_sub_units" time="0.100" /><testcase classname="backend.tests.test_dashboards_and_venues.TestSubUnits" name="test_create_sub_unit_anonymous_forbidden" time="0.116" /><testcase classname="backend.tests.test_dashboards_and_venues.TestSubUnits" name="test_create_sub_unit_non_owner_forbidden" time="0.043" /><testcase classname="backend.tests.test_dashboards_and_venues.TestSubUnits" name="test_admin_can_create_sub_unit" time="0.047" /><testcase classname="backend.tests.test_dashboards_and_venues.TestSchedule" name="test_default_schedule" time="0.139" /><testcase classname="backend.tests.test_dashboards_and_venues.TestSchedule" name="test_upsert_schedule_as_owner" time="0.141" /><testcase classname="backend.tests.test_dashboards_and_venues.TestBlocks" name="test_create_block_owner" time="0.045" /><testcase classname="backend.tests.test_dashboards_and_venues.TestBlocks" name="test_list_blocks_by_date" time="0.098" /><testcase classname="backend.tests.test_dashboards_and_venues.TestBlocks" name="test_delete_block" time="0.044" /><testcase classname="backend.tests.test_dashboards_and_venues.TestAvailability" name="test_slot_grid_shape" time="0.102" /><testcase classname="backend.tests.test_dashboards_and_venues.TestAvailability" name="test_block_marks_slot_blocked" time="0.160" /><testcase classname="backend.tests.test_dashboards_and_venues.TestAvailability" name="test_peak_and_weekend_pricing" time="0.193" /></testsuite></testsuites>