<?xml version="1.0" encoding="utf-8"?><testsuites name="pytest tests"><testsuite name="pytest" errors="0" failures="0" skipped="0" tests="33" time="14.241" timestamp="2026-06-17T07:12:08.972004+00:00" hostname="agent-env-b169f24a-ac20-4873-8045-8da1cd775346"><testcase classname="tests.test_vendor_player_settings.TestPublicEndpoints" name="test_companies_public_no_auth" time="0.237" /><testcase classname="tests.test_vendor_player_settings.TestPublicEndpoints" name="test_settings_get_no_auth" time="0.121" /><testcase classname="tests.test_vendor_player_settings.TestPublicEndpoints" name="test_settings_patch_requires_platform_admin" time="0.368" /><testcase classname="tests.test_vendor_player_settings.TestPublicEndpoints" name="test_settings_patch_as_admin_persists" time="0.464" /><testcase classname="tests.test_vendor_player_settings.TestPlayers" name="test_register_without_email_succeeds" time="0.374" /><testcase classname="tests.test_vendor_player_settings.TestPlayers" name="test_duplicate_mobile_returns_400" time="0.446" /><testcase classname="tests.test_vendor_player_settings.TestPlayers" name="test_player_login_success" time="0.321" /><testcase classname="tests.test_vendor_player_settings.TestPlayers" name="test_player_login_wrong_password" time="0.331" /><testcase classname="tests.test_vendor_player_settings.TestPlayers" name="test_get_my_profile" time="0.044" /><testcase classname="tests.test_vendor_player_settings.TestPlayers" name="test_patch_profile_updates_fields" time="0.086" /><testcase classname="tests.test_vendor_player_settings.TestPlayers" name="test_patch_cannot_change_mobile_view_count_or_user_id" time="0.046" /><testcase classname="tests.test_vendor_player_settings.TestPlayers" name="test_change_company_updates_user_and_profile" time="0.231" /><testcase classname="tests.test_vendor_player_settings.TestPlayers" name="test_profile_list_masks_mobile_for_others" time="0.430" /><testcase classname="tests.test_vendor_player_settings.TestPlayers" name="test_profile_list_search_filter" time="0.044" /><testcase classname="tests.test_vendor_player_settings.TestPlayers" name="test_view_count_increments_for_other_viewer" time="0.214" /><testcase classname="tests.test_vendor_player_settings.TestPlayers" name="test_profiles_list_filter_by_company" time="0.045" /><testcase classname="tests.test_vendor_player_settings.TestVendorsListingsBookings" name="test_vendor_signup_creates_unapproved" time="0.361" /><testcase classname="tests.test_vendor_player_settings.TestVendorsListingsBookings" name="test_public_listings_strip_vendor_id_and_only_approved" time="0.097" /><testcase classname="tests.test_vendor_player_settings.TestVendorsListingsBookings" name="test_public_listings_filters" time="0.092" /><testcase classname="tests.test_vendor_player_settings.TestVendorsListingsBookings" name="test_vendor_create_listing_pending_then_admin_approve" time="0.772" /><testcase classname="tests.test_vendor_player_settings.TestVendorsListingsBookings" name="test_vendor_listing_patch_cannot_self_approve" time="0.249" /><testcase classname="tests.test_vendor_player_settings.TestVendorsListingsBookings" name="test_vendor_listings_owner_only" time="0.680" /><testcase classname="tests.test_vendor_player_settings.TestVendorBookings" name="test_company_admin_books_approved_listing" time="0.525" /><testcase classname="tests.test_vendor_player_settings.TestVendorBookings" name="test_booking_rejected_when_listing_not_approved" time="0.130" /><testcase classname="tests.test_vendor_player_settings.TestVendorBookings" name="test_non_company_admin_cannot_create_booking" time="0.132" /><testcase classname="tests.test_vendor_player_settings.TestAdminVendorApproval" name="test_admin_lists_vendors_filtered" time="0.044" /><testcase classname="tests.test_vendor_player_settings.TestAdminVendorApproval" name="test_non_admin_cannot_list_vendors" time="0.043" /><testcase classname="tests.test_vendor_player_settings.TestAdminVendorApproval" name="test_admin_can_flip_vendor_approval" time="0.157" /><testcase classname="tests.test_cricket_freehit.TestFreeHit" name="test_noball_sets_free_hit_pending" time="6.706" /><testcase classname="tests.test_cricket_freehit.TestFreeHit" name="test_bowled_on_freehit_is_ignored" time="0.047" /><testcase classname="tests.test_cricket_freehit.TestFreeHit" name="test_runout_on_freehit_is_allowed" time="0.091" /><testcase classname="tests.test_cricket_freehit.TestFreeHit" name="test_free_hit_persists_through_wide" time="0.182" /><testcase classname="tests.test_cricket_freehit.TestFreeHit" name="test_legal_ball_clears_free_hit" time="0.046" /></testsuite></testsuites>