<?xml version="1.0" encoding="utf-8"?><testsuites name="pytest tests"><testsuite name="pytest" errors="0" failures="0" skipped="0" tests="8" time="3.185" timestamp="2026-07-09T05:56:58.269388+00:00" hostname="agent-env-b169f24a-ac20-4873-8045-8da1cd775346"><testcase classname="backend.tests.test_batch_bugs_iter40.TestEventAutoComplete" name="test_event_with_past_end_date_auto_completes" time="0.702" /><testcase classname="backend.tests.test_batch_bugs_iter40.TestPhotoCap" name="test_photo_limit_seven" time="0.531" /><testcase classname="backend.tests.test_batch_bugs_iter40.TestVendorListingsSports" name="test_sports_endpoint_returns_distinct_sports" time="0.124" /><testcase classname="backend.tests.test_batch_bugs_iter40.TestMobileLogin" name="test_login_with_email" time="0.398" /><testcase classname="backend.tests.test_batch_bugs_iter40.TestMobileLogin" name="test_login_with_mobile" time="0.320" /><testcase classname="backend.tests.test_batch_bugs_iter40.TestMobileLogin" name="test_login_wrong_password_still_fails" time="0.358" /><testcase classname="backend.tests.test_batch_bugs_iter40.TestAlsoPlayer" name="test_admin_can_opt_in_as_player" time="0.533" /><testcase classname="backend.tests.test_batch_bugs_iter40.TestAlsoPlayer" name="test_native_player_role_cannot_opt_in" time="0.139" /></testsuite></testsuites>