<?xml version="1.0" encoding="utf-8"?><testsuites name="pytest tests"><testsuite name="pytest" errors="0" failures="0" skipped="0" tests="11" time="2.773" timestamp="2026-07-05T06:48:49.311128+00:00" hostname="agent-env-b169f24a-ac20-4873-8045-8da1cd775346"><testcase classname="backend.tests.test_player_tournaments_iter31.TestPlayerLocalMatchCreation" name="test_player_creates_local_match_default_public" time="0.316" /><testcase classname="backend.tests.test_player_tournaments_iter31.TestPlayerLocalMatchCreation" name="test_player_creates_hidden_local_match" time="0.089" /><testcase classname="backend.tests.test_player_tournaments_iter31.TestPlayerLocalMatchCreation" name="test_public_list_hides_hidden_events" time="0.093" /><testcase classname="backend.tests.test_player_tournaments_iter31.TestPlayerLocalMatchCreation" name="test_owner_scope_hosted_returns_hidden_events" time="0.132" /><testcase classname="backend.tests.test_player_tournaments_iter31.TestPlayerLocalMatchCreation" name="test_admin_sees_hidden_events" time="0.276" /><testcase classname="backend.tests.test_player_tournaments_iter31.TestEventPatchByCreator" name="test_creator_can_patch_own_event" time="0.132" /><testcase classname="backend.tests.test_player_tournaments_iter31.TestEventPatchByCreator" name="test_patch_ignores_protected_fields" time="0.133" /><testcase classname="backend.tests.test_player_tournaments_iter31.TestEventPhotos" name="test_owner_can_add_and_remove_photos" time="0.217" /><testcase classname="backend.tests.test_player_tournaments_iter31.TestEventPhotos" name="test_non_owner_cannot_add_photos" time="0.089" /><testcase classname="backend.tests.test_player_tournaments_iter31.TestPlayerHostedTournaments" name="test_hosted_endpoint_returns_own_public_and_hidden" time="0.264" /><testcase classname="backend.tests.test_player_tournaments_iter31.TestPlayerHostedTournaments" name="test_stranger_hides_hidden_events" time="0.964" /></testsuite></testsuites>