<?xml version="1.0" encoding="utf-8"?><testsuites name="pytest tests"><testsuite name="pytest" errors="0" failures="0" skipped="0" tests="13" time="2.088" timestamp="2026-07-05T04:35:28.691019+00:00" hostname="agent-env-b169f24a-ac20-4873-8045-8da1cd775346"><testcase classname="backend.tests.test_event_contact_iter30" name="test_create_event_with_contact_fields_persists" time="0.649" /><testcase classname="backend.tests.test_event_contact_iter30" name="test_create_event_without_contact_fields_defaults_empty" time="0.046" /><testcase classname="backend.tests.test_event_contact_iter30" name="test_patch_event_contact_fields_persists" time="0.140" /><testcase classname="backend.tests.test_event_contact_iter30" name="test_sport_template_create_or_exists[kabaddi-Kabaddi-generic-team]" time="0.089" /><testcase classname="backend.tests.test_event_contact_iter30" name="test_sport_template_create_or_exists[khokho-Kho-Kho-generic-team]" time="0.091" /><testcase classname="backend.tests.test_event_contact_iter30" name="test_sport_template_create_or_exists[futsal-Futsal-football-team]" time="0.090" /><testcase classname="backend.tests.test_event_contact_iter30" name="test_sport_template_create_or_exists[padel-Padel-racket-both]" time="0.091" /><testcase classname="backend.tests.test_event_contact_iter30" name="test_sport_template_create_or_exists[throwball-Throwball-racket-team]" time="0.089" /><testcase classname="backend.tests.test_event_contact_iter30" name="test_sport_template_create_or_exists[dodgeball-Dodgeball-generic-team]" time="0.088" /><testcase classname="backend.tests.test_event_contact_iter30" name="test_sport_template_create_or_exists[esports-Esports-generic-team]" time="0.087" /><testcase classname="backend.tests.test_event_contact_iter30" name="test_sport_template_create_or_exists[carrom-Carrom-chess-individual]" time="0.092" /><testcase classname="backend.tests.test_event_contact_iter30" name="test_sport_template_create_or_exists[snooker-Snooker-generic-individual]" time="0.090" /><testcase classname="backend.tests.test_event_contact_iter30" name="test_sports_catalog_still_has_regression_sports" time="0.181" /></testsuite></testsuites>