<?xml version="1.0" encoding="utf-8"?><testsuites name="pytest tests"><testsuite name="pytest" errors="0" failures="0" skipped="2" tests="217" time="214.832" timestamp="2026-06-17T07:12:28.418782+00:00" hostname="agent-env-b169f24a-ac20-4873-8045-8da1cd775346"><testcase classname="tests.backend_test.TestMeta" name="test_root" time="0.170" /><testcase classname="tests.backend_test.TestMeta" name="test_stats" time="0.095" /><testcase classname="tests.backend_test.TestAuth" name="test_login_admin_sets_cookie" time="0.355" /><testcase classname="tests.backend_test.TestAuth" name="test_me_with_cookie" time="0.359" /><testcase classname="tests.backend_test.TestAuth" name="test_login_bad_password" time="0.315" /><testcase classname="tests.backend_test.TestAuth" name="test_me_unauthenticated" time="0.092" /><testcase classname="tests.backend_test.TestAuth" name="test_logout" time="0.470" /><testcase classname="tests.backend_test.TestAuth" name="test_register_viewer" time="0.419" /><testcase classname="tests.backend_test.TestEvents" name="test_list_events" time="0.050" /><testcase classname="tests.backend_test.TestEvents" name="test_get_event" time="0.138" /><testcase classname="tests.backend_test.TestEvents" name="test_get_event_404" time="0.048" /><testcase classname="tests.backend_test.TestEvents" name="test_create_event_requires_admin" time="0.401" /><testcase classname="tests.backend_test.TestEvents" name="test_create_event_unauth" time="0.092" /><testcase classname="tests.backend_test.TestEvents" name="test_admin_event_full_crud" time="0.225" /><testcase classname="tests.backend_test.TestTeams" name="test_list_teams" time="0.056" /><testcase classname="tests.backend_test.TestTeams" name="test_list_teams_filter" time="0.135" /><testcase classname="tests.backend_test.TestTeams" name="test_create_team_public" time="0.218" /><testcase classname="tests.backend_test.TestTeams" name="test_team_update_requires_admin" time="0.141" /><testcase classname="tests.backend_test.TestTeams" name="test_admin_team_update_delete" time="0.186" /><testcase classname="tests.backend_test.TestTeamPlayers" name="test_list_team_players" time="0.048" /><testcase classname="tests.backend_test.TestTeamPlayers" name="test_create_get_team_player" time="0.385" /><testcase classname="tests.backend_test.TestTeamPlayers" name="test_team_player_patch_requires_admin" time="0.239" /><testcase classname="tests.backend_test.TestFixtures" name="test_existing_football_fixtures_sorted" time="0.099" /><testcase classname="tests.backend_test.TestFixtures" name="test_generate_round_robin" time="0.749" /><testcase classname="tests.backend_test.TestFixtures" name="test_generate_knockout_and_propagate" time="0.824" /><testcase classname="tests.backend_test.TestFixtures" name="test_generate_fixtures_requires_admin" time="0.088" /><testcase classname="tests.backend_test.TestFixtures" name="test_generate_needs_2_teams" time="0.131" /><testcase classname="tests.backend_test.TestStandings" name="test_standings_football" time="0.158" /><testcase classname="tests.backend_test.TestSponsors" name="test_list_sponsors" time="0.048" /><testcase classname="tests.backend_test.TestSponsors" name="test_sponsor_admin_only" time="0.045" /><testcase classname="tests.backend_test.TestSponsors" name="test_sponsor_crud" time="0.130" /><testcase classname="tests.test_cricket_extended.TestStrikeRotation" name="test_odd_runs_rotate_strike" time="6.730" /><testcase classname="tests.test_cricket_extended.TestStrikeRotation" name="test_even_runs_no_rotation" time="6.705" /><testcase classname="tests.test_cricket_extended.TestStrikeRotation" name="test_end_of_over_rotates_strike" time="7.024" /><testcase classname="tests.test_cricket_extended.TestStrikeRotation" name="test_bye_legal_ball_counts_no_bat_credit" time="6.724" /><testcase classname="tests.test_cricket_extended.TestStrikeRotation" name="test_lb_legal_ball_with_rotation_on_odd" time="6.717" /><testcase classname="tests.test_cricket_extended.TestStrikeRotation" name="test_wide_odd_rotates_strike" time="6.838" /><testcase classname="tests.test_cricket_extended.TestWicketTypes" name="test_wicket_type_dismisses_and_credits[caught-True]" time="6.758" /><testcase classname="tests.test_cricket_extended.TestWicketTypes" name="test_wicket_type_dismisses_and_credits[lbw-True]" time="6.780" /><testcase classname="tests.test_cricket_extended.TestWicketTypes" name="test_wicket_type_dismisses_and_credits[stumped-True]" time="6.812" /><testcase classname="tests.test_cricket_extended.TestWicketTypes" name="test_wicket_type_dismisses_and_credits[hitwicket-True]" time="6.791" /><testcase classname="tests.test_cricket_extended.TestWicketTypes" name="test_wicket_type_dismisses_and_credits[runout-False]" time="6.784" /><testcase classname="tests.test_cricket_extended.TestInningsCompletion" name="test_overs_limit_completes_innings" time="6.998" /><testcase classname="tests.test_cricket_extended.TestInningsCompletion" name="test_end_innings_manual_then_start_second" time="6.868" /><testcase classname="tests.test_cricket_extended.TestInningsCompletion" name="test_chase_target_completes_match" time="6.937" /><testcase classname="tests.test_cricket_extended.TestEndMatch" name="test_end_match_declares_winner" time="6.736" /><testcase classname="tests.test_cricket_extended.TestEndMatch" name="test_end_match_rejects_bogus_winner" time="6.891" /><testcase classname="tests.test_cricket_extended.TestValidation" name="test_overs_too_large" time="6.574" /><testcase classname="tests.test_cricket_extended.TestValidation" name="test_toss_outside_toss_phase_rejected" time="6.612" /><testcase classname="tests.test_cricket_extended.TestValidation" name="test_toss_bad_winner_team" time="6.711" /><testcase classname="tests.test_cricket_extended.TestValidation" name="test_striker_equals_nonstriker_rejected" time="6.754" /><testcase classname="tests.test_cricket_extended.TestValidation" name="test_striker_not_in_xi_rejected" time="6.775" /><testcase classname="tests.test_cricket_extended.TestValidation" name="test_bowler_not_in_bowling_xi_rejected" time="6.701" /><testcase classname="tests.test_cricket_freehit.TestFreeHit" name="test_noball_sets_free_hit_pending" time="6.807" /><testcase classname="tests.test_cricket_freehit.TestFreeHit" name="test_bowled_on_freehit_is_ignored" time="0.046" /><testcase classname="tests.test_cricket_freehit.TestFreeHit" name="test_runout_on_freehit_is_allowed" time="0.090" /><testcase classname="tests.test_cricket_freehit.TestFreeHit" name="test_free_hit_persists_through_wide" time="0.180" /><testcase classname="tests.test_cricket_freehit.TestFreeHit" name="test_legal_ball_clears_free_hit" time="0.046" /><testcase classname="tests.test_cricket_scoring.TestCricketSetup" name="test_setup_initializes_state" time="6.580" /><testcase classname="tests.test_cricket_scoring.TestCricketSetup" name="test_setup_rejects_invalid_overs" time="0.044" /><testcase classname="tests.test_cricket_scoring.TestCricketSetup" name="test_setup_rejects_non_cricket" time="0.088"><skipped type="pytest.skip" message="No fixtures on non-cricket event">/app/backend/tests/test_cricket_scoring.py:96: No fixtures on non-cricket event</skipped></testcase><testcase classname="tests.test_cricket_scoring.TestCricketTossAndXI" name="test_toss" time="0.045" /><testcase classname="tests.test_cricket_scoring.TestCricketTossAndXI" name="test_playing_xi" time="0.046" /><testcase classname="tests.test_cricket_scoring.TestCricketPlay" name="test_start_innings" time="0.046" /><testcase classname="tests.test_cricket_scoring.TestCricketPlay" name="test_ball_legal_single" time="0.046" /><testcase classname="tests.test_cricket_scoring.TestCricketPlay" name="test_ball_boundary_four" time="0.046" /><testcase classname="tests.test_cricket_scoring.TestCricketPlay" name="test_ball_wide" time="0.046" /><testcase classname="tests.test_cricket_scoring.TestCricketPlay" name="test_ball_noball_with_2_runs" time="0.046" /><testcase classname="tests.test_cricket_scoring.TestCricketPlay" name="test_ball_bye" time="0.046" /><testcase classname="tests.test_cricket_scoring.TestCricketPlay" name="test_wicket_blocks_play_until_new_batsman" time="0.137" /><testcase classname="tests.test_cricket_scoring.TestCricketPlay" name="test_end_of_over_forces_new_bowler" time="0.288" /><testcase classname="tests.test_cricket_scoring.TestCricketUndo" name="test_undo_reverts_last_ball" time="0.181" /><testcase classname="tests.test_currency_catalog.TestServicesCatalog" name="test_seed_has_17_services" time="0.241" /><testcase classname="tests.test_currency_catalog.TestServicesCatalog" name="test_inr_services_present" time="0.000" /><testcase classname="tests.test_currency_catalog.TestServicesCatalog" name="test_usd_new_services_present" time="0.000" /><testcase classname="tests.test_currency_catalog.TestServicesCatalog" name="test_each_service_has_currency_field" time="0.000" /><testcase classname="tests.test_currency_catalog.TestNewServiceConfig" name="test_photography_fields" time="0.000" /><testcase classname="tests.test_currency_catalog.TestNewServiceConfig" name="test_videography_fields" time="0.000" /><testcase classname="tests.test_currency_catalog.TestNewServiceConfig" name="test_drone_fields" time="0.000" /><testcase classname="tests.test_currency_catalog.TestNewServiceConfig" name="test_anchor_fields" time="0.000" /><testcase classname="tests.test_currency_catalog.TestNewServiceConfig" name="test_dj_fields" time="0.000" /><testcase classname="tests.test_currency_catalog.TestNewServiceConfig" name="test_catering_fields" time="0.000" /><testcase classname="tests.test_currency_catalog.TestNewServiceConfig" name="test_medals_fields_and_variants" time="0.000" /><testcase classname="tests.test_currency_catalog.TestNewServiceConfig" name="test_banners_fields_and_variants" time="0.000" /><testcase classname="tests.test_currency_catalog.TestNewServiceConfig" name="test_first_aid_fields" time="0.000" /><testcase classname="tests.test_currency_catalog.TestNewServiceConfig" name="test_match_officials_fields" time="0.000" /><testcase classname="tests.test_currency_catalog.TestServiceCurrencyPatch" name="test_admin_can_patch_currency" time="0.681" /><testcase classname="tests.test_currency_catalog.TestBookingCurrency" name="test_booking_inr_service_carries_inr_currency" time="0.492" /><testcase classname="tests.test_currency_catalog.TestBookingCurrency" name="test_booking_usd_service_carries_usd" time="0.168" /><testcase classname="tests.test_currency_catalog.TestIdempotentSeed" name="test_service_count_stable" time="0.216" /><testcase classname="tests.test_dashboards_and_venues.TestSports" name="test_list_sports_seeded" time="0.095" /><testcase classname="tests.test_dashboards_and_venues.TestSports" name="test_create_sport_admin" time="0.469" /><testcase classname="tests.test_dashboards_and_venues.TestSports" name="test_create_sport_non_admin_forbidden" time="0.375" /><testcase classname="tests.test_dashboards_and_venues.TestSports" name="test_create_sport_anonymous_forbidden" time="0.089" /><testcase classname="tests.test_dashboards_and_venues.TestSports" name="test_patch_sport_toggle_active" time="0.259" /><testcase classname="tests.test_dashboards_and_venues.TestSports" name="test_delete_sport" time="0.180" /><testcase classname="tests.test_dashboards_and_venues.TestDashboards" name="test_admin_dashboard" time="0.053" /><testcase classname="tests.test_dashboards_and_venues.TestDashboards" name="test_admin_dashboard_non_admin_forbidden" time="0.421" /><testcase classname="tests.test_dashboards_and_venues.TestDashboards" name="test_company_dashboard" time="0.058" /><testcase classname="tests.test_dashboards_and_venues.TestDashboards" name="test_company_dashboard_vendor_forbidden" time="0.047" /><testcase classname="tests.test_dashboards_and_venues.TestDashboards" name="test_vendor_dashboard" time="0.055" /><testcase classname="tests.test_dashboards_and_venues.TestDashboards" name="test_vendor_dashboard_non_vendor_forbidden" time="0.093" /><testcase classname="tests.test_dashboards_and_venues.TestEventsScope" name="test_events_scope_mine_hr" time="0.153" /><testcase classname="tests.test_dashboards_and_venues.TestEventsScope" name="test_events_scope_mine_anonymous_returns_all" time="0.209" /><testcase classname="tests.test_dashboards_and_venues.TestMyTeams" name="test_my_teams_hr" time="0.051" /><testcase classname="tests.test_dashboards_and_venues.TestMyTeams" name="test_my_teams_vendor_forbidden" time="0.047" /><testcase classname="tests.test_dashboards_and_venues.TestVenuesSuggest" name="test_suggest_by_city" time="0.091" /><testcase classname="tests.test_dashboards_and_venues.TestVenuesSuggest" name="test_suggest_by_query_case_insensitive" time="0.092" /><testcase classname="tests.test_dashboards_and_venues.TestSubUnits" name="test_create_sub_unit_as_owner" time="0.101" /><testcase classname="tests.test_dashboards_and_venues.TestSubUnits" name="test_list_sub_units" time="0.095" /><testcase classname="tests.test_dashboards_and_venues.TestSubUnits" name="test_create_sub_unit_anonymous_forbidden" time="0.085" /><testcase classname="tests.test_dashboards_and_venues.TestSubUnits" name="test_create_sub_unit_non_owner_forbidden" time="0.049" /><testcase classname="tests.test_dashboards_and_venues.TestSubUnits" name="test_admin_can_create_sub_unit" time="0.048" /><testcase classname="tests.test_dashboards_and_venues.TestSchedule" name="test_default_schedule" time="0.118" /><testcase classname="tests.test_dashboards_and_venues.TestSchedule" name="test_upsert_schedule_as_owner" time="0.174" /><testcase classname="tests.test_dashboards_and_venues.TestBlocks" name="test_create_block_owner" time="0.050" /><testcase classname="tests.test_dashboards_and_venues.TestBlocks" name="test_list_blocks_by_date" time="0.090" /><testcase classname="tests.test_dashboards_and_venues.TestBlocks" name="test_delete_block" time="0.050" /><testcase classname="tests.test_dashboards_and_venues.TestAvailability" name="test_slot_grid_shape" time="0.093" /><testcase classname="tests.test_dashboards_and_venues.TestAvailability" name="test_block_marks_slot_blocked" time="0.139" /><testcase classname="tests.test_dashboards_and_venues.TestAvailability" name="test_peak_and_weekend_pricing" time="0.192" /><testcase classname="tests.test_event_teams.TestEventCreate" name="test_create_inter_company_event_persists_fields" time="0.314" /><testcase classname="tests.test_event_teams.TestStreamUrl" name="test_admin_can_update_stream" time="0.089" /><testcase classname="tests.test_event_teams.TestStreamUrl" name="test_anonymous_stream_update_unauthorized" time="0.002" /><testcase classname="tests.test_event_teams.TestStreamUrl" name="test_wrong_company_admin_stream_update_forbidden" time="0.273" /><testcase classname="tests.test_event_teams.TestEventCompanies" name="test_add_new_company_creates_hr_and_returns_temp_password" time="0.540" /><testcase classname="tests.test_event_teams.TestEventCompanies" name="test_add_existing_company_idempotent" time="0.136" /><testcase classname="tests.test_event_teams.TestEventTeams" name="test_team_event_scoped" time="0.045" /><testcase classname="tests.test_event_teams.TestEventTeams" name="test_player_cannot_create_team" time="0.279" /><testcase classname="tests.test_event_teams.TestEventTeams" name="test_set_captain_adds_player_to_members" time="0.075" /><testcase classname="tests.test_event_teams.TestEventTeams" name="test_add_member_via_quick_returns_temp_password" time="0.271" /><testcase classname="tests.test_event_teams.TestEventTeams" name="test_list_members_masks_mobile" time="0.046" /><testcase classname="tests.test_event_teams.TestEventTeams" name="test_random_player_cannot_add_member" time="0.270"><skipped type="pytest.skip" message="seeded player is not captain in this run">/app/backend/tests/test_event_teams.py:250: seeded player is not captain in this run</skipped></testcase><testcase classname="tests.test_event_teams.TestEventTeams" name="test_delete_member_pulls_and_clears_captain" time="0.046" /><testcase classname="tests.test_event_teams.TestRegression" name="test_list_events" time="0.004" /><testcase classname="tests.test_event_teams.TestRegression" name="test_list_teams_with_event_id" time="0.002" /><testcase classname="tests.test_event_teams.TestRegression" name="test_sponsors_list" time="0.002" /><testcase classname="tests.test_event_teams.TestRegression" name="test_public_companies" time="0.004" /><testcase classname="tests.test_multitenant.TestRoles" name="test_platform_admin_role" time="0.312" /><testcase classname="tests.test_multitenant.TestRoles" name="test_company_admin_role" time="0.309" /><testcase classname="tests.test_multitenant.TestCompanySignup" name="test_signup_creates_company_and_admin" time="0.358" /><testcase classname="tests.test_multitenant.TestCompanySignup" name="test_signup_duplicate_email" time="0.095" /><testcase classname="tests.test_multitenant.TestServices" name="test_list_services_seed" time="0.094" /><testcase classname="tests.test_multitenant.TestServices" name="test_services_crud_rbac" time="0.290" /><testcase classname="tests.test_multitenant.TestBookings" name="test_trophy_booking_pricing" time="0.146" /><testcase classname="tests.test_multitenant.TestBookings" name="test_crystal_variant_pricing" time="0.252" /><testcase classname="tests.test_multitenant.TestBookings" name="test_list_bookings_scoped" time="12.575" /><testcase classname="tests.test_multitenant.TestBookings" name="test_status_update_rbac" time="0.426" /><testcase classname="tests.test_multitenant.TestBookings" name="test_booking_unauthenticated_forbidden" time="0.192" /><testcase classname="tests.test_multitenant.TestEventTenancy" name="test_company_admin_event_stamped" time="0.172" /><testcase classname="tests.test_multitenant.TestEventTenancy" name="test_company_admin_cannot_edit_other_company_event" time="0.563" /><testcase classname="tests.test_multitenant.TestStats" name="test_global_stats" time="0.097" /><testcase classname="tests.test_multitenant.TestStats" name="test_company_stats_scoped" time="0.045" /><testcase classname="tests.test_multitenant.TestStats" name="test_company_stats_requires_company_admin" time="0.048" /><testcase classname="tests.test_password_reset" name="test_forgot_password_unknown_email_returns_ok" time="0.003" /><testcase classname="tests.test_password_reset" name="test_forgot_password_missing_email_400" time="0.002" /><testcase classname="tests.test_password_reset" name="test_reset_password_full_flow" time="1.926" /><testcase classname="tests.test_password_reset" name="test_reset_password_invalid_token_400" time="0.002" /><testcase classname="tests.test_password_reset" name="test_reset_password_short_password_400" time="0.001" /><testcase classname="tests.test_password_reset" name="test_auth_forgot_reset_works_for_company_admin" time="1.924" /><testcase classname="tests.test_password_reset" name="test_auth_forgot_password_unknown_email_returns_ok" time="0.002" /><testcase classname="tests.test_upload.TestUploadAuth" name="test_upload_without_auth_returns_401" time="0.117" /><testcase classname="tests.test_upload.TestUploadAuth" name="test_upload_png_as_admin_returns_200" time="0.488" /><testcase classname="tests.test_upload.TestUploadAuth" name="test_upload_as_vendor_returns_200" time="0.391" /><testcase classname="tests.test_upload.TestUploadValidation" name="test_non_image_returns_400" time="0.362" /><testcase classname="tests.test_upload.TestUploadValidation" name="test_oversized_file_returns_400" time="0.794" /><testcase classname="tests.test_upload.TestUploadValidation" name="test_jpeg_accepted" time="0.390" /><testcase classname="tests.test_upload.TestUploadValidation" name="test_webp_accepted" time="0.372" /><testcase classname="tests.test_upload.TestStaticServing" name="test_uploaded_file_served_with_image_content_type" time="0.452" /><testcase classname="tests.test_vendor_bookings.TestCities" name="test_cities_unfiltered_returns_sorted_distinct_non_empty" time="0.818" /><testcase classname="tests.test_vendor_bookings.TestCities" name="test_cities_filtered_by_sport_and_vendor_type" time="0.180" /><testcase classname="tests.test_vendor_bookings.TestCities" name="test_cities_filtered_by_uncommon_sport_excludes_unrelated" time="0.201" /><testcase classname="tests.test_vendor_bookings.TestListingFilter" name="test_filter_by_sport_and_city_case_insensitive" time="0.178" /><testcase classname="tests.test_vendor_bookings.TestCreateBooking" name="test_hr_creates_with_hours_derives_end_and_total" time="0.471" /><testcase classname="tests.test_vendor_bookings.TestCreateBooking" name="test_hr_creates_with_end_time_derives_hours" time="0.137" /><testcase classname="tests.test_vendor_bookings.TestCreateBooking" name="test_vendor_cannot_create_booking" time="0.142" /><testcase classname="tests.test_vendor_bookings.TestCreateBooking" name="test_anonymous_cannot_create_booking" time="0.195" /><testcase classname="tests.test_vendor_bookings.TestStateMachine" name="test_vendor_confirmed_is_remapped_to_vendor_accepted" time="0.182" /><testcase classname="tests.test_vendor_bookings.TestStateMachine" name="test_vendor_declined_is_remapped_to_vendor_declined" time="0.189" /><testcase classname="tests.test_vendor_bookings.TestStateMachine" name="test_vendor_cannot_patch_booking_of_other_vendor" time="0.867" /><testcase classname="tests.test_vendor_bookings.TestStateMachine" name="test_admin_can_confirm_with_notes_and_logs_notification" time="0.184" /><testcase classname="tests.test_vendor_bookings.TestStateMachine" name="test_admin_can_override_vendor_accept_with_reject" time="0.269" /><testcase classname="tests.test_vendor_bookings.TestStateMachine" name="test_hr_can_cancel_after_confirmed" time="0.262" /><testcase classname="tests.test_vendor_bookings.TestStateMachine" name="test_hr_cannot_set_arbitrary_status" time="0.344" /><testcase classname="tests.test_vendor_bookings.TestStateMachine" name="test_status_change_emits_log_line" time="0.696" /><testcase classname="tests.test_vendor_bookings.TestRegression" name="test_events_endpoint_still_lists" time="0.046" /><testcase classname="tests.test_vendor_bookings.TestRegression" name="test_players_profiles_still_lists" time="0.095" /><testcase classname="tests.test_vendor_bookings.TestRegression" name="test_companies_public_still_lists" time="0.095" /><testcase classname="tests.test_vendor_bookings.TestRegression" name="test_settings_public_still_returns" time="0.091" /><testcase classname="tests.test_vendor_player_settings.TestPublicEndpoints" name="test_companies_public_no_auth" time="0.091" /><testcase classname="tests.test_vendor_player_settings.TestPublicEndpoints" name="test_settings_get_no_auth" time="0.095" /><testcase classname="tests.test_vendor_player_settings.TestPublicEndpoints" name="test_settings_patch_requires_platform_admin" time="0.360" /><testcase classname="tests.test_vendor_player_settings.TestPublicEndpoints" name="test_settings_patch_as_admin_persists" time="0.447" /><testcase classname="tests.test_vendor_player_settings.TestPlayers" name="test_register_without_email_succeeds" time="0.377" /><testcase classname="tests.test_vendor_player_settings.TestPlayers" name="test_duplicate_mobile_returns_400" time="0.423" /><testcase classname="tests.test_vendor_player_settings.TestPlayers" name="test_player_login_success" time="0.329" /><testcase classname="tests.test_vendor_player_settings.TestPlayers" name="test_player_login_wrong_password" time="0.315" /><testcase classname="tests.test_vendor_player_settings.TestPlayers" name="test_get_my_profile" time="0.044" /><testcase classname="tests.test_vendor_player_settings.TestPlayers" name="test_patch_profile_updates_fields" time="0.044" /><testcase classname="tests.test_vendor_player_settings.TestPlayers" name="test_patch_cannot_change_mobile_view_count_or_user_id" time="0.043" /><testcase classname="tests.test_vendor_player_settings.TestPlayers" name="test_change_company_updates_user_and_profile" time="0.263" /><testcase classname="tests.test_vendor_player_settings.TestPlayers" name="test_profile_list_masks_mobile_for_others" time="0.399" /><testcase classname="tests.test_vendor_player_settings.TestPlayers" name="test_profile_list_search_filter" time="0.045" /><testcase classname="tests.test_vendor_player_settings.TestPlayers" name="test_view_count_increments_for_other_viewer" time="0.213" /><testcase classname="tests.test_vendor_player_settings.TestPlayers" name="test_profiles_list_filter_by_company" time="0.047" /><testcase classname="tests.test_vendor_player_settings.TestVendorsListingsBookings" name="test_vendor_signup_creates_unapproved" time="0.360" /><testcase classname="tests.test_vendor_player_settings.TestVendorsListingsBookings" name="test_public_listings_strip_vendor_id_and_only_approved" time="0.097" /><testcase classname="tests.test_vendor_player_settings.TestVendorsListingsBookings" name="test_public_listings_filters" time="0.088" /><testcase classname="tests.test_vendor_player_settings.TestVendorsListingsBookings" name="test_vendor_create_listing_pending_then_admin_approve" time="0.757" /><testcase classname="tests.test_vendor_player_settings.TestVendorsListingsBookings" name="test_vendor_listing_patch_cannot_self_approve" time="0.134" /><testcase classname="tests.test_vendor_player_settings.TestVendorsListingsBookings" name="test_vendor_listings_owner_only" time="0.540" /><testcase classname="tests.test_vendor_player_settings.TestVendorBookings" name="test_company_admin_books_approved_listing" time="0.411" /><testcase classname="tests.test_vendor_player_settings.TestVendorBookings" name="test_booking_rejected_when_listing_not_approved" time="0.132" /><testcase classname="tests.test_vendor_player_settings.TestVendorBookings" name="test_non_company_admin_cannot_create_booking" time="0.152" /><testcase classname="tests.test_vendor_player_settings.TestAdminVendorApproval" name="test_admin_lists_vendors_filtered" time="0.047" /><testcase classname="tests.test_vendor_player_settings.TestAdminVendorApproval" name="test_non_admin_cannot_list_vendors" time="0.043" /><testcase classname="tests.test_vendor_player_settings.TestAdminVendorApproval" name="test_admin_can_flip_vendor_approval" time="0.184" /></testsuite></testsuites>