<?xml version="1.0" encoding="utf-8"?><testsuites name="pytest tests"><testsuite name="pytest" errors="0" failures="0" skipped="0" tests="16" time="5.705" timestamp="2026-06-19T05:28:04.478424+00:00" hostname="agent-env-b169f24a-ac20-4873-8045-8da1cd775346"><testcase classname="backend.tests.test_company_signup_otp.TestFreeEmailRejection" name="test_request_otp_rejects_free_provider[gmail.com]" time="0.337" /><testcase classname="backend.tests.test_company_signup_otp.TestFreeEmailRejection" name="test_request_otp_rejects_free_provider[yahoo.com]" time="0.133" /><testcase classname="backend.tests.test_company_signup_otp.TestFreeEmailRejection" name="test_request_otp_rejects_free_provider[hotmail.com]" time="0.092" /><testcase classname="backend.tests.test_company_signup_otp.TestFreeEmailRejection" name="test_request_otp_rejects_free_provider[rediffmail.com]" time="0.139" /><testcase classname="backend.tests.test_company_signup_otp.TestFreeEmailRejection" name="test_request_otp_rejects_free_provider[mailinator.com]" time="0.129" /><testcase classname="backend.tests.test_company_signup_otp.TestFreeEmailRejection" name="test_signup_rejects_free_email_before_otp" time="0.103" /><testcase classname="backend.tests.test_company_signup_otp.TestRequestOtpHappyPath" name="test_request_otp_corporate_success_and_persistence" time="0.544" /><testcase classname="backend.tests.test_company_signup_otp.TestRequestOtpHappyPath" name="test_request_otp_overwrites_previous" time="0.972" /><testcase classname="backend.tests.test_company_signup_otp.TestWrongOtp" name="test_wrong_otp_increments_attempts" time="0.308" /><testcase classname="backend.tests.test_company_signup_otp.TestWrongOtp" name="test_too_many_attempts_returns_429" time="0.310" /><testcase classname="backend.tests.test_company_signup_otp.TestExpiryAndMissing" name="test_expired_otp" time="0.294" /><testcase classname="backend.tests.test_company_signup_otp.TestExpiryAndMissing" name="test_missing_otp_field" time="0.095" /><testcase classname="backend.tests.test_company_signup_otp.TestSignupSuccess" name="test_valid_otp_completes_signup" time="0.593" /><testcase classname="backend.tests.test_company_signup_otp.TestRegression" name="test_admin_login" time="0.324" /><testcase classname="backend.tests.test_company_signup_otp.TestRegression" name="test_player_signup_and_login" time="0.645" /><testcase classname="backend.tests.test_company_signup_otp.TestRegression" name="test_vendor_signup" time="0.346" /></testsuite></testsuites>