<?xml version="1.0" encoding="utf-8"?><testsuites name="pytest tests"><testsuite name="pytest" errors="0" failures="0" skipped="0" tests="15" time="8.684" timestamp="2026-06-20T03:23:26.833933+00:00" hostname="agent-env-b169f24a-ac20-4873-8045-8da1cd775346"><testcase classname="backend.tests.test_vendor_player_otp_and_email.TestVendorOtp" name="test_request_otp_accepts_any_domain[gmail.com]" time="0.741" /><testcase classname="backend.tests.test_vendor_player_otp_and_email.TestVendorOtp" name="test_request_otp_accepts_any_domain[yahoo.com]" time="0.289" /><testcase classname="backend.tests.test_vendor_player_otp_and_email.TestVendorOtp" name="test_request_otp_accepts_any_domain[qa-vendor.io]" time="0.276" /><testcase classname="backend.tests.test_vendor_player_otp_and_email.TestVendorOtp" name="test_signup_missing_otp_returns_400" time="0.364" /><testcase classname="backend.tests.test_vendor_player_otp_and_email.TestVendorOtp" name="test_wrong_otp_increments_and_locks_at_5" time="0.346" /><testcase classname="backend.tests.test_vendor_player_otp_and_email.TestVendorOtp" name="test_valid_otp_creates_vendor_and_sets_cookie" time="0.537" /><testcase classname="backend.tests.test_vendor_player_otp_and_email.TestPlayerOtp" name="test_request_otp_accepts_any_domain" time="0.289" /><testcase classname="backend.tests.test_vendor_player_otp_and_email.TestPlayerOtp" name="test_register_requires_email_and_otp" time="0.380" /><testcase classname="backend.tests.test_vendor_player_otp_and_email.TestPlayerOtp" name="test_valid_otp_creates_player" time="0.549" /><testcase classname="backend.tests.test_vendor_player_otp_and_email.TestForgotPassword" name="test_admin_forgot_password_sends_email" time="2.251" /><testcase classname="backend.tests.test_vendor_player_otp_and_email.TestForgotPassword" name="test_nonexistent_email_no_leak" time="1.177" /><testcase classname="backend.tests.test_vendor_player_otp_and_email.TestForgotPassword" name="test_players_forgot_password_works" time="0.290" /><testcase classname="backend.tests.test_vendor_player_otp_and_email.TestRegression" name="test_admin_login_still_works" time="0.381" /><testcase classname="backend.tests.test_vendor_player_otp_and_email.TestRegression" name="test_company_signup_still_blocks_gmail" time="0.111" /><testcase classname="backend.tests.test_vendor_player_otp_and_email.TestRegression" name="test_company_signup_corporate_otp_still_works" time="0.543" /></testsuite></testsuites>