<?xml version="1.0" encoding="utf-8"?><testsuites name="pytest tests"><testsuite name="pytest" errors="0" failures="0" skipped="0" tests="22" time="146.920" timestamp="2026-06-17T05:56:13.191874+00:00" hostname="agent-env-b169f24a-ac20-4873-8045-8da1cd775346"><testcase classname="backend.tests.test_cricket_extended.TestStrikeRotation" name="test_odd_runs_rotate_strike" time="6.659" /><testcase classname="backend.tests.test_cricket_extended.TestStrikeRotation" name="test_even_runs_no_rotation" time="6.654" /><testcase classname="backend.tests.test_cricket_extended.TestStrikeRotation" name="test_end_of_over_rotates_strike" time="6.930" /><testcase classname="backend.tests.test_cricket_extended.TestStrikeRotation" name="test_bye_legal_ball_counts_no_bat_credit" time="6.672" /><testcase classname="backend.tests.test_cricket_extended.TestStrikeRotation" name="test_lb_legal_ball_with_rotation_on_odd" time="6.654" /><testcase classname="backend.tests.test_cricket_extended.TestStrikeRotation" name="test_wide_odd_rotates_strike" time="6.649" /><testcase classname="backend.tests.test_cricket_extended.TestWicketTypes" name="test_wicket_type_dismisses_and_credits[caught-True]" time="6.649" /><testcase classname="backend.tests.test_cricket_extended.TestWicketTypes" name="test_wicket_type_dismisses_and_credits[lbw-True]" time="6.653" /><testcase classname="backend.tests.test_cricket_extended.TestWicketTypes" name="test_wicket_type_dismisses_and_credits[stumped-True]" time="6.656" /><testcase classname="backend.tests.test_cricket_extended.TestWicketTypes" name="test_wicket_type_dismisses_and_credits[hitwicket-True]" time="6.652" /><testcase classname="backend.tests.test_cricket_extended.TestWicketTypes" name="test_wicket_type_dismisses_and_credits[runout-False]" time="6.660" /><testcase classname="backend.tests.test_cricket_extended.TestInningsCompletion" name="test_overs_limit_completes_innings" time="6.912" /><testcase classname="backend.tests.test_cricket_extended.TestInningsCompletion" name="test_end_innings_manual_then_start_second" time="6.759" /><testcase classname="backend.tests.test_cricket_extended.TestInningsCompletion" name="test_chase_target_completes_match" time="6.796" /><testcase classname="backend.tests.test_cricket_extended.TestEndMatch" name="test_end_match_declares_winner" time="6.712" /><testcase classname="backend.tests.test_cricket_extended.TestEndMatch" name="test_end_match_rejects_bogus_winner" time="6.670" /><testcase classname="backend.tests.test_cricket_extended.TestValidation" name="test_overs_too_large" time="6.489" /><testcase classname="backend.tests.test_cricket_extended.TestValidation" name="test_toss_outside_toss_phase_rejected" time="6.578" /><testcase classname="backend.tests.test_cricket_extended.TestValidation" name="test_toss_bad_winner_team" time="6.527" /><testcase classname="backend.tests.test_cricket_extended.TestValidation" name="test_striker_equals_nonstriker_rejected" time="6.621" /><testcase classname="backend.tests.test_cricket_extended.TestValidation" name="test_striker_not_in_xi_rejected" time="6.641" /><testcase classname="backend.tests.test_cricket_extended.TestValidation" name="test_bowler_not_in_bowling_xi_rejected" time="6.633" /></testsuite></testsuites>