<?xml version="1.0" encoding="utf-8"?><testsuites name="pytest tests"><testsuite name="pytest" errors="0" failures="0" skipped="1" tests="14" time="7.614" timestamp="2026-06-17T05:54:35.307799+00:00" hostname="agent-env-b169f24a-ac20-4873-8045-8da1cd775346"><testcase classname="backend.tests.test_cricket_scoring.TestCricketSetup" name="test_setup_initializes_state" time="6.486" /><testcase classname="backend.tests.test_cricket_scoring.TestCricketSetup" name="test_setup_rejects_invalid_overs" time="0.043" /><testcase classname="backend.tests.test_cricket_scoring.TestCricketSetup" name="test_setup_rejects_non_cricket" time="0.087"><skipped type="pytest.skip" message="No fixtures on non-cricket event">/app/backend/tests/test_cricket_scoring.py:96: No fixtures on non-cricket event</skipped></testcase><testcase classname="backend.tests.test_cricket_scoring.TestCricketTossAndXI" name="test_toss" time="0.045" /><testcase classname="backend.tests.test_cricket_scoring.TestCricketTossAndXI" name="test_playing_xi" time="0.045" /><testcase classname="backend.tests.test_cricket_scoring.TestCricketPlay" name="test_start_innings" time="0.045" /><testcase classname="backend.tests.test_cricket_scoring.TestCricketPlay" name="test_ball_legal_single" time="0.044" /><testcase classname="backend.tests.test_cricket_scoring.TestCricketPlay" name="test_ball_boundary_four" time="0.044" /><testcase classname="backend.tests.test_cricket_scoring.TestCricketPlay" name="test_ball_wide" time="0.046" /><testcase classname="backend.tests.test_cricket_scoring.TestCricketPlay" name="test_ball_noball_with_2_runs" time="0.046" /><testcase classname="backend.tests.test_cricket_scoring.TestCricketPlay" name="test_ball_bye" time="0.045" /><testcase classname="backend.tests.test_cricket_scoring.TestCricketPlay" name="test_wicket_blocks_play_until_new_batsman" time="0.132" /><testcase classname="backend.tests.test_cricket_scoring.TestCricketPlay" name="test_end_of_over_forces_new_bowler" time="0.263" /><testcase classname="backend.tests.test_cricket_scoring.TestCricketUndo" name="test_undo_reverts_last_ball" time="0.176" /></testsuite></testsuites>