<?xml version="1.0" encoding="utf-8"?><testsuites name="pytest tests"><testsuite name="pytest" errors="0" failures="0" skipped="0" tests="22" time="4.914" timestamp="2026-06-14T05:13:01.913291+00:00" hostname="agent-env-b169f24a-ac20-4873-8045-8da1cd775346"><testcase classname="backend.tests.test_event_teams.TestEventCreate" name="test_create_inter_company_event_persists_fields" time="0.315" /><testcase classname="backend.tests.test_event_teams.TestStreamUrl" name="test_admin_can_update_stream" time="0.092" /><testcase classname="backend.tests.test_event_teams.TestStreamUrl" name="test_anonymous_stream_update_unauthorized" time="0.002" /><testcase classname="backend.tests.test_event_teams.TestStreamUrl" name="test_wrong_company_admin_stream_update_forbidden" time="0.268" /><testcase classname="backend.tests.test_event_teams.TestEventCompanies" name="test_add_new_company_creates_hr_and_returns_temp_password" time="0.541" /><testcase classname="backend.tests.test_event_teams.TestEventCompanies" name="test_add_existing_company_idempotent" time="0.133" /><testcase classname="backend.tests.test_event_teams.TestEventTeams" name="test_team_event_scoped" time="0.045" /><testcase classname="backend.tests.test_event_teams.TestEventTeams" name="test_player_cannot_create_team" time="0.269" /><testcase classname="backend.tests.test_event_teams.TestEventTeams" name="test_set_captain_adds_player_to_members" time="0.048" /><testcase classname="backend.tests.test_event_teams.TestEventTeams" name="test_add_member_via_quick_returns_temp_password" time="0.529" /><testcase classname="backend.tests.test_event_teams.TestEventTeams" name="test_list_members_masks_mobile" time="0.046" /><testcase classname="backend.tests.test_event_teams.TestEventTeams" name="test_random_player_cannot_add_member" time="0.495" /><testcase classname="backend.tests.test_event_teams.TestEventTeams" name="test_delete_member_pulls_and_clears_captain" time="0.047" /><testcase classname="backend.tests.test_event_teams.TestRegression" name="test_list_events" time="0.003" /><testcase classname="backend.tests.test_event_teams.TestRegression" name="test_list_teams_with_event_id" time="0.002" /><testcase classname="backend.tests.test_event_teams.TestRegression" name="test_sponsors_list" time="0.003" /><testcase classname="backend.tests.test_event_teams.TestRegression" name="test_public_companies" time="0.003" /><testcase classname="backend.tests.test_password_reset" name="test_forgot_password_unknown_email_returns_ok" time="0.003" /><testcase classname="backend.tests.test_password_reset" name="test_forgot_password_missing_email_400" time="0.002" /><testcase classname="backend.tests.test_password_reset" name="test_reset_password_full_flow" time="1.943" /><testcase classname="backend.tests.test_password_reset" name="test_reset_password_invalid_token_400" time="0.003" /><testcase classname="backend.tests.test_password_reset" name="test_reset_password_short_password_400" time="0.001" /></testsuite></testsuites>