<?xml version="1.0" encoding="utf-8"?><testsuites name="pytest tests"><testsuite name="pytest" errors="0" failures="5" skipped="0" tests="19" time="14.483" timestamp="2026-06-28T12:29:51.102298+00:00" hostname="agent-env-b169f24a-ac20-4873-8045-8da1cd775346"><testcase classname="backend.tests.test_phase5_business.TestMetaCategories" name="test_returns_full_map" time="0.007" /><testcase classname="backend.tests.test_phase5_business.TestVendorMultiType" name="test_signup_persists_vendor_types" time="8.901"><failure message="AssertionError: vendor_types persisted incorrectly: []&#10;assert ('gym' in [])">E   AssertionError: vendor_types persisted incorrectly: []
    assert ('gym' in [])</failure></testcase><testcase classname="backend.tests.test_phase5_business.TestListingDetailedAddress" name="test_address_persisted_on_create" time="0.417" /><testcase classname="backend.tests.test_phase5_business.TestVenueLeads" name="test_hr_can_submit_lead" time="0.447" /><testcase classname="backend.tests.test_phase5_business.TestVenueLeads" name="test_admin_lists_lead" time="0.004" /><testcase classname="backend.tests.test_phase5_business.TestVenueLeads" name="test_admin_patch_status_and_notes" time="0.043" /><testcase classname="backend.tests.test_phase5_business.TestVenueLeads" name="test_admin_patch_invalid_status_rejected" time="0.043" /><testcase classname="backend.tests.test_phase5_business.TestVenueLeads" name="test_player_cannot_submit_lead" time="0.710" /><testcase classname="backend.tests.test_phase5_business.TestOfflineSubscription" name="test_request_pending" time="0.854" /><testcase classname="backend.tests.test_phase5_business.TestOfflineSubscription" name="test_duplicate_pending_rejected" time="0.044" /><testcase classname="backend.tests.test_phase5_business.TestOfflineSubscription" name="test_admin_lists_pending" time="0.004" /><testcase classname="backend.tests.test_phase5_business.TestOfflineSubscription" name="test_admin_activate_flips_vendor_offline_mode" time="0.046" /><testcase classname="backend.tests.test_phase5_business.TestOfflineSubscription" name="test_price_override_via_settings" time="0.897"><failure message="assert 99.0 == 199.0">E   assert 99.0 == 199.0</failure></testcase><testcase classname="backend.tests.test_phase5_business.TestOfflineSubscription" name="test_reject_fresh_sub" time="0.860" /><testcase classname="backend.tests.test_phase5_business.TestPrivateBookings" name="test_locked_when_offline_mode_false" time="0.270" /><testcase classname="backend.tests.test_phase5_business.TestPrivateBookings" name="test_create_and_list_private_booking" time="0.439"><failure message="AssertionError: Internal Server Error&#10;assert 500 == 200&#10; +  where 500 = &lt;Response [500]&gt;.status_code">E   AssertionError: Internal Server Error
    assert 500 == 200
     +  where 500 = &lt;Response [500]&gt;.status_code</failure></testcase><testcase classname="backend.tests.test_phase5_business.TestPrivateBookings" name="test_private_blocks_public_availability" time="0.000"><failure message="AttributeError: type object 'TestPrivateBookings' has no attribute 'pb_date'">E   AttributeError: type object 'TestPrivateBookings' has no attribute 'pb_date'</failure></testcase><testcase classname="backend.tests.test_phase5_business.TestPrivateBookings" name="test_delete_private_booking" time="0.000"><failure message="AttributeError: type object 'TestPrivateBookings' has no attribute 'pb_id'">E   AttributeError: type object 'TestPrivateBookings' has no attribute 'pb_id'</failure></testcase><testcase classname="backend.tests.test_phase5_business.TestVendorPIIMask" name="test_vendor_sees_masked_hr_fields" time="0.336" /></testsuite></testsuites>