<?xml version="1.0" encoding="utf-8"?><testsuites name="pytest tests"><testsuite name="pytest" errors="0" failures="0" skipped="0" tests="12" time="2.048" timestamp="2026-07-05T04:01:58.357049+00:00" hostname="agent-env-b169f24a-ac20-4873-8045-8da1cd775346"><testcase classname="backend.tests.test_sports_enrichment_iter28" name="test_get_sports_returns_list" time="0.618" /><testcase classname="backend.tests.test_sports_enrichment_iter28" name="test_create_pickleball_sport_auto_enriches" time="0.363" /><testcase classname="backend.tests.test_sports_enrichment_iter28" name="test_get_sports_enriches_legacy_rows_after_patch" time="0.153" /><testcase classname="backend.tests.test_sports_enrichment_iter28" name="test_event_pickleball_missing_player_format_returns_400" time="0.048" /><testcase classname="backend.tests.test_sports_enrichment_iter28" name="test_event_pickleball_with_doubles_succeeds_with_enrichment" time="0.179" /><testcase classname="backend.tests.test_sports_enrichment_iter28" name="test_event_cricket_auto_enriches_team_and_cricket_scoring" time="0.107" /><testcase classname="backend.tests.test_sports_enrichment_iter28" name="test_event_volleyball_auto_enriches_team_and_racket_scoring" time="0.100" /><testcase classname="backend.tests.test_sports_enrichment_iter28" name="test_event_chess_auto_enriches_individual_and_chess_scoring" time="0.108" /><testcase classname="backend.tests.test_sports_enrichment_iter28" name="test_event_badminton_with_singles_succeeds" time="0.100" /><testcase classname="backend.tests.test_sports_enrichment_iter28" name="test_event_tennis_missing_pf_returns_400" time="0.049" /><testcase classname="backend.tests.test_sports_enrichment_iter28" name="test_event_lawntennis_with_doubles_succeeds" time="0.102" /><testcase classname="backend.tests.test_sports_enrichment_iter28" name="test_event_invalid_pf_for_racket_returns_400" time="0.049" /></testsuite></testsuites>