<?xml version="1.0" encoding="utf-8"?><testsuites name="pytest tests"><testsuite name="pytest" errors="0" failures="0" skipped="0" tests="93" time="156.819" timestamp="2026-07-14T13:32:32.640967+00:00" hostname="agent-env-b169f24a-ac20-4873-8045-8da1cd775346"><testcase classname="tests.test_players_corp_email_iter40.TestAuthGuards" name="test_request_otp_requires_auth" time="0.005" /><testcase classname="tests.test_players_corp_email_iter40.TestAuthGuards" name="test_verify_requires_auth" time="0.003" /><testcase classname="tests.test_players_corp_email_iter40.TestAuthGuards" name="test_request_otp_rejects_non_player" time="0.483" /><testcase classname="tests.test_players_corp_email_iter40.TestAuthGuards" name="test_verify_rejects_non_player" time="0.492" /><testcase classname="tests.test_players_corp_email_iter40.TestRequestOtpValidation" name="test_missing_or_malformed_email[]" time="0.495" /><testcase classname="tests.test_players_corp_email_iter40.TestRequestOtpValidation" name="test_missing_or_malformed_email[not-an-email]" time="0.489" /><testcase classname="tests.test_players_corp_email_iter40.TestRequestOtpValidation" name="test_missing_or_malformed_email[no-at-symbol]" time="0.494" /><testcase classname="tests.test_players_corp_email_iter40.TestRequestOtpValidation" name="test_free_domain_rejected[gmail.com]" time="0.488" /><testcase classname="tests.test_players_corp_email_iter40.TestRequestOtpValidation" name="test_free_domain_rejected[yahoo.com]" time="0.449" /><testcase classname="tests.test_players_corp_email_iter40.TestRequestOtpValidation" name="test_free_domain_rejected[outlook.com]" time="0.447" /><testcase classname="tests.test_players_corp_email_iter40.TestRequestOtpValidation" name="test_free_domain_rejected[hotmail.com]" time="0.490" /><testcase classname="tests.test_players_corp_email_iter40.TestRequestOtpValidation" name="test_free_domain_rejected[icloud.com]" time="0.486" /><testcase classname="tests.test_players_corp_email_iter40.TestRequestOtpValidation" name="test_free_domain_rejected[protonmail.com]" time="0.493" /><testcase classname="tests.test_players_corp_email_iter40.TestRequestOtpSuccess" name="test_success_persists_otp_and_returns_expected_payload" time="0.683" /><testcase classname="tests.test_players_corp_email_iter40.TestRequestOtpSuccess" name="test_repeated_request_overwrites_previous_otp" time="0.829" /><testcase classname="tests.test_players_corp_email_iter40.TestVerifyValidation" name="test_missing_fields" time="0.534" /><testcase classname="tests.test_players_corp_email_iter40.TestVerifyValidation" name="test_no_pending_otp" time="7.950" /><testcase classname="tests.test_players_corp_email_iter40.TestVerifyValidation" name="test_wrong_otp_increments_attempts" time="17.949" /><testcase classname="tests.test_players_corp_email_iter40.TestVerifyValidation" name="test_attempts_lock_at_5" time="19.061" /><testcase classname="tests.test_players_corp_email_iter40.TestVerifyValidation" name="test_expired_otp" time="20.226" /><testcase classname="tests.test_players_corp_email_iter40.TestVerifySuccess" name="test_success_flips_profile_flag" time="18.787" /><testcase classname="tests.test_players_corp_email_iter40.TestVerifySuccess" name="test_success_auto_links_company_by_domain" time="26.372" /><testcase classname="tests.test_players_corp_email_iter40.TestServerPlayerProfilesStillUsesEmailDomain" name="test_hr_finds_verified_player_by_domain" time="29.091" /><testcase classname="tests.test_corporate_services_phase3.TestServiceVendors" name="test_create_vendor" time="0.566" /><testcase classname="tests.test_corporate_services_phase3.TestServiceVendors" name="test_list_vendors_includes_new" time="0.068" /><testcase classname="tests.test_corporate_services_phase3.TestServiceVendors" name="test_patch_vendor" time="0.054" /><testcase classname="tests.test_corporate_services_phase3.TestServiceVendors" name="test_hr_cannot_list_service_vendors" time="0.382" /><testcase classname="tests.test_corporate_services_phase3.TestVendorRates" name="test_upsert_creates_rate" time="0.216" /><testcase classname="tests.test_corporate_services_phase3.TestVendorRates" name="test_upsert_updates_existing" time="0.101" /><testcase classname="tests.test_corporate_services_phase3.TestVendorRates" name="test_second_service_rate" time="0.061" /><testcase classname="tests.test_corporate_services_phase3.TestRFQFlow" name="test_hr_submits_rfq" time="0.052" /><testcase classname="tests.test_corporate_services_phase3.TestRFQFlow" name="test_admin_inbox_list_has_new_rfq" time="0.051" /><testcase classname="tests.test_corporate_services_phase3.TestRFQFlow" name="test_admin_rfq_summary" time="0.051" /><testcase classname="tests.test_corporate_services_phase3.TestRFQFlow" name="test_mark_under_review" time="0.112" /><testcase classname="tests.test_corporate_services_phase3.TestRFQFlow" name="test_mark_under_review_second_time_400" time="0.116" /><testcase classname="tests.test_corporate_services_phase3.TestRFQFlow" name="test_suggest_vendors" time="0.048" /><testcase classname="tests.test_corporate_services_phase3.TestRFQFlow" name="test_cost_sheet_autoseed" time="0.049" /><testcase classname="tests.test_corporate_services_phase3.TestRFQFlow" name="test_cost_sheet_save_recomputes_total" time="0.095" /><testcase classname="tests.test_corporate_services_phase3.TestRFQFlow" name="test_create_quotation_v1" time="0.050" /><testcase classname="tests.test_corporate_services_phase3.TestRFQFlow" name="test_hr_cannot_see_draft_quote" time="0.049" /><testcase classname="tests.test_corporate_services_phase3.TestRFQFlow" name="test_delete_draft_quote_creates_new_v1" time="0.092" /><testcase classname="tests.test_corporate_services_phase3.TestRFQFlow" name="test_send_quotation" time="0.142" /><testcase classname="tests.test_corporate_services_phase3.TestRFQFlow" name="test_hr_quote_is_sanitised" time="0.095" /><testcase classname="tests.test_corporate_services_phase3.TestRFQFlow" name="test_cannot_delete_sent_quote" time="0.046" /><testcase classname="tests.test_corporate_services_phase3.TestRFQFlow" name="test_chat_open_after_quote_sent" time="0.186" /><testcase classname="tests.test_corporate_services_phase3.TestRFQFlow" name="test_hr_rejects_creates_negotiation_and_chat_note" time="0.155" /><testcase classname="tests.test_corporate_services_phase3.TestRFQFlow" name="test_create_v2_and_send" time="0.209" /><testcase classname="tests.test_corporate_services_phase3.TestRFQFlow" name="test_pricing_mode_fixed_and_markup_mix" time="0.138" /><testcase classname="tests.test_corporate_services_phase3.TestRFQFlow" name="test_hr_accepts_final_quote" time="0.151" /><testcase classname="tests.test_corporate_services_phase3.TestRFQFlow" name="test_rfq_history_shows_transitions" time="0.048" /><testcase classname="tests.test_corporate_services_phase3.TestChatGating" name="test_chat_blocked_before_quote" time="0.194" /><testcase classname="tests.test_corporate_services_phase3.TestVendorDeleteGuard" name="test_cannot_delete_vendor_in_use" time="0.045" /><testcase classname="tests.test_corporate_services_phase3.TestVendorDeleteGuard" name="test_can_delete_unused_vendor" time="0.090" /><testcase classname="tests.test_cs_invoices_iter38.TestAcceptCreatesInvoice" name="test_accept_response_shape" time="1.113" /><testcase classname="tests.test_cs_invoices_iter38.TestAcceptCreatesInvoice" name="test_hr_can_get_invoice" time="0.050" /><testcase classname="tests.test_cs_invoices_iter38.TestAcceptCreatesInvoice" name="test_admin_can_get_invoice" time="0.048" /><testcase classname="tests.test_cs_invoices_iter38.TestInvoiceReadContract" name="test_returns_null_when_no_invoice" time="0.104" /><testcase classname="tests.test_cs_invoices_iter38.TestInvoiceReadContract" name="test_unauth_returns_401" time="0.129" /><testcase classname="tests.test_cs_invoices_iter38.TestAdminGenerate" name="test_generate_returns_existing_invoice" time="0.101" /><testcase classname="tests.test_cs_invoices_iter38.TestAdminGenerate" name="test_generate_from_sent_quote_flips_states" time="0.447" /><testcase classname="tests.test_cs_invoices_iter38.TestAdminGenerate" name="test_generate_without_quote_returns_400" time="0.133" /><testcase classname="tests.test_cs_invoices_iter38.TestInvoicePDF" name="test_admin_downloads_pdf" time="0.218" /><testcase classname="tests.test_cs_invoices_iter38.TestInvoicePDF" name="test_hr_owner_downloads_pdf" time="0.160" /><testcase classname="tests.test_cs_invoices_iter38.TestInvoicePDF" name="test_other_hr_gets_403" time="0.379" /><testcase classname="tests.test_cs_invoices_iter38.TestPayLinkMock" name="test_paylink_returns_mock_url_and_persists" time="0.097" /><testcase classname="tests.test_cs_invoices_iter38.TestPayLinkMock" name="test_paylink_idempotent" time="0.100" /><testcase classname="tests.test_cs_invoices_iter38.TestMarkPaid" name="test_mark_paid_flips_states" time="0.146" /><testcase classname="tests.test_cs_invoices_iter38.TestMarkPaid" name="test_mark_paid_idempotent" time="0.048" /><testcase classname="tests.test_cs_invoices_iter38.TestRazorpayWebhook" name="test_webhook_accepts_when_secret_absent" time="0.188" /><testcase classname="tests.test_cs_invoices_iter38.TestRazorpayWebhook" name="test_webhook_bad_payload_400" time="0.097" /><testcase classname="tests.test_cs_invoices_iter38.TestAdminInvoicesList" name="test_admin_lists_invoices" time="0.048" /><testcase classname="tests.test_cs_invoices_iter38.TestAdminInvoicesList" name="test_hr_cannot_list_invoices" time="0.048" /><testcase classname="tests.test_cs_invoices_iter38.TestRoleManuals" name="test_manual_accessible[platform-admin]" time="0.150" /><testcase classname="tests.test_cs_invoices_iter38.TestRoleManuals" name="test_manual_accessible[company]" time="0.168" /><testcase classname="tests.test_cs_invoices_iter38.TestRoleManuals" name="test_manual_accessible[organiser]" time="0.153" /><testcase classname="tests.test_cs_invoices_iter38.TestRoleManuals" name="test_manual_accessible[vendor]" time="0.146" /><testcase classname="tests.test_cs_invoices_iter38.TestRoleManuals" name="test_manual_accessible[player]" time="0.167" /><testcase classname="tests.test_cs_invoices_iter38.TestRoleManuals" name="test_manual_accessible[sponsor]" time="0.146" /><testcase classname="tests.test_cs_invoices_iter38.TestRoleManuals" name="test_manual_accessible[scorer]" time="0.145" /><testcase classname="tests.test_cs_invoices_iter38.TestPriorRFQIdempotency" name="test_prior_rfq_invoice_lookup" time="0.107" /><testcase classname="tests.test_seo_sitemap_iter39.TestSitemapXml" name="test_sitemap_returns_xml" time="0.129" /><testcase classname="tests.test_seo_sitemap_iter39.TestSitemapXml" name="test_sitemap_cache_control" time="0.008" /><testcase classname="tests.test_seo_sitemap_iter39.TestSitemapXml" name="test_sitemap_includes_all_static_routes" time="0.067" /><testcase classname="tests.test_seo_sitemap_iter39.TestSitemapXml" name="test_sitemap_contains_at_least_17_urls" time="0.059" /><testcase classname="tests.test_seo_sitemap_iter39.TestSitemapXml" name="test_sitemap_dynamic_events_or_listings_included" time="0.062" /><testcase classname="tests.test_seo_sitemap_iter39.TestRobotsTxt" name="test_robots_returns_text_plain" time="0.053" /><testcase classname="tests.test_seo_sitemap_iter39.TestRobotsTxt" name="test_robots_content" time="0.057" /><testcase classname="tests.test_seo_sitemap_iter39.TestSitemapRebuild" name="test_rebuild_requires_admin" time="0.057" /><testcase classname="tests.test_seo_sitemap_iter39.TestSitemapRebuild" name="test_rebuild_forbidden_for_hr" time="0.354" /><testcase classname="tests.test_seo_sitemap_iter39.TestSitemapRebuild" name="test_rebuild_admin_success" time="0.345" /><testcase classname="tests.test_seo_sitemap_iter39.TestSitemapRebuild" name="test_rebuild_refreshes_static_file" time="0.057" /><testcase classname="tests.test_seo_sitemap_iter39.TestStaticSitemapMatchesAPI" name="test_static_sitemap_readable" time="0.000" /><testcase classname="tests.test_seo_sitemap_iter39.TestStaticSitemapMatchesAPI" name="test_static_robots_readable" time="0.001" /></testsuite></testsuites>