<?xml version="1.0" encoding="utf-8"?><testsuites name="pytest tests"><testsuite name="pytest" errors="0" failures="0" skipped="0" tests="145" time="48.562" timestamp="2026-06-15T04:31:54.901471+00:00" hostname="agent-env-b169f24a-ac20-4873-8045-8da1cd775346"><testcase classname="backend.tests.backend_test.TestMeta" name="test_root" time="0.120" /><testcase classname="backend.tests.backend_test.TestMeta" name="test_stats" time="0.054" /><testcase classname="backend.tests.backend_test.TestAuth" name="test_login_admin_sets_cookie" time="0.414" /><testcase classname="backend.tests.backend_test.TestAuth" name="test_me_with_cookie" time="0.403" /><testcase classname="backend.tests.backend_test.TestAuth" name="test_login_bad_password" time="0.372" /><testcase classname="backend.tests.backend_test.TestAuth" name="test_me_unauthenticated" time="0.097" /><testcase classname="backend.tests.backend_test.TestAuth" name="test_logout" time="0.438" /><testcase classname="backend.tests.backend_test.TestAuth" name="test_register_viewer" time="0.447" /><testcase classname="backend.tests.backend_test.TestEvents" name="test_list_events" time="0.046" /><testcase classname="backend.tests.backend_test.TestEvents" name="test_get_event" time="0.126" /><testcase classname="backend.tests.backend_test.TestEvents" name="test_get_event_404" time="0.045" /><testcase classname="backend.tests.backend_test.TestEvents" name="test_create_event_requires_admin" time="0.396" /><testcase classname="backend.tests.backend_test.TestEvents" name="test_create_event_unauth" time="0.096" /><testcase classname="backend.tests.backend_test.TestEvents" name="test_admin_event_full_crud" time="0.294" /><testcase classname="backend.tests.backend_test.TestTeams" name="test_list_teams" time="0.043" /><testcase classname="backend.tests.backend_test.TestTeams" name="test_list_teams_filter" time="0.127" /><testcase classname="backend.tests.backend_test.TestTeams" name="test_create_team_public" time="0.194" /><testcase classname="backend.tests.backend_test.TestTeams" name="test_team_update_requires_admin" time="0.152" /><testcase classname="backend.tests.backend_test.TestTeams" name="test_admin_team_update_delete" time="0.190" /><testcase classname="backend.tests.backend_test.TestTeamPlayers" name="test_list_team_players" time="0.044" /><testcase classname="backend.tests.backend_test.TestTeamPlayers" name="test_create_get_team_player" time="0.386" /><testcase classname="backend.tests.backend_test.TestTeamPlayers" name="test_team_player_patch_requires_admin" time="0.321" /><testcase classname="backend.tests.backend_test.TestFixtures" name="test_existing_football_fixtures_sorted" time="0.091" /><testcase classname="backend.tests.backend_test.TestFixtures" name="test_generate_round_robin" time="0.921" /><testcase classname="backend.tests.backend_test.TestFixtures" name="test_generate_knockout_and_propagate" time="0.982" /><testcase classname="backend.tests.backend_test.TestFixtures" name="test_generate_fixtures_requires_admin" time="0.087" /><testcase classname="backend.tests.backend_test.TestFixtures" name="test_generate_needs_2_teams" time="0.217" /><testcase classname="backend.tests.backend_test.TestStandings" name="test_standings_football" time="0.136" /><testcase classname="backend.tests.backend_test.TestSponsors" name="test_list_sponsors" time="0.051" /><testcase classname="backend.tests.backend_test.TestSponsors" name="test_sponsor_admin_only" time="0.042" /><testcase classname="backend.tests.backend_test.TestSponsors" name="test_sponsor_crud" time="0.171" /><testcase classname="backend.tests.test_currency_catalog.TestServicesCatalog" name="test_seed_has_17_services" time="0.109" /><testcase classname="backend.tests.test_currency_catalog.TestServicesCatalog" name="test_inr_services_present" time="0.000" /><testcase classname="backend.tests.test_currency_catalog.TestServicesCatalog" name="test_usd_new_services_present" time="0.000" /><testcase classname="backend.tests.test_currency_catalog.TestServicesCatalog" name="test_each_service_has_currency_field" time="0.000" /><testcase classname="backend.tests.test_currency_catalog.TestNewServiceConfig" name="test_photography_fields" time="0.000" /><testcase classname="backend.tests.test_currency_catalog.TestNewServiceConfig" name="test_videography_fields" time="0.000" /><testcase classname="backend.tests.test_currency_catalog.TestNewServiceConfig" name="test_drone_fields" time="0.000" /><testcase classname="backend.tests.test_currency_catalog.TestNewServiceConfig" name="test_anchor_fields" time="0.000" /><testcase classname="backend.tests.test_currency_catalog.TestNewServiceConfig" name="test_dj_fields" time="0.000" /><testcase classname="backend.tests.test_currency_catalog.TestNewServiceConfig" name="test_catering_fields" time="0.000" /><testcase classname="backend.tests.test_currency_catalog.TestNewServiceConfig" name="test_medals_fields_and_variants" time="0.000" /><testcase classname="backend.tests.test_currency_catalog.TestNewServiceConfig" name="test_banners_fields_and_variants" time="0.000" /><testcase classname="backend.tests.test_currency_catalog.TestNewServiceConfig" name="test_first_aid_fields" time="0.000" /><testcase classname="backend.tests.test_currency_catalog.TestNewServiceConfig" name="test_match_officials_fields" time="0.001" /><testcase classname="backend.tests.test_currency_catalog.TestServiceCurrencyPatch" name="test_admin_can_patch_currency" time="0.731" /><testcase classname="backend.tests.test_currency_catalog.TestBookingCurrency" name="test_booking_inr_service_carries_inr_currency" time="0.481" /><testcase classname="backend.tests.test_currency_catalog.TestBookingCurrency" name="test_booking_usd_service_carries_usd" time="0.095" /><testcase classname="backend.tests.test_currency_catalog.TestIdempotentSeed" name="test_service_count_stable" time="0.220" /><testcase classname="backend.tests.test_event_teams.TestEventCreate" name="test_create_inter_company_event_persists_fields" time="0.324" /><testcase classname="backend.tests.test_event_teams.TestStreamUrl" name="test_admin_can_update_stream" time="0.092" /><testcase classname="backend.tests.test_event_teams.TestStreamUrl" name="test_anonymous_stream_update_unauthorized" time="0.006" /><testcase classname="backend.tests.test_event_teams.TestStreamUrl" name="test_wrong_company_admin_stream_update_forbidden" time="0.334" /><testcase classname="backend.tests.test_event_teams.TestEventCompanies" name="test_add_new_company_creates_hr_and_returns_temp_password" time="0.710" /><testcase classname="backend.tests.test_event_teams.TestEventCompanies" name="test_add_existing_company_idempotent" time="0.157" /><testcase classname="backend.tests.test_event_teams.TestEventTeams" name="test_team_event_scoped" time="0.052" /><testcase classname="backend.tests.test_event_teams.TestEventTeams" name="test_player_cannot_create_team" time="0.290" /><testcase classname="backend.tests.test_event_teams.TestEventTeams" name="test_set_captain_adds_player_to_members" time="0.054" /><testcase classname="backend.tests.test_event_teams.TestEventTeams" name="test_add_member_via_quick_returns_temp_password" time="0.325" /><testcase classname="backend.tests.test_event_teams.TestEventTeams" name="test_list_members_masks_mobile" time="0.049" /><testcase classname="backend.tests.test_event_teams.TestEventTeams" name="test_random_player_cannot_add_member" time="0.642" /><testcase classname="backend.tests.test_event_teams.TestEventTeams" name="test_delete_member_pulls_and_clears_captain" time="0.055" /><testcase classname="backend.tests.test_event_teams.TestRegression" name="test_list_events" time="0.005" /><testcase classname="backend.tests.test_event_teams.TestRegression" name="test_list_teams_with_event_id" time="0.004" /><testcase classname="backend.tests.test_event_teams.TestRegression" name="test_sponsors_list" time="0.003" /><testcase classname="backend.tests.test_event_teams.TestRegression" name="test_public_companies" time="0.003" /><testcase classname="backend.tests.test_multitenant.TestRoles" name="test_platform_admin_role" time="0.378" /><testcase classname="backend.tests.test_multitenant.TestRoles" name="test_company_admin_role" time="0.399" /><testcase classname="backend.tests.test_multitenant.TestCompanySignup" name="test_signup_creates_company_and_admin" time="0.390" /><testcase classname="backend.tests.test_multitenant.TestCompanySignup" name="test_signup_duplicate_email" time="0.141" /><testcase classname="backend.tests.test_multitenant.TestServices" name="test_list_services_seed" time="0.112" /><testcase classname="backend.tests.test_multitenant.TestServices" name="test_services_crud_rbac" time="0.282" /><testcase classname="backend.tests.test_multitenant.TestBookings" name="test_trophy_booking_pricing" time="0.172" /><testcase classname="backend.tests.test_multitenant.TestBookings" name="test_crystal_variant_pricing" time="0.193" /><testcase classname="backend.tests.test_multitenant.TestBookings" name="test_list_bookings_scoped" time="7.202" /><testcase classname="backend.tests.test_multitenant.TestBookings" name="test_status_update_rbac" time="0.376" /><testcase classname="backend.tests.test_multitenant.TestBookings" name="test_booking_unauthenticated_forbidden" time="0.276" /><testcase classname="backend.tests.test_multitenant.TestEventTenancy" name="test_company_admin_event_stamped" time="0.207" /><testcase classname="backend.tests.test_multitenant.TestEventTenancy" name="test_company_admin_cannot_edit_other_company_event" time="0.686" /><testcase classname="backend.tests.test_multitenant.TestStats" name="test_global_stats" time="0.167" /><testcase classname="backend.tests.test_multitenant.TestStats" name="test_company_stats_scoped" time="0.056" /><testcase classname="backend.tests.test_multitenant.TestStats" name="test_company_stats_requires_company_admin" time="0.055" /><testcase classname="backend.tests.test_password_reset" name="test_forgot_password_unknown_email_returns_ok" time="0.004" /><testcase classname="backend.tests.test_password_reset" name="test_forgot_password_missing_email_400" time="0.005" /><testcase classname="backend.tests.test_password_reset" name="test_reset_password_full_flow" time="2.303" /><testcase classname="backend.tests.test_password_reset" name="test_reset_password_invalid_token_400" time="0.004" /><testcase classname="backend.tests.test_password_reset" name="test_reset_password_short_password_400" time="0.002" /><testcase classname="backend.tests.test_password_reset" name="test_auth_forgot_reset_works_for_company_admin" time="2.391" /><testcase classname="backend.tests.test_password_reset" name="test_auth_forgot_password_unknown_email_returns_ok" time="0.012" /><testcase classname="backend.tests.test_upload.TestUploadAuth" name="test_upload_without_auth_returns_401" time="0.158" /><testcase classname="backend.tests.test_upload.TestUploadAuth" name="test_upload_png_as_admin_returns_200" time="0.733" /><testcase classname="backend.tests.test_upload.TestUploadAuth" name="test_upload_as_vendor_returns_200" time="0.622" /><testcase classname="backend.tests.test_upload.TestUploadValidation" name="test_non_image_returns_400" time="0.692" /><testcase classname="backend.tests.test_upload.TestUploadValidation" name="test_oversized_file_returns_400" time="0.763" /><testcase classname="backend.tests.test_upload.TestUploadValidation" name="test_jpeg_accepted" time="0.520" /><testcase classname="backend.tests.test_upload.TestUploadValidation" name="test_webp_accepted" time="0.504" /><testcase classname="backend.tests.test_upload.TestStaticServing" name="test_uploaded_file_served_with_image_content_type" time="0.657" /><testcase classname="backend.tests.test_vendor_bookings.TestCities" name="test_cities_unfiltered_returns_sorted_distinct_non_empty" time="1.216" /><testcase classname="backend.tests.test_vendor_bookings.TestCities" name="test_cities_filtered_by_sport_and_vendor_type" time="0.251" /><testcase classname="backend.tests.test_vendor_bookings.TestCities" name="test_cities_filtered_by_uncommon_sport_excludes_unrelated" time="0.247" /><testcase classname="backend.tests.test_vendor_bookings.TestListingFilter" name="test_filter_by_sport_and_city_case_insensitive" time="0.285" /><testcase classname="backend.tests.test_vendor_bookings.TestCreateBooking" name="test_hr_creates_with_hours_derives_end_and_total" time="0.637" /><testcase classname="backend.tests.test_vendor_bookings.TestCreateBooking" name="test_hr_creates_with_end_time_derives_hours" time="0.180" /><testcase classname="backend.tests.test_vendor_bookings.TestCreateBooking" name="test_vendor_cannot_create_booking" time="0.166" /><testcase classname="backend.tests.test_vendor_bookings.TestCreateBooking" name="test_anonymous_cannot_create_booking" time="0.227" /><testcase classname="backend.tests.test_vendor_bookings.TestStateMachine" name="test_vendor_confirmed_is_remapped_to_vendor_accepted" time="0.260" /><testcase classname="backend.tests.test_vendor_bookings.TestStateMachine" name="test_vendor_declined_is_remapped_to_vendor_declined" time="0.243" /><testcase classname="backend.tests.test_vendor_bookings.TestStateMachine" name="test_vendor_cannot_patch_booking_of_other_vendor" time="1.121" /><testcase classname="backend.tests.test_vendor_bookings.TestStateMachine" name="test_admin_can_confirm_with_notes_and_logs_notification" time="0.266" /><testcase classname="backend.tests.test_vendor_bookings.TestStateMachine" name="test_admin_can_override_vendor_accept_with_reject" time="0.318" /><testcase classname="backend.tests.test_vendor_bookings.TestStateMachine" name="test_hr_can_cancel_after_confirmed" time="0.301" /><testcase classname="backend.tests.test_vendor_bookings.TestStateMachine" name="test_hr_cannot_set_arbitrary_status" time="0.368" /><testcase classname="backend.tests.test_vendor_bookings.TestStateMachine" name="test_status_change_emits_log_line" time="0.748" /><testcase classname="backend.tests.test_vendor_bookings.TestRegression" name="test_events_endpoint_still_lists" time="0.050" /><testcase classname="backend.tests.test_vendor_bookings.TestRegression" name="test_players_profiles_still_lists" time="0.062" /><testcase classname="backend.tests.test_vendor_bookings.TestRegression" name="test_companies_public_still_lists" time="0.136" /><testcase classname="backend.tests.test_vendor_bookings.TestRegression" name="test_settings_public_still_returns" time="0.133" /><testcase classname="backend.tests.test_vendor_player_settings.TestPublicEndpoints" name="test_companies_public_no_auth" time="0.141" /><testcase classname="backend.tests.test_vendor_player_settings.TestPublicEndpoints" name="test_settings_get_no_auth" time="0.134" /><testcase classname="backend.tests.test_vendor_player_settings.TestPublicEndpoints" name="test_settings_patch_requires_platform_admin" time="0.493" /><testcase classname="backend.tests.test_vendor_player_settings.TestPublicEndpoints" name="test_settings_patch_as_admin_persists" time="0.608" /><testcase classname="backend.tests.test_vendor_player_settings.TestPlayers" name="test_register_without_email_succeeds" time="0.472" /><testcase classname="backend.tests.test_vendor_player_settings.TestPlayers" name="test_duplicate_mobile_returns_400" time="0.613" /><testcase classname="backend.tests.test_vendor_player_settings.TestPlayers" name="test_player_login_success" time="0.380" /><testcase classname="backend.tests.test_vendor_player_settings.TestPlayers" name="test_player_login_wrong_password" time="0.402" /><testcase classname="backend.tests.test_vendor_player_settings.TestPlayers" name="test_get_my_profile" time="0.046" /><testcase classname="backend.tests.test_vendor_player_settings.TestPlayers" name="test_patch_profile_updates_fields" time="0.052" /><testcase classname="backend.tests.test_vendor_player_settings.TestPlayers" name="test_patch_cannot_change_mobile_view_count_or_user_id" time="0.054" /><testcase classname="backend.tests.test_vendor_player_settings.TestPlayers" name="test_change_company_updates_user_and_profile" time="0.254" /><testcase classname="backend.tests.test_vendor_player_settings.TestPlayers" name="test_profile_list_masks_mobile_for_others" time="0.538" /><testcase classname="backend.tests.test_vendor_player_settings.TestPlayers" name="test_profile_list_search_filter" time="0.059" /><testcase classname="backend.tests.test_vendor_player_settings.TestPlayers" name="test_view_count_increments_for_other_viewer" time="0.233" /><testcase classname="backend.tests.test_vendor_player_settings.TestPlayers" name="test_profiles_list_filter_by_company" time="0.070" /><testcase classname="backend.tests.test_vendor_player_settings.TestVendorsListingsBookings" name="test_vendor_signup_creates_unapproved" time="0.495" /><testcase classname="backend.tests.test_vendor_player_settings.TestVendorsListingsBookings" name="test_public_listings_strip_vendor_id_and_only_approved" time="0.128" /><testcase classname="backend.tests.test_vendor_player_settings.TestVendorsListingsBookings" name="test_public_listings_filters" time="0.115" /><testcase classname="backend.tests.test_vendor_player_settings.TestVendorsListingsBookings" name="test_vendor_create_listing_pending_then_admin_approve" time="0.889" /><testcase classname="backend.tests.test_vendor_player_settings.TestVendorsListingsBookings" name="test_vendor_listing_patch_cannot_self_approve" time="0.178" /><testcase classname="backend.tests.test_vendor_player_settings.TestVendorsListingsBookings" name="test_vendor_listings_owner_only" time="0.897" /><testcase classname="backend.tests.test_vendor_player_settings.TestVendorBookings" name="test_company_admin_books_approved_listing" time="0.525" /><testcase classname="backend.tests.test_vendor_player_settings.TestVendorBookings" name="test_booking_rejected_when_listing_not_approved" time="0.153" /><testcase classname="backend.tests.test_vendor_player_settings.TestVendorBookings" name="test_non_company_admin_cannot_create_booking" time="0.167" /><testcase classname="backend.tests.test_vendor_player_settings.TestAdminVendorApproval" name="test_admin_lists_vendors_filtered" time="0.054" /><testcase classname="backend.tests.test_vendor_player_settings.TestAdminVendorApproval" name="test_non_admin_cannot_list_vendors" time="0.049" /><testcase classname="backend.tests.test_vendor_player_settings.TestAdminVendorApproval" name="test_admin_can_flip_vendor_approval" time="0.160" /></testsuite></testsuites>