<?xml version="1.0" encoding="utf-8"?><testsuites name="pytest tests"><testsuite name="pytest" errors="0" failures="1" skipped="0" tests="7" time="2.819" timestamp="2026-07-09T05:57:36.948350+00:00" hostname="agent-env-b169f24a-ac20-4873-8045-8da1cd775346"><testcase classname="backend.tests.test_iter41_extended.TestEventFutureStaysUpcoming" name="test_event_with_future_end_date_stays_upcoming" time="0.549" /><testcase classname="backend.tests.test_iter41_extended.TestMobileLoginFormats" name="test_login_with_full_country_code_mobile" time="0.375" /><testcase classname="backend.tests.test_iter41_extended.TestMobileLoginFormats" name="test_login_with_10_digit_mobile" time="0.317" /><testcase classname="backend.tests.test_iter41_extended.TestMobileLoginFormats" name="test_login_unknown_mobile_fails" time="0.094" /><testcase classname="backend.tests.test_iter41_extended.TestVendorSportsEndpoint" name="test_public_anonymous_access" time="0.126" /><testcase classname="backend.tests.test_iter41_extended.TestQuickAddWelcomeEmail" name="test_quick_add_returns_temp_password" time="0.751" /><testcase classname="backend.tests.test_iter41_extended.TestAlsoPlayerUnlocksPlayersMe" name="test_admin_can_access_players_me_after_opt_in" time="0.516"><failure message="AssertionError: {&quot;detail&quot;:&quot;Player only&quot;}&#10;assert 403 == 200&#10; +  where 403 = &lt;Response [403]&gt;.status_code">backend/tests/test_iter41_extended.py:130: in test_admin_can_access_players_me_after_opt_in
    assert pm.status_code == 200, pm.text
E   AssertionError: {"detail":"Player only"}
E   assert 403 == 200
E    +  where 403 = &lt;Response [403]&gt;.status_code</failure></testcase></testsuite></testsuites>