<?xml version="1.0" encoding="utf-8"?><testsuites name="pytest tests"><testsuite name="pytest" errors="0" failures="0" skipped="0" tests="39" time="87.791" timestamp="2026-06-20T04:00:43.453750+00:00" hostname="agent-env-b169f24a-ac20-4873-8045-8da1cd775346"><testcase classname="backend.tests.test_organiser_signup_otp.TestOrganiserOtpRequest" name="test_request_otp_accepts_gmail" time="0.182" /><testcase classname="backend.tests.test_organiser_signup_otp.TestOrganiserOtpRequest" name="test_request_otp_accepts_yahoo_and_corporate" time="0.583" /><testcase classname="backend.tests.test_organiser_signup_otp.TestOrganiserOtpRequest" name="test_request_otp_overwrites_previous" time="0.375" /><testcase classname="backend.tests.test_organiser_signup_otp.TestOrganiserSignupValidation" name="test_signup_missing_otp_returns_400" time="0.210" /><testcase classname="backend.tests.test_organiser_signup_otp.TestOrganiserSignupValidation" name="test_signup_wrong_otp_increments_then_locks" time="0.427" /><testcase classname="backend.tests.test_organiser_signup_otp.TestOrganiserSignupSuccessAndPerms" name="test_full_signup_login_and_perms" time="0.882" /><testcase classname="backend.tests.test_organiser_signup_otp.TestRegression" name="test_admin_login" time="0.225" /><testcase classname="backend.tests.test_organiser_signup_otp.TestRegression" name="test_company_signup_still_blocks_free_email" time="0.002" /><testcase classname="backend.tests.test_vendor_player_otp_and_email.TestVendorOtp" name="test_request_otp_accepts_any_domain[gmail.com]" time="0.173" /><testcase classname="backend.tests.test_vendor_player_otp_and_email.TestVendorOtp" name="test_request_otp_accepts_any_domain[yahoo.com]" time="0.171" /><testcase classname="backend.tests.test_vendor_player_otp_and_email.TestVendorOtp" name="test_request_otp_accepts_any_domain[qa-vendor.io]" time="0.171" /><testcase classname="backend.tests.test_vendor_player_otp_and_email.TestVendorOtp" name="test_signup_missing_otp_returns_400" time="0.216" /><testcase classname="backend.tests.test_vendor_player_otp_and_email.TestVendorOtp" name="test_wrong_otp_increments_and_locks_at_5" time="0.262" /><testcase classname="backend.tests.test_vendor_player_otp_and_email.TestVendorOtp" name="test_valid_otp_creates_vendor_and_sets_cookie" time="7.933" /><testcase classname="backend.tests.test_vendor_player_otp_and_email.TestPlayerOtp" name="test_request_otp_accepts_any_domain" time="0.251" /><testcase classname="backend.tests.test_vendor_player_otp_and_email.TestPlayerOtp" name="test_register_requires_email_and_otp" time="0.255" /><testcase classname="backend.tests.test_vendor_player_otp_and_email.TestPlayerOtp" name="test_valid_otp_creates_player" time="0.438" /><testcase classname="backend.tests.test_vendor_player_otp_and_email.TestForgotPassword" name="test_admin_forgot_password_sends_email" time="2.154" /><testcase classname="backend.tests.test_vendor_player_otp_and_email.TestForgotPassword" name="test_nonexistent_email_no_leak" time="1.004" /><testcase classname="backend.tests.test_vendor_player_otp_and_email.TestForgotPassword" name="test_players_forgot_password_works" time="0.161" /><testcase classname="backend.tests.test_vendor_player_otp_and_email.TestRegression" name="test_admin_login_still_works" time="0.225" /><testcase classname="backend.tests.test_vendor_player_otp_and_email.TestRegression" name="test_company_signup_still_blocks_gmail" time="0.002" /><testcase classname="backend.tests.test_vendor_player_otp_and_email.TestRegression" name="test_company_signup_corporate_otp_still_works" time="7.929" /><testcase classname="backend.tests.test_company_signup_otp.TestFreeEmailRejection" name="test_request_otp_rejects_free_provider[gmail.com]" time="0.002" /><testcase classname="backend.tests.test_company_signup_otp.TestFreeEmailRejection" name="test_request_otp_rejects_free_provider[yahoo.com]" time="0.002" /><testcase classname="backend.tests.test_company_signup_otp.TestFreeEmailRejection" name="test_request_otp_rejects_free_provider[hotmail.com]" time="0.002" /><testcase classname="backend.tests.test_company_signup_otp.TestFreeEmailRejection" name="test_request_otp_rejects_free_provider[rediffmail.com]" time="0.001" /><testcase classname="backend.tests.test_company_signup_otp.TestFreeEmailRejection" name="test_request_otp_rejects_free_provider[mailinator.com]" time="0.001" /><testcase classname="backend.tests.test_company_signup_otp.TestFreeEmailRejection" name="test_signup_rejects_free_email_before_otp" time="0.002" /><testcase classname="backend.tests.test_company_signup_otp.TestRequestOtpHappyPath" name="test_request_otp_corporate_success_and_persistence" time="7.986" /><testcase classname="backend.tests.test_company_signup_otp.TestRequestOtpHappyPath" name="test_request_otp_overwrites_previous" time="17.380" /><testcase classname="backend.tests.test_company_signup_otp.TestWrongOtp" name="test_wrong_otp_increments_attempts" time="8.927" /><testcase classname="backend.tests.test_company_signup_otp.TestWrongOtp" name="test_too_many_attempts_returns_429" time="9.225" /><testcase classname="backend.tests.test_company_signup_otp.TestExpiryAndMissing" name="test_expired_otp" time="9.535" /><testcase classname="backend.tests.test_company_signup_otp.TestExpiryAndMissing" name="test_missing_otp_field" time="0.002" /><testcase classname="backend.tests.test_company_signup_otp.TestSignupSuccess" name="test_valid_otp_completes_signup" time="10.099" /><testcase classname="backend.tests.test_company_signup_otp.TestRegression" name="test_admin_login" time="0.225" /><testcase classname="backend.tests.test_company_signup_otp.TestRegression" name="test_player_signup_and_login" time="0.003" /><testcase classname="backend.tests.test_company_signup_otp.TestRegression" name="test_vendor_signup" time="0.003" /></testsuite></testsuites>