<?xml version="1.0" encoding="utf-8"?><testsuites name="pytest tests"><testsuite name="pytest" errors="0" failures="0" skipped="1" tests="40" time="7.384" timestamp="2026-07-15T04:41:42.959375+00:00" hostname="agent-env-b169f24a-ac20-4873-8045-8da1cd775346"><testcase classname="backend.tests.test_iter41_lifecycle.TestCreateRequiresDates" name="test_missing_start_date_returns_400" time="0.548" /><testcase classname="backend.tests.test_iter41_lifecycle.TestCreateRequiresDates" name="test_missing_end_date_returns_400" time="0.055" /><testcase classname="backend.tests.test_iter41_lifecycle.TestCreateRequiresDates" name="test_end_before_start_returns_400" time="0.058" /><testcase classname="backend.tests.test_iter41_lifecycle.TestCreateRequiresDates" name="test_valid_dates_create_succeeds" time="0.112" /><testcase classname="backend.tests.test_iter41_lifecycle.TestPatchDates" name="test_partial_update_without_dates_succeeds" time="0.169" /><testcase classname="backend.tests.test_iter41_lifecycle.TestPatchDates" name="test_blank_start_date_rejected" time="0.168" /><testcase classname="backend.tests.test_iter41_lifecycle.TestPatchDates" name="test_blank_end_date_rejected" time="0.184" /><testcase classname="backend.tests.test_iter41_lifecycle.TestPatchDates" name="test_new_end_before_existing_start_rejected" time="0.173" /><testcase classname="backend.tests.test_iter41_lifecycle.TestPatchDates" name="test_valid_new_dates_succeed" time="0.170" /><testcase classname="backend.tests.test_iter41_lifecycle.TestManualTickEndpoint" name="test_platform_admin_can_tick" time="0.451" /><testcase classname="backend.tests.test_iter41_lifecycle.TestManualTickEndpoint" name="test_non_admin_forbidden" time="0.059" /><testcase classname="backend.tests.test_iter41_lifecycle.TestManualTickEndpoint" name="test_organiser_forbidden" time="0.453" /><testcase classname="backend.tests.test_iter41_lifecycle.TestManualTickEndpoint" name="test_hr_forbidden" time="0.130"><skipped type="pytest.skip" message="HR seed account not available (clean-slate mode)">/app/backend/tests/test_iter41_lifecycle.py:185: HR seed account not available (clean-slate mode)</skipped></testcase><testcase classname="backend.tests.test_iter41_lifecycle.TestManualTickEndpoint" name="test_anonymous_forbidden" time="0.137" /><testcase classname="backend.tests.test_iter41_lifecycle.TestRunTickStatus" name="test_past_end_no_matches_started_cancels" time="0.014" /><testcase classname="backend.tests.test_iter41_lifecycle.TestRunTickStatus" name="test_past_end_with_live_fixture_completes" time="0.008" /><testcase classname="backend.tests.test_iter41_lifecycle.TestRunTickStatus" name="test_today_between_start_end_goes_ongoing" time="0.007" /><testcase classname="backend.tests.test_iter41_lifecycle.TestRunTickReminders" name="test_no_teams_reminder" time="0.006" /><testcase classname="backend.tests.test_iter41_lifecycle.TestRunTickReminders" name="test_no_fixtures_reminder_with_cooldown" time="0.009" /><testcase classname="backend.tests.test_iter41_lifecycle.TestRunTickReminders" name="test_starts_tomorrow_reminder" time="0.007" /><testcase classname="backend.tests.test_iter41_lifecycle.TestRunTickReminders" name="test_start_today_reminder" time="0.008" /><testcase classname="backend.tests.test_iter41_lifecycle.TestRunTickReminders" name="test_no_activity_8h_reminder" time="0.007" /><testcase classname="backend.tests.test_iter41_lifecycle.TestRunTickReminders" name="test_publish_results_reminder" time="0.007" /><testcase classname="backend.tests.test_iter41_lifecycle.TestRegressionApprovalFlow" name="test_approve_reject_still_present" time="0.174" /><testcase classname="backend.tests.test_iter41_lifecycle.TestRegressionApprovalFlow" name="test_events_list_shape_unchanged" time="0.158" /><testcase classname="backend.tests.test_batch_bugs_iter40.TestEventAutoComplete" name="test_event_with_past_end_date_auto_completes" time="0.399" /><testcase classname="backend.tests.test_batch_bugs_iter40.TestPhotoCap" name="test_photo_limit_seven" time="0.434" /><testcase classname="backend.tests.test_batch_bugs_iter40.TestVendorListingsSports" name="test_sports_endpoint_returns_distinct_sports" time="0.003" /><testcase classname="backend.tests.test_batch_bugs_iter40.TestMobileLogin" name="test_login_with_email" time="0.225" /><testcase classname="backend.tests.test_batch_bugs_iter40.TestMobileLogin" name="test_login_with_mobile" time="0.226" /><testcase classname="backend.tests.test_batch_bugs_iter40.TestMobileLogin" name="test_login_wrong_password_still_fails" time="0.225" /><testcase classname="backend.tests.test_batch_bugs_iter40.TestAlsoPlayer" name="test_admin_can_opt_in_as_player" time="0.354" /><testcase classname="backend.tests.test_batch_bugs_iter40.TestAlsoPlayer" name="test_native_player_role_cannot_opt_in" time="0.002" /><testcase classname="backend.tests.test_iter41_extended.TestEventFutureStaysUpcoming" name="test_event_with_future_end_date_stays_upcoming" time="0.355" /><testcase classname="backend.tests.test_iter41_extended.TestMobileLoginFormats" name="test_login_with_full_country_code_mobile" time="0.225" /><testcase classname="backend.tests.test_iter41_extended.TestMobileLoginFormats" name="test_login_with_10_digit_mobile" time="0.226" /><testcase classname="backend.tests.test_iter41_extended.TestMobileLoginFormats" name="test_login_unknown_mobile_fails" time="0.003" /><testcase classname="backend.tests.test_iter41_extended.TestVendorSportsEndpoint" name="test_public_anonymous_access" time="0.002" /><testcase classname="backend.tests.test_iter41_extended.TestQuickAddWelcomeEmail" name="test_quick_add_returns_temp_password" time="0.778" /><testcase classname="backend.tests.test_iter41_extended.TestAlsoPlayerUnlocksPlayersMe" name="test_admin_can_access_players_me_after_opt_in" time="0.483" /></testsuite></testsuites>