<?xml version="1.0" encoding="utf-8"?><testsuites name="pytest tests"><testsuite name="pytest" errors="0" failures="0" skipped="0" tests="70" time="10.202" timestamp="2026-07-14T13:29:39.151162+00:00" hostname="agent-env-b169f24a-ac20-4873-8045-8da1cd775346"><testcase classname="tests.test_corporate_services_phase3.TestServiceVendors" name="test_create_vendor" time="0.415" /><testcase classname="tests.test_corporate_services_phase3.TestServiceVendors" name="test_list_vendors_includes_new" time="0.059" /><testcase classname="tests.test_corporate_services_phase3.TestServiceVendors" name="test_patch_vendor" time="0.052" /><testcase classname="tests.test_corporate_services_phase3.TestServiceVendors" name="test_hr_cannot_list_service_vendors" time="0.405" /><testcase classname="tests.test_corporate_services_phase3.TestVendorRates" name="test_upsert_creates_rate" time="0.200" /><testcase classname="tests.test_corporate_services_phase3.TestVendorRates" name="test_upsert_updates_existing" time="0.091" /><testcase classname="tests.test_corporate_services_phase3.TestVendorRates" name="test_second_service_rate" time="0.046" /><testcase classname="tests.test_corporate_services_phase3.TestRFQFlow" name="test_hr_submits_rfq" time="0.052" /><testcase classname="tests.test_corporate_services_phase3.TestRFQFlow" name="test_admin_inbox_list_has_new_rfq" time="0.047" /><testcase classname="tests.test_corporate_services_phase3.TestRFQFlow" name="test_admin_rfq_summary" time="0.045" /><testcase classname="tests.test_corporate_services_phase3.TestRFQFlow" name="test_mark_under_review" time="0.105" /><testcase classname="tests.test_corporate_services_phase3.TestRFQFlow" name="test_mark_under_review_second_time_400" time="0.047" /><testcase classname="tests.test_corporate_services_phase3.TestRFQFlow" name="test_suggest_vendors" time="0.055" /><testcase classname="tests.test_corporate_services_phase3.TestRFQFlow" name="test_cost_sheet_autoseed" time="0.051" /><testcase classname="tests.test_corporate_services_phase3.TestRFQFlow" name="test_cost_sheet_save_recomputes_total" time="0.092" /><testcase classname="tests.test_corporate_services_phase3.TestRFQFlow" name="test_create_quotation_v1" time="0.052" /><testcase classname="tests.test_corporate_services_phase3.TestRFQFlow" name="test_hr_cannot_see_draft_quote" time="0.049" /><testcase classname="tests.test_corporate_services_phase3.TestRFQFlow" name="test_delete_draft_quote_creates_new_v1" time="0.101" /><testcase classname="tests.test_corporate_services_phase3.TestRFQFlow" name="test_send_quotation" time="0.147" /><testcase classname="tests.test_corporate_services_phase3.TestRFQFlow" name="test_hr_quote_is_sanitised" time="0.092" /><testcase classname="tests.test_corporate_services_phase3.TestRFQFlow" name="test_cannot_delete_sent_quote" time="0.044" /><testcase classname="tests.test_corporate_services_phase3.TestRFQFlow" name="test_chat_open_after_quote_sent" time="0.190" /><testcase classname="tests.test_corporate_services_phase3.TestRFQFlow" name="test_hr_rejects_creates_negotiation_and_chat_note" time="0.148" /><testcase classname="tests.test_corporate_services_phase3.TestRFQFlow" name="test_create_v2_and_send" time="0.199" /><testcase classname="tests.test_corporate_services_phase3.TestRFQFlow" name="test_pricing_mode_fixed_and_markup_mix" time="0.144" /><testcase classname="tests.test_corporate_services_phase3.TestRFQFlow" name="test_hr_accepts_final_quote" time="0.149" /><testcase classname="tests.test_corporate_services_phase3.TestRFQFlow" name="test_rfq_history_shows_transitions" time="0.053" /><testcase classname="tests.test_corporate_services_phase3.TestChatGating" name="test_chat_blocked_before_quote" time="0.188" /><testcase classname="tests.test_corporate_services_phase3.TestVendorDeleteGuard" name="test_cannot_delete_vendor_in_use" time="0.044" /><testcase classname="tests.test_corporate_services_phase3.TestVendorDeleteGuard" name="test_can_delete_unused_vendor" time="0.093" /><testcase classname="tests.test_cs_invoices_iter38.TestAcceptCreatesInvoice" name="test_accept_response_shape" time="1.087" /><testcase classname="tests.test_cs_invoices_iter38.TestAcceptCreatesInvoice" name="test_hr_can_get_invoice" time="0.049" /><testcase classname="tests.test_cs_invoices_iter38.TestAcceptCreatesInvoice" name="test_admin_can_get_invoice" time="0.051" /><testcase classname="tests.test_cs_invoices_iter38.TestInvoiceReadContract" name="test_returns_null_when_no_invoice" time="0.098" /><testcase classname="tests.test_cs_invoices_iter38.TestInvoiceReadContract" name="test_unauth_returns_401" time="0.152" /><testcase classname="tests.test_cs_invoices_iter38.TestAdminGenerate" name="test_generate_returns_existing_invoice" time="0.102" /><testcase classname="tests.test_cs_invoices_iter38.TestAdminGenerate" name="test_generate_from_sent_quote_flips_states" time="0.453" /><testcase classname="tests.test_cs_invoices_iter38.TestAdminGenerate" name="test_generate_without_quote_returns_400" time="0.101" /><testcase classname="tests.test_cs_invoices_iter38.TestInvoicePDF" name="test_admin_downloads_pdf" time="0.447" /><testcase classname="tests.test_cs_invoices_iter38.TestInvoicePDF" name="test_hr_owner_downloads_pdf" time="0.158" /><testcase classname="tests.test_cs_invoices_iter38.TestInvoicePDF" name="test_other_hr_gets_403" time="0.454" /><testcase classname="tests.test_cs_invoices_iter38.TestPayLinkMock" name="test_paylink_returns_mock_url_and_persists" time="0.091" /><testcase classname="tests.test_cs_invoices_iter38.TestPayLinkMock" name="test_paylink_idempotent" time="0.092" /><testcase classname="tests.test_cs_invoices_iter38.TestMarkPaid" name="test_mark_paid_flips_states" time="0.138" /><testcase classname="tests.test_cs_invoices_iter38.TestMarkPaid" name="test_mark_paid_idempotent" time="0.044" /><testcase classname="tests.test_cs_invoices_iter38.TestRazorpayWebhook" name="test_webhook_accepts_when_secret_absent" time="0.099" /><testcase classname="tests.test_cs_invoices_iter38.TestRazorpayWebhook" name="test_webhook_bad_payload_400" time="0.097" /><testcase classname="tests.test_cs_invoices_iter38.TestAdminInvoicesList" name="test_admin_lists_invoices" time="0.045" /><testcase classname="tests.test_cs_invoices_iter38.TestAdminInvoicesList" name="test_hr_cannot_list_invoices" time="0.066" /><testcase classname="tests.test_cs_invoices_iter38.TestRoleManuals" name="test_manual_accessible[platform-admin]" time="0.190" /><testcase classname="tests.test_cs_invoices_iter38.TestRoleManuals" name="test_manual_accessible[company]" time="0.216" /><testcase classname="tests.test_cs_invoices_iter38.TestRoleManuals" name="test_manual_accessible[organiser]" time="0.189" /><testcase classname="tests.test_cs_invoices_iter38.TestRoleManuals" name="test_manual_accessible[vendor]" time="0.143" /><testcase classname="tests.test_cs_invoices_iter38.TestRoleManuals" name="test_manual_accessible[player]" time="0.191" /><testcase classname="tests.test_cs_invoices_iter38.TestRoleManuals" name="test_manual_accessible[sponsor]" time="0.249" /><testcase classname="tests.test_cs_invoices_iter38.TestRoleManuals" name="test_manual_accessible[scorer]" time="0.141" /><testcase classname="tests.test_cs_invoices_iter38.TestPriorRFQIdempotency" name="test_prior_rfq_invoice_lookup" time="0.098" /><testcase classname="tests.test_seo_sitemap_iter39.TestSitemapXml" name="test_sitemap_returns_xml" time="0.125" /><testcase classname="tests.test_seo_sitemap_iter39.TestSitemapXml" name="test_sitemap_cache_control" time="0.008" /><testcase classname="tests.test_seo_sitemap_iter39.TestSitemapXml" name="test_sitemap_includes_all_static_routes" time="0.050" /><testcase classname="tests.test_seo_sitemap_iter39.TestSitemapXml" name="test_sitemap_contains_at_least_17_urls" time="0.052" /><testcase classname="tests.test_seo_sitemap_iter39.TestSitemapXml" name="test_sitemap_dynamic_events_or_listings_included" time="0.052" /><testcase classname="tests.test_seo_sitemap_iter39.TestRobotsTxt" name="test_robots_returns_text_plain" time="0.045" /><testcase classname="tests.test_seo_sitemap_iter39.TestRobotsTxt" name="test_robots_content" time="0.046" /><testcase classname="tests.test_seo_sitemap_iter39.TestSitemapRebuild" name="test_rebuild_requires_admin" time="0.046" /><testcase classname="tests.test_seo_sitemap_iter39.TestSitemapRebuild" name="test_rebuild_forbidden_for_hr" time="0.316" /><testcase classname="tests.test_seo_sitemap_iter39.TestSitemapRebuild" name="test_rebuild_admin_success" time="0.316" /><testcase classname="tests.test_seo_sitemap_iter39.TestSitemapRebuild" name="test_rebuild_refreshes_static_file" time="0.053" /><testcase classname="tests.test_seo_sitemap_iter39.TestStaticSitemapMatchesAPI" name="test_static_sitemap_readable" time="0.000" /><testcase classname="tests.test_seo_sitemap_iter39.TestStaticSitemapMatchesAPI" name="test_static_robots_readable" time="0.001" /></testsuite></testsuites>