<?xml version="1.0" encoding="utf-8"?><testsuites name="pytest tests"><testsuite name="pytest" errors="0" failures="0" skipped="0" tests="18" time="2.906" timestamp="2026-06-28T11:00:50.305983+00:00" hostname="agent-env-b169f24a-ac20-4873-8045-8da1cd775346"><testcase classname="backend.tests.test_memberships_phase2.TestMembershipPurchase" name="test_buy_offline_creates_pending" time="1.827" /><testcase classname="backend.tests.test_memberships_phase2.TestMembershipPurchase" name="test_online_also_lands_pending" time="0.501" /><testcase classname="backend.tests.test_memberships_phase2.TestMembershipPurchase" name="test_duplicate_buy_blocked" time="0.006" /><testcase classname="backend.tests.test_memberships_phase2.TestMembershipPurchase" name="test_my_purchases_lists_pending" time="0.045" /><testcase classname="backend.tests.test_memberships_phase2.TestMembershipPurchase" name="test_vendor_inbox_sees_request" time="0.005" /><testcase classname="backend.tests.test_memberships_phase2.TestMembershipPurchase" name="test_vendor_activates_purchase" time="0.044" /><testcase classname="backend.tests.test_memberships_phase2.TestMembershipPurchase" name="test_activate_twice_rejected" time="0.044" /><testcase classname="backend.tests.test_memberships_phase2.TestMembershipPurchase" name="test_buyer_cannot_cancel_active" time="0.004" /><testcase classname="backend.tests.test_memberships_phase2.TestRejectAndCancel" name="test_vendor_rejects_hr2_pending" time="0.045" /><testcase classname="backend.tests.test_memberships_phase2.TestRejectAndCancel" name="test_buyer_cancels_own_pending" time="0.054" /><testcase classname="backend.tests.test_memberships_phase2.TestManualIssue" name="test_issue_unknown_email_404" time="0.005" /><testcase classname="backend.tests.test_memberships_phase2.TestManualIssue" name="test_issue_to_existing_user" time="0.045" /><testcase classname="backend.tests.test_memberships_phase2.TestManualIssue" name="test_issue_not_my_plan" time="0.003" /><testcase classname="backend.tests.test_memberships_phase2.TestPastDateRegression" name="test_vendor_booking_past_date_rejected" time="0.045" /><testcase classname="backend.tests.test_memberships_phase2.TestPastDateRegression" name="test_block_past_date_rejected" time="0.004" /><testcase classname="backend.tests.test_memberships_phase2.TestAuthGuards" name="test_purchase_requires_login" time="0.002" /><testcase classname="backend.tests.test_memberships_phase2.TestAuthGuards" name="test_vendor_inbox_forbidden_for_hr" time="0.044" /><testcase classname="backend.tests.test_memberships_phase2.TestPublicList" name="test_listing_memberships_visible_anon" time="0.010" /></testsuite></testsuites>