<?xml version="1.0" encoding="utf-8"?><testsuites name="pytest tests"><testsuite name="pytest" errors="0" failures="0" skipped="0" tests="36" time="10.072" timestamp="2026-07-03T04:21:14.741839+00:00" hostname="agent-env-b169f24a-ac20-4873-8045-8da1cd775346"><testcase classname="backend.tests.test_phase5_business.TestMetaCategories" name="test_returns_full_map" time="0.008" /><testcase classname="backend.tests.test_phase5_business.TestVendorMultiType" name="test_signup_persists_vendor_types" time="1.265" /><testcase classname="backend.tests.test_phase5_business.TestListingDetailedAddress" name="test_address_persisted_on_create" time="0.457" /><testcase classname="backend.tests.test_phase5_business.TestVenueLeads" name="test_hr_can_submit_lead" time="0.501" /><testcase classname="backend.tests.test_phase5_business.TestVenueLeads" name="test_admin_lists_lead" time="0.004" /><testcase classname="backend.tests.test_phase5_business.TestVenueLeads" name="test_admin_patch_status_and_notes" time="0.044" /><testcase classname="backend.tests.test_phase5_business.TestVenueLeads" name="test_admin_patch_invalid_status_rejected" time="0.043" /><testcase classname="backend.tests.test_phase5_business.TestVenueLeads" name="test_player_cannot_submit_lead" time="0.756" /><testcase classname="backend.tests.test_phase5_business.TestOfflineSubscription" name="test_request_pending" time="0.908" /><testcase classname="backend.tests.test_phase5_business.TestOfflineSubscription" name="test_duplicate_pending_rejected" time="0.045" /><testcase classname="backend.tests.test_phase5_business.TestOfflineSubscription" name="test_admin_lists_pending" time="0.004" /><testcase classname="backend.tests.test_phase5_business.TestOfflineSubscription" name="test_admin_activate_flips_vendor_offline_mode" time="0.045" /><testcase classname="backend.tests.test_phase5_business.TestOfflineSubscription" name="test_price_override_via_settings" time="0.953" /><testcase classname="backend.tests.test_phase5_business.TestOfflineSubscription" name="test_reject_fresh_sub" time="0.929" /><testcase classname="backend.tests.test_phase5_business.TestPrivateBookings" name="test_locked_when_offline_mode_false" time="0.269" /><testcase classname="backend.tests.test_phase5_business.TestPrivateBookings" name="test_create_and_list_private_booking" time="0.496" /><testcase classname="backend.tests.test_phase5_business.TestPrivateBookings" name="test_private_blocks_public_availability" time="0.006" /><testcase classname="backend.tests.test_phase5_business.TestPrivateBookings" name="test_delete_private_booking" time="0.088" /><testcase classname="backend.tests.test_phase5_business.TestVendorPIIMask" name="test_vendor_sees_masked_hr_fields" time="0.328" /><testcase classname="backend.tests.test_phase5_business.TestVendorInvoiceSettings" name="test_patch_invoice_settings_persists" time="0.316" /><testcase classname="backend.tests.test_phase5_business.TestVendorInvoiceSettings" name="test_patch_rejects_disallowed_fields" time="0.313" /><testcase classname="backend.tests.test_phase5_business.TestVendorInvoiceSettings" name="test_patch_tax_percent_out_of_range" time="0.313" /><testcase classname="backend.tests.test_phase5_business.TestVendorInvoiceSettings" name="test_patch_requires_vendor_role" time="0.003" /><testcase classname="backend.tests.test_phase5_business.TestVendorCustomersAndInvoices" name="test_create_and_list_customer" time="0.316" /><testcase classname="backend.tests.test_phase5_business.TestVendorCustomersAndInvoices" name="test_kreeda_member_email_not_blocked_from_customer" time="0.044" /><testcase classname="backend.tests.test_phase5_business.TestVendorCustomersAndInvoices" name="test_create_invoice_from_booking" time="0.137" /><testcase classname="backend.tests.test_phase5_business.TestVendorCustomersAndInvoices" name="test_duplicate_invoice_rejected" time="0.045" /><testcase classname="backend.tests.test_phase5_business.TestVendorCustomersAndInvoices" name="test_mark_paid" time="0.047" /><testcase classname="backend.tests.test_phase5_business.TestVendorCustomersAndInvoices" name="test_recurring_weekly_booking_persists_days" time="0.046" /><testcase classname="backend.tests.test_phase5_business.TestAdminVendorOfflineStats" name="test_stats_endpoint" time="0.017" /><testcase classname="backend.tests.test_phase5_business.TestPrivateBookingEditAndHours" name="test_edit_private_booking" time="0.406" /><testcase classname="backend.tests.test_phase5_business.TestPrivateBookingEditAndHours" name="test_after_hours_flag_default_off_blocks" time="0.090" /><testcase classname="backend.tests.test_phase5_business.TestPrivateBookingEditAndHours" name="test_after_hours_toggle_allows" time="0.091" /><testcase classname="backend.tests.test_phase5_business.TestPrivateBookingEditAndHours" name="test_edit_time_re_validates_hours" time="0.137" /><testcase classname="backend.tests.test_phase5_business.TestVendorBookingRoles" name="test_player_can_post_vendor_booking" time="0.336" /><testcase classname="backend.tests.test_phase5_business.TestSponsorshipMyActivity" name="test_roll_up_shape" time="0.010" /></testsuite></testsuites>