<?xml version="1.0" encoding="utf-8"?><testsuites name="pytest tests"><testsuite name="pytest" errors="0" failures="0" skipped="0" tests="14" time="3.306" timestamp="2026-06-18T05:49:31.828472+00:00" hostname="agent-env-b169f24a-ac20-4873-8045-8da1cd775346"><testcase classname="backend.tests.test_rbac_admin.TestPermissionsMe" name="test_super_admin_permissions_me" time="0.573" /><testcase classname="backend.tests.test_rbac_admin.TestPermissionsMe" name="test_auth_me_returns_super_flag" time="0.046" /><testcase classname="backend.tests.test_rbac_admin.TestPermissionsMe" name="test_staff_admin_permissions_me" time="0.658" /><testcase classname="backend.tests.test_rbac_admin.TestStaffCrud" name="test_create_and_list_staff_admin" time="0.466" /><testcase classname="backend.tests.test_rbac_admin.TestStaffCrud" name="test_super_admin_cannot_be_deleted" time="0.096" /><testcase classname="backend.tests.test_rbac_admin.TestStaffCrud" name="test_super_admin_cannot_be_modified" time="0.093" /><testcase classname="backend.tests.test_rbac_admin.TestStaffCrud" name="test_duplicate_email_rejected" time="0.046" /><testcase classname="backend.tests.test_rbac_admin.TestStaffAccessForbidden" name="test_staff_cannot_list_admins" time="0.044" /><testcase classname="backend.tests.test_rbac_admin.TestStaffAccessForbidden" name="test_staff_cannot_create_admin" time="0.045" /><testcase classname="backend.tests.test_rbac_admin.TestStaffAccessForbidden" name="test_staff_cannot_delete_admin" time="0.089" /><testcase classname="backend.tests.test_rbac_admin.TestStaffAccessForbidden" name="test_staff_cannot_create_service" time="0.043" /><testcase classname="backend.tests.test_rbac_admin.TestStaffAccessForbidden" name="test_staff_without_vendor_perm_cannot_approve_vendor" time="0.091" /><testcase classname="backend.tests.test_rbac_admin.TestStaffAccessForbidden" name="test_staff_without_listings_perm_cannot_approve_listing" time="0.091" /><testcase classname="backend.tests.test_rbac_admin.TestStaffAccessGranted" name="test_staff_with_vendor_perm_can_approve" time="0.851" /></testsuite></testsuites>