<?xml version="1.0" encoding="utf-8"?><testsuites name="pytest tests"><testsuite name="pytest" errors="0" failures="1" skipped="0" tests="24" time="37.537" timestamp="2026-07-14T13:31:35.326145+00:00" hostname="agent-env-b169f24a-ac20-4873-8045-8da1cd775346"><testcase classname="tests.test_players_corp_email_iter40.TestAuthGuards" name="test_request_otp_requires_auth" time="0.005" /><testcase classname="tests.test_players_corp_email_iter40.TestAuthGuards" name="test_verify_requires_auth" time="0.003" /><testcase classname="tests.test_players_corp_email_iter40.TestAuthGuards" name="test_request_otp_rejects_non_player" time="0.592" /><testcase classname="tests.test_players_corp_email_iter40.TestAuthGuards" name="test_verify_rejects_non_player" time="0.486" /><testcase classname="tests.test_players_corp_email_iter40.TestRequestOtpValidation" name="test_missing_or_malformed_email[]" time="0.497" /><testcase classname="tests.test_players_corp_email_iter40.TestRequestOtpValidation" name="test_missing_or_malformed_email[not-an-email]" time="0.492" /><testcase classname="tests.test_players_corp_email_iter40.TestRequestOtpValidation" name="test_missing_or_malformed_email[@missinglocal.com]" time="0.660"><failure message="AssertionError: {&quot;ok&quot;:true,&quot;expires_in&quot;:600,&quot;corporate_email&quot;:&quot;@missinglocal.com&quot;}&#10;assert 200 == 400&#10; +  where 200 = &lt;Response [200]&gt;.status_code">tests/test_players_corp_email_iter40.py:157: in test_missing_or_malformed_email
    assert r.status_code == 400, r.text
E   AssertionError: {"ok":true,"expires_in":600,"corporate_email":"@missinglocal.com"}
E   assert 200 == 400
E    +  where 200 = &lt;Response [200]&gt;.status_code</failure></testcase><testcase classname="tests.test_players_corp_email_iter40.TestRequestOtpValidation" name="test_missing_or_malformed_email[no-at-symbol]" time="0.487" /><testcase classname="tests.test_players_corp_email_iter40.TestRequestOtpValidation" name="test_free_domain_rejected[gmail.com]" time="0.490" /><testcase classname="tests.test_players_corp_email_iter40.TestRequestOtpValidation" name="test_free_domain_rejected[yahoo.com]" time="0.490" /><testcase classname="tests.test_players_corp_email_iter40.TestRequestOtpValidation" name="test_free_domain_rejected[outlook.com]" time="0.489" /><testcase classname="tests.test_players_corp_email_iter40.TestRequestOtpValidation" name="test_free_domain_rejected[hotmail.com]" time="0.484" /><testcase classname="tests.test_players_corp_email_iter40.TestRequestOtpValidation" name="test_free_domain_rejected[icloud.com]" time="0.508" /><testcase classname="tests.test_players_corp_email_iter40.TestRequestOtpValidation" name="test_free_domain_rejected[protonmail.com]" time="0.488" /><testcase classname="tests.test_players_corp_email_iter40.TestRequestOtpSuccess" name="test_success_persists_otp_and_returns_expected_payload" time="0.658" /><testcase classname="tests.test_players_corp_email_iter40.TestRequestOtpSuccess" name="test_repeated_request_overwrites_previous_otp" time="0.875" /><testcase classname="tests.test_players_corp_email_iter40.TestVerifyValidation" name="test_missing_fields" time="0.532" /><testcase classname="tests.test_players_corp_email_iter40.TestVerifyValidation" name="test_no_pending_otp" time="0.485" /><testcase classname="tests.test_players_corp_email_iter40.TestVerifyValidation" name="test_wrong_otp_increments_attempts" time="0.792" /><testcase classname="tests.test_players_corp_email_iter40.TestVerifyValidation" name="test_attempts_lock_at_5" time="0.703" /><testcase classname="tests.test_players_corp_email_iter40.TestVerifyValidation" name="test_expired_otp" time="16.048" /><testcase classname="tests.test_players_corp_email_iter40.TestVerifySuccess" name="test_success_flips_profile_flag" time="8.958" /><testcase classname="tests.test_players_corp_email_iter40.TestVerifySuccess" name="test_success_auto_links_company_by_domain" time="1.031" /><testcase classname="tests.test_players_corp_email_iter40.TestServerPlayerProfilesStillUsesEmailDomain" name="test_hr_finds_verified_player_by_domain" time="1.072" /></testsuite></testsuites>