<?xml version="1.0" encoding="utf-8"?><testsuites name="pytest tests"><testsuite name="pytest" errors="0" failures="0" skipped="0" tests="12" time="1.538" timestamp="2026-07-05T04:15:03.799289+00:00" hostname="agent-env-b169f24a-ac20-4873-8045-8da1cd775346"><testcase classname="backend.tests.test_sports_enrichment_iter28" name="test_get_sports_returns_list" time="0.466" /><testcase classname="backend.tests.test_sports_enrichment_iter28" name="test_create_pickleball_sport_auto_enriches" time="0.094" /><testcase classname="backend.tests.test_sports_enrichment_iter28" name="test_get_sports_enriches_legacy_rows_after_patch" time="0.141" /><testcase classname="backend.tests.test_sports_enrichment_iter28" name="test_event_pickleball_missing_player_format_returns_400" time="0.047" /><testcase classname="backend.tests.test_sports_enrichment_iter28" name="test_event_pickleball_with_doubles_succeeds_with_enrichment" time="0.146" /><testcase classname="backend.tests.test_sports_enrichment_iter28" name="test_event_cricket_auto_enriches_team_and_cricket_scoring" time="0.109" /><testcase classname="backend.tests.test_sports_enrichment_iter28" name="test_event_volleyball_auto_enriches_team_and_racket_scoring" time="0.093" /><testcase classname="backend.tests.test_sports_enrichment_iter28" name="test_event_chess_auto_enriches_individual_and_chess_scoring" time="0.097" /><testcase classname="backend.tests.test_sports_enrichment_iter28" name="test_event_badminton_with_singles_succeeds" time="0.089" /><testcase classname="backend.tests.test_sports_enrichment_iter28" name="test_event_tennis_missing_pf_returns_400" time="0.046" /><testcase classname="backend.tests.test_sports_enrichment_iter28" name="test_event_lawntennis_with_doubles_succeeds" time="0.094" /><testcase classname="backend.tests.test_sports_enrichment_iter28" name="test_event_invalid_pf_for_racket_returns_400" time="0.047" /></testsuite></testsuites>