<?xml version="1.0" encoding="utf-8"?><testsuites name="pytest tests"><testsuite name="pytest" errors="0" failures="0" skipped="0" tests="93" time="21.682" timestamp="2026-06-14T03:35:33.393971+00:00" hostname="agent-env-b169f24a-ac20-4873-8045-8da1cd775346"><testcase classname="tests.backend_test.TestMeta" name="test_root" time="0.134" /><testcase classname="tests.backend_test.TestMeta" name="test_stats" time="0.043" /><testcase classname="tests.backend_test.TestAuth" name="test_login_admin_sets_cookie" time="0.325" /><testcase classname="tests.backend_test.TestAuth" name="test_me_with_cookie" time="0.363" /><testcase classname="tests.backend_test.TestAuth" name="test_login_bad_password" time="0.320" /><testcase classname="tests.backend_test.TestAuth" name="test_me_unauthenticated" time="0.112" /><testcase classname="tests.backend_test.TestAuth" name="test_logout" time="0.396" /><testcase classname="tests.backend_test.TestAuth" name="test_register_viewer" time="0.410" /><testcase classname="tests.backend_test.TestEvents" name="test_list_events" time="0.053" /><testcase classname="tests.backend_test.TestEvents" name="test_get_event" time="0.100" /><testcase classname="tests.backend_test.TestEvents" name="test_get_event_404" time="0.041" /><testcase classname="tests.backend_test.TestEvents" name="test_create_event_requires_admin" time="0.359" /><testcase classname="tests.backend_test.TestEvents" name="test_create_event_unauth" time="0.102" /><testcase classname="tests.backend_test.TestEvents" name="test_admin_event_full_crud" time="0.227" /><testcase classname="tests.backend_test.TestTeams" name="test_list_teams" time="0.069" /><testcase classname="tests.backend_test.TestTeams" name="test_list_teams_filter" time="0.101" /><testcase classname="tests.backend_test.TestTeams" name="test_create_team_public" time="0.188" /><testcase classname="tests.backend_test.TestTeams" name="test_team_update_requires_admin" time="0.163" /><testcase classname="tests.backend_test.TestTeams" name="test_admin_team_update_delete" time="0.196" /><testcase classname="tests.backend_test.TestTeamPlayers" name="test_list_team_players" time="0.053" /><testcase classname="tests.backend_test.TestTeamPlayers" name="test_create_get_team_player" time="0.432" /><testcase classname="tests.backend_test.TestTeamPlayers" name="test_team_player_patch_requires_admin" time="0.246" /><testcase classname="tests.backend_test.TestFixtures" name="test_existing_football_fixtures_sorted" time="0.082" /><testcase classname="tests.backend_test.TestFixtures" name="test_generate_round_robin" time="0.877" /><testcase classname="tests.backend_test.TestFixtures" name="test_generate_knockout_and_propagate" time="0.851" /><testcase classname="tests.backend_test.TestFixtures" name="test_generate_fixtures_requires_admin" time="0.086" /><testcase classname="tests.backend_test.TestFixtures" name="test_generate_needs_2_teams" time="0.183" /><testcase classname="tests.backend_test.TestStandings" name="test_standings_football" time="0.124" /><testcase classname="tests.backend_test.TestSponsors" name="test_list_sponsors" time="0.038" /><testcase classname="tests.backend_test.TestSponsors" name="test_sponsor_admin_only" time="0.082" /><testcase classname="tests.backend_test.TestSponsors" name="test_sponsor_crud" time="0.143" /><testcase classname="tests.test_currency_catalog.TestServicesCatalog" name="test_seed_has_17_services" time="0.096" /><testcase classname="tests.test_currency_catalog.TestServicesCatalog" name="test_inr_services_present" time="0.000" /><testcase classname="tests.test_currency_catalog.TestServicesCatalog" name="test_usd_new_services_present" time="0.000" /><testcase classname="tests.test_currency_catalog.TestServicesCatalog" name="test_each_service_has_currency_field" time="0.000" /><testcase classname="tests.test_currency_catalog.TestNewServiceConfig" name="test_photography_fields" time="0.000" /><testcase classname="tests.test_currency_catalog.TestNewServiceConfig" name="test_videography_fields" time="0.000" /><testcase classname="tests.test_currency_catalog.TestNewServiceConfig" name="test_drone_fields" time="0.000" /><testcase classname="tests.test_currency_catalog.TestNewServiceConfig" name="test_anchor_fields" time="0.000" /><testcase classname="tests.test_currency_catalog.TestNewServiceConfig" name="test_dj_fields" time="0.000" /><testcase classname="tests.test_currency_catalog.TestNewServiceConfig" name="test_catering_fields" time="0.000" /><testcase classname="tests.test_currency_catalog.TestNewServiceConfig" name="test_medals_fields_and_variants" time="0.000" /><testcase classname="tests.test_currency_catalog.TestNewServiceConfig" name="test_banners_fields_and_variants" time="0.000" /><testcase classname="tests.test_currency_catalog.TestNewServiceConfig" name="test_first_aid_fields" time="0.000" /><testcase classname="tests.test_currency_catalog.TestNewServiceConfig" name="test_match_officials_fields" time="0.000" /><testcase classname="tests.test_currency_catalog.TestServiceCurrencyPatch" name="test_admin_can_patch_currency" time="0.616" /><testcase classname="tests.test_currency_catalog.TestBookingCurrency" name="test_booking_inr_service_carries_inr_currency" time="0.468" /><testcase classname="tests.test_currency_catalog.TestBookingCurrency" name="test_booking_usd_service_carries_usd" time="0.092" /><testcase classname="tests.test_currency_catalog.TestIdempotentSeed" name="test_service_count_stable" time="0.206" /><testcase classname="tests.test_multitenant.TestRoles" name="test_platform_admin_role" time="0.327" /><testcase classname="tests.test_multitenant.TestRoles" name="test_company_admin_role" time="0.317" /><testcase classname="tests.test_multitenant.TestCompanySignup" name="test_signup_creates_company_and_admin" time="0.369" /><testcase classname="tests.test_multitenant.TestCompanySignup" name="test_signup_duplicate_email" time="0.095" /><testcase classname="tests.test_multitenant.TestServices" name="test_list_services_seed" time="0.096" /><testcase classname="tests.test_multitenant.TestServices" name="test_services_crud_rbac" time="0.281" /><testcase classname="tests.test_multitenant.TestBookings" name="test_trophy_booking_pricing" time="0.143" /><testcase classname="tests.test_multitenant.TestBookings" name="test_crystal_variant_pricing" time="0.194" /><testcase classname="tests.test_multitenant.TestBookings" name="test_list_bookings_scoped" time="3.366" /><testcase classname="tests.test_multitenant.TestBookings" name="test_status_update_rbac" time="0.320" /><testcase classname="tests.test_multitenant.TestBookings" name="test_booking_unauthenticated_forbidden" time="0.188" /><testcase classname="tests.test_multitenant.TestEventTenancy" name="test_company_admin_event_stamped" time="0.208" /><testcase classname="tests.test_multitenant.TestEventTenancy" name="test_company_admin_cannot_edit_other_company_event" time="0.501" /><testcase classname="tests.test_multitenant.TestStats" name="test_global_stats" time="0.095" /><testcase classname="tests.test_multitenant.TestStats" name="test_company_stats_scoped" time="0.050" /><testcase classname="tests.test_multitenant.TestStats" name="test_company_stats_requires_company_admin" time="0.055" /><testcase classname="tests.test_vendor_player_settings.TestPublicEndpoints" name="test_companies_public_no_auth" time="0.096" /><testcase classname="tests.test_vendor_player_settings.TestPublicEndpoints" name="test_settings_get_no_auth" time="0.087" /><testcase classname="tests.test_vendor_player_settings.TestPublicEndpoints" name="test_settings_patch_requires_platform_admin" time="0.428" /><testcase classname="tests.test_vendor_player_settings.TestPublicEndpoints" name="test_settings_patch_as_admin_persists" time="0.489" /><testcase classname="tests.test_vendor_player_settings.TestPlayers" name="test_register_without_email_succeeds" time="0.373" /><testcase classname="tests.test_vendor_player_settings.TestPlayers" name="test_duplicate_mobile_returns_400" time="0.412" /><testcase classname="tests.test_vendor_player_settings.TestPlayers" name="test_player_login_success" time="0.339" /><testcase classname="tests.test_vendor_player_settings.TestPlayers" name="test_player_login_wrong_password" time="0.312" /><testcase classname="tests.test_vendor_player_settings.TestPlayers" name="test_get_my_profile" time="0.053" /><testcase classname="tests.test_vendor_player_settings.TestPlayers" name="test_patch_profile_updates_fields" time="0.047" /><testcase classname="tests.test_vendor_player_settings.TestPlayers" name="test_patch_cannot_change_mobile_view_count_or_user_id" time="0.043" /><testcase classname="tests.test_vendor_player_settings.TestPlayers" name="test_change_company_updates_user_and_profile" time="0.179" /><testcase classname="tests.test_vendor_player_settings.TestPlayers" name="test_profile_list_masks_mobile_for_others" time="0.374" /><testcase classname="tests.test_vendor_player_settings.TestPlayers" name="test_profile_list_search_filter" time="0.045" /><testcase classname="tests.test_vendor_player_settings.TestPlayers" name="test_view_count_increments_for_other_viewer" time="0.174" /><testcase classname="tests.test_vendor_player_settings.TestPlayers" name="test_profiles_list_filter_by_company" time="0.045" /><testcase classname="tests.test_vendor_player_settings.TestVendorsListingsBookings" name="test_vendor_signup_creates_unapproved" time="0.357" /><testcase classname="tests.test_vendor_player_settings.TestVendorsListingsBookings" name="test_public_listings_strip_vendor_id_and_only_approved" time="0.097" /><testcase classname="tests.test_vendor_player_settings.TestVendorsListingsBookings" name="test_public_listings_filters" time="0.107" /><testcase classname="tests.test_vendor_player_settings.TestVendorsListingsBookings" name="test_vendor_create_listing_pending_then_admin_approve" time="0.748" /><testcase classname="tests.test_vendor_player_settings.TestVendorsListingsBookings" name="test_vendor_listing_patch_cannot_self_approve" time="0.211" /><testcase classname="tests.test_vendor_player_settings.TestVendorsListingsBookings" name="test_vendor_listings_owner_only" time="0.639" /><testcase classname="tests.test_vendor_player_settings.TestVendorBookings" name="test_company_admin_books_approved_listing" time="0.376" /><testcase classname="tests.test_vendor_player_settings.TestVendorBookings" name="test_booking_rejected_when_listing_not_approved" time="0.169" /><testcase classname="tests.test_vendor_player_settings.TestVendorBookings" name="test_non_company_admin_cannot_create_booking" time="0.169" /><testcase classname="tests.test_vendor_player_settings.TestAdminVendorApproval" name="test_admin_lists_vendors_filtered" time="0.046" /><testcase classname="tests.test_vendor_player_settings.TestAdminVendorApproval" name="test_non_admin_cannot_list_vendors" time="0.039" /><testcase classname="tests.test_vendor_player_settings.TestAdminVendorApproval" name="test_admin_can_flip_vendor_approval" time="0.141" /></testsuite></testsuites>