<?xml version="1.0" encoding="utf-8"?><testsuites name="pytest tests"><testsuite name="pytest" errors="0" failures="0" skipped="0" tests="16" time="4.964" timestamp="2026-06-13T05:16:21.906724+00:00" hostname="agent-env-b169f24a-ac20-4873-8045-8da1cd775346"><testcase classname="backend.tests.test_multitenant.TestRoles" name="test_platform_admin_role" time="0.536" /><testcase classname="backend.tests.test_multitenant.TestRoles" name="test_company_admin_role" time="0.329" /><testcase classname="backend.tests.test_multitenant.TestCompanySignup" name="test_signup_creates_company_and_admin" time="0.408" /><testcase classname="backend.tests.test_multitenant.TestCompanySignup" name="test_signup_duplicate_email" time="0.121" /><testcase classname="backend.tests.test_multitenant.TestServices" name="test_list_services_seed" time="0.093" /><testcase classname="backend.tests.test_multitenant.TestServices" name="test_services_crud_rbac" time="0.297" /><testcase classname="backend.tests.test_multitenant.TestBookings" name="test_trophy_booking_pricing" time="0.139" /><testcase classname="backend.tests.test_multitenant.TestBookings" name="test_crystal_variant_pricing" time="0.185" /><testcase classname="backend.tests.test_multitenant.TestBookings" name="test_list_bookings_scoped" time="1.225" /><testcase classname="backend.tests.test_multitenant.TestBookings" name="test_status_update_rbac" time="0.323" /><testcase classname="backend.tests.test_multitenant.TestBookings" name="test_booking_unauthenticated_forbidden" time="0.253" /><testcase classname="backend.tests.test_multitenant.TestEventTenancy" name="test_company_admin_event_stamped" time="0.239" /><testcase classname="backend.tests.test_multitenant.TestEventTenancy" name="test_company_admin_cannot_edit_other_company_event" time="0.514" /><testcase classname="backend.tests.test_multitenant.TestStats" name="test_global_stats" time="0.105" /><testcase classname="backend.tests.test_multitenant.TestStats" name="test_company_stats_scoped" time="0.049" /><testcase classname="backend.tests.test_multitenant.TestStats" name="test_company_stats_requires_company_admin" time="0.043" /></testsuite></testsuites>