<?xml version="1.0" encoding="utf-8"?><testsuites name="pytest tests"><testsuite name="pytest" errors="0" failures="0" skipped="0" tests="30" time="87.110" timestamp="2026-07-01T12:12:27.967857+00:00" hostname="agent-env-b169f24a-ac20-4873-8045-8da1cd775346"><testcase classname="backend.tests.test_phase5_business.TestMetaCategories" name="test_returns_full_map" time="0.007" /><testcase classname="backend.tests.test_phase5_business.TestVendorMultiType" name="test_signup_persists_vendor_types" time="18.871" /><testcase classname="backend.tests.test_phase5_business.TestListingDetailedAddress" name="test_address_persisted_on_create" time="9.767" /><testcase classname="backend.tests.test_phase5_business.TestVenueLeads" name="test_hr_can_submit_lead" time="10.097" /><testcase classname="backend.tests.test_phase5_business.TestVenueLeads" name="test_admin_lists_lead" time="0.004" /><testcase classname="backend.tests.test_phase5_business.TestVenueLeads" name="test_admin_patch_status_and_notes" time="0.043" /><testcase classname="backend.tests.test_phase5_business.TestVenueLeads" name="test_admin_patch_invalid_status_rejected" time="0.043" /><testcase classname="backend.tests.test_phase5_business.TestVenueLeads" name="test_player_cannot_submit_lead" time="0.786" /><testcase classname="backend.tests.test_phase5_business.TestOfflineSubscription" name="test_request_pending" time="0.879" /><testcase classname="backend.tests.test_phase5_business.TestOfflineSubscription" name="test_duplicate_pending_rejected" time="0.043" /><testcase classname="backend.tests.test_phase5_business.TestOfflineSubscription" name="test_admin_lists_pending" time="0.003" /><testcase classname="backend.tests.test_phase5_business.TestOfflineSubscription" name="test_admin_activate_flips_vendor_offline_mode" time="0.045" /><testcase classname="backend.tests.test_phase5_business.TestOfflineSubscription" name="test_price_override_via_settings" time="16.256" /><testcase classname="backend.tests.test_phase5_business.TestOfflineSubscription" name="test_reject_fresh_sub" time="17.432" /><testcase classname="backend.tests.test_phase5_business.TestPrivateBookings" name="test_locked_when_offline_mode_false" time="0.268" /><testcase classname="backend.tests.test_phase5_business.TestPrivateBookings" name="test_create_and_list_private_booking" time="10.407" /><testcase classname="backend.tests.test_phase5_business.TestPrivateBookings" name="test_private_blocks_public_availability" time="0.005" /><testcase classname="backend.tests.test_phase5_business.TestPrivateBookings" name="test_delete_private_booking" time="0.088" /><testcase classname="backend.tests.test_phase5_business.TestVendorPIIMask" name="test_vendor_sees_masked_hr_fields" time="0.325" /><testcase classname="backend.tests.test_phase5_business.TestVendorInvoiceSettings" name="test_patch_invoice_settings_persists" time="0.313" /><testcase classname="backend.tests.test_phase5_business.TestVendorInvoiceSettings" name="test_patch_rejects_disallowed_fields" time="0.314" /><testcase classname="backend.tests.test_phase5_business.TestVendorInvoiceSettings" name="test_patch_tax_percent_out_of_range" time="0.311" /><testcase classname="backend.tests.test_phase5_business.TestVendorInvoiceSettings" name="test_patch_requires_vendor_role" time="0.003" /><testcase classname="backend.tests.test_phase5_business.TestVendorCustomersAndInvoices" name="test_create_and_list_customer" time="0.312" /><testcase classname="backend.tests.test_phase5_business.TestVendorCustomersAndInvoices" name="test_kreeda_member_email_not_blocked_from_customer" time="0.045" /><testcase classname="backend.tests.test_phase5_business.TestVendorCustomersAndInvoices" name="test_create_invoice_from_booking" time="0.136" /><testcase classname="backend.tests.test_phase5_business.TestVendorCustomersAndInvoices" name="test_duplicate_invoice_rejected" time="0.045" /><testcase classname="backend.tests.test_phase5_business.TestVendorCustomersAndInvoices" name="test_mark_paid" time="0.045" /><testcase classname="backend.tests.test_phase5_business.TestVendorCustomersAndInvoices" name="test_recurring_weekly_booking_persists_days" time="0.046" /><testcase classname="backend.tests.test_phase5_business.TestAdminVendorOfflineStats" name="test_stats_endpoint" time="0.014" /></testsuite></testsuites>