<?xml version="1.0" encoding="utf-8"?><testsuites name="pytest tests"><testsuite name="pytest" errors="0" failures="0" skipped="0" tests="47" time="13.088" timestamp="2026-06-13T05:16:51.653308+00:00" hostname="agent-env-b169f24a-ac20-4873-8045-8da1cd775346"><testcase classname="backend.tests.backend_test.TestMeta" name="test_root" time="0.164" /><testcase classname="backend.tests.backend_test.TestMeta" name="test_stats" time="0.050" /><testcase classname="backend.tests.backend_test.TestAuth" name="test_login_admin_sets_cookie" time="0.319" /><testcase classname="backend.tests.backend_test.TestAuth" name="test_me_with_cookie" time="0.398" /><testcase classname="backend.tests.backend_test.TestAuth" name="test_login_bad_password" time="0.469" /><testcase classname="backend.tests.backend_test.TestAuth" name="test_me_unauthenticated" time="0.093" /><testcase classname="backend.tests.backend_test.TestAuth" name="test_logout" time="0.402" /><testcase classname="backend.tests.backend_test.TestAuth" name="test_register_viewer" time="0.421" /><testcase classname="backend.tests.backend_test.TestEvents" name="test_list_events" time="0.045" /><testcase classname="backend.tests.backend_test.TestEvents" name="test_get_event" time="0.092" /><testcase classname="backend.tests.backend_test.TestEvents" name="test_get_event_404" time="0.046" /><testcase classname="backend.tests.backend_test.TestEvents" name="test_create_event_requires_admin" time="0.374" /><testcase classname="backend.tests.backend_test.TestEvents" name="test_create_event_unauth" time="0.090" /><testcase classname="backend.tests.backend_test.TestEvents" name="test_admin_event_full_crud" time="0.249" /><testcase classname="backend.tests.backend_test.TestTeams" name="test_list_teams" time="0.046" /><testcase classname="backend.tests.backend_test.TestTeams" name="test_list_teams_filter" time="0.091" /><testcase classname="backend.tests.backend_test.TestTeams" name="test_create_team_public" time="0.210" /><testcase classname="backend.tests.backend_test.TestTeams" name="test_team_update_requires_admin" time="0.149" /><testcase classname="backend.tests.backend_test.TestTeams" name="test_admin_team_update_delete" time="0.192" /><testcase classname="backend.tests.backend_test.TestPlayers" name="test_list_players" time="0.046" /><testcase classname="backend.tests.backend_test.TestPlayers" name="test_create_get_player" time="0.389" /><testcase classname="backend.tests.backend_test.TestPlayers" name="test_player_patch_requires_admin" time="0.244" /><testcase classname="backend.tests.backend_test.TestFixtures" name="test_existing_football_fixtures_sorted" time="0.090" /><testcase classname="backend.tests.backend_test.TestFixtures" name="test_generate_round_robin" time="0.815" /><testcase classname="backend.tests.backend_test.TestFixtures" name="test_generate_knockout_and_propagate" time="1.020" /><testcase classname="backend.tests.backend_test.TestFixtures" name="test_generate_fixtures_requires_admin" time="0.102" /><testcase classname="backend.tests.backend_test.TestFixtures" name="test_generate_needs_2_teams" time="0.160" /><testcase classname="backend.tests.backend_test.TestStandings" name="test_standings_football" time="0.140" /><testcase classname="backend.tests.backend_test.TestSponsors" name="test_list_sponsors" time="0.050" /><testcase classname="backend.tests.backend_test.TestSponsors" name="test_sponsor_admin_only" time="0.057" /><testcase classname="backend.tests.backend_test.TestSponsors" name="test_sponsor_crud" time="0.149" /><testcase classname="backend.tests.test_multitenant.TestRoles" name="test_platform_admin_role" time="0.330" /><testcase classname="backend.tests.test_multitenant.TestRoles" name="test_company_admin_role" time="0.318" /><testcase classname="backend.tests.test_multitenant.TestCompanySignup" name="test_signup_creates_company_and_admin" time="0.375" /><testcase classname="backend.tests.test_multitenant.TestCompanySignup" name="test_signup_duplicate_email" time="0.116" /><testcase classname="backend.tests.test_multitenant.TestServices" name="test_list_services_seed" time="0.095" /><testcase classname="backend.tests.test_multitenant.TestServices" name="test_services_crud_rbac" time="0.323" /><testcase classname="backend.tests.test_multitenant.TestBookings" name="test_trophy_booking_pricing" time="0.140" /><testcase classname="backend.tests.test_multitenant.TestBookings" name="test_crystal_variant_pricing" time="0.202" /><testcase classname="backend.tests.test_multitenant.TestBookings" name="test_list_bookings_scoped" time="1.433" /><testcase classname="backend.tests.test_multitenant.TestBookings" name="test_status_update_rbac" time="0.319" /><testcase classname="backend.tests.test_multitenant.TestBookings" name="test_booking_unauthenticated_forbidden" time="0.185" /><testcase classname="backend.tests.test_multitenant.TestEventTenancy" name="test_company_admin_event_stamped" time="0.180" /><testcase classname="backend.tests.test_multitenant.TestEventTenancy" name="test_company_admin_cannot_edit_other_company_event" time="0.540" /><testcase classname="backend.tests.test_multitenant.TestStats" name="test_global_stats" time="1.148" /><testcase classname="backend.tests.test_multitenant.TestStats" name="test_company_stats_scoped" time="0.050" /><testcase classname="backend.tests.test_multitenant.TestStats" name="test_company_stats_requires_company_admin" time="0.046" /></testsuite></testsuites>