<?xml version="1.0" encoding="utf-8"?><testsuites name="pytest tests"><testsuite name="pytest" errors="0" failures="0" skipped="0" tests="31" time="7.410" timestamp="2026-06-12T09:51:40.976566+00:00" hostname="agent-env-b169f24a-ac20-4873-8045-8da1cd775346"><testcase classname="backend.tests.backend_test.TestMeta" name="test_root" time="0.308" /><testcase classname="backend.tests.backend_test.TestMeta" name="test_stats" time="0.048" /><testcase classname="backend.tests.backend_test.TestAuth" name="test_login_admin_sets_cookie" time="0.353" /><testcase classname="backend.tests.backend_test.TestAuth" name="test_me_with_cookie" time="0.392" /><testcase classname="backend.tests.backend_test.TestAuth" name="test_login_bad_password" time="0.311" /><testcase classname="backend.tests.backend_test.TestAuth" name="test_me_unauthenticated" time="0.095" /><testcase classname="backend.tests.backend_test.TestAuth" name="test_logout" time="0.443" /><testcase classname="backend.tests.backend_test.TestAuth" name="test_register_viewer" time="0.450" /><testcase classname="backend.tests.backend_test.TestEvents" name="test_list_events" time="0.047" /><testcase classname="backend.tests.backend_test.TestEvents" name="test_get_event" time="0.091" /><testcase classname="backend.tests.backend_test.TestEvents" name="test_get_event_404" time="0.046" /><testcase classname="backend.tests.backend_test.TestEvents" name="test_create_event_requires_admin" time="0.392" /><testcase classname="backend.tests.backend_test.TestEvents" name="test_create_event_unauth" time="0.117" /><testcase classname="backend.tests.backend_test.TestEvents" name="test_admin_event_full_crud" time="0.264" /><testcase classname="backend.tests.backend_test.TestTeams" name="test_list_teams" time="0.043" /><testcase classname="backend.tests.backend_test.TestTeams" name="test_list_teams_filter" time="0.088" /><testcase classname="backend.tests.backend_test.TestTeams" name="test_create_team_public" time="0.181" /><testcase classname="backend.tests.backend_test.TestTeams" name="test_team_update_requires_admin" time="0.139" /><testcase classname="backend.tests.backend_test.TestTeams" name="test_admin_team_update_delete" time="0.219" /><testcase classname="backend.tests.backend_test.TestPlayers" name="test_list_players" time="0.043" /><testcase classname="backend.tests.backend_test.TestPlayers" name="test_create_get_player" time="0.407" /><testcase classname="backend.tests.backend_test.TestPlayers" name="test_player_patch_requires_admin" time="0.242" /><testcase classname="backend.tests.backend_test.TestFixtures" name="test_existing_football_fixtures_sorted" time="0.089" /><testcase classname="backend.tests.backend_test.TestFixtures" name="test_generate_round_robin" time="0.810" /><testcase classname="backend.tests.backend_test.TestFixtures" name="test_generate_knockout_and_propagate" time="1.035" /><testcase classname="backend.tests.backend_test.TestFixtures" name="test_generate_fixtures_requires_admin" time="0.090" /><testcase classname="backend.tests.backend_test.TestFixtures" name="test_generate_needs_2_teams" time="0.129" /><testcase classname="backend.tests.backend_test.TestStandings" name="test_standings_football" time="0.133" /><testcase classname="backend.tests.backend_test.TestSponsors" name="test_list_sponsors" time="0.045" /><testcase classname="backend.tests.backend_test.TestSponsors" name="test_sponsor_admin_only" time="0.042" /><testcase classname="backend.tests.backend_test.TestSponsors" name="test_sponsor_crud" time="0.129" /></testsuite></testsuites>